2024-01-03 16:50:54,635 [INFO] Activator:176 - 


2024-01-03 16:50:54,639 [INFO] Activator:177 - !SESSION log4j initialized
2024-01-03 16:51:00,214 [INFO] LogOutputStream:77 - [STDOUT_REDIRECT] 
2024-01-03 16:51:10,600 [INFO] ApplicationProperties:184 - Using Application install path: C:\Users\nathf\STM32CubeIDE_1.13.2\STM32CubeIDE\plugins\com.st.stm32cube.common.mx_6.10.0.202311202037
2024-01-03 16:51:10,666 [INFO] DbMcusXml:78 - Set database path to: C:\Users\nathf\STM32CubeIDE_1.13.2\STM32CubeIDE\plugins\com.st.stm32cube.common.mx_6.10.0.202311202037\\db\/mcu/
2024-01-03 16:51:10,667 [INFO] ApiDb:274 - Set plugin database path to: C:\Users\nathf\STM32CubeIDE_1.13.2\STM32CubeIDE\plugins\com.st.stm32cube.common.mx_6.10.0.202311202037\\db\/plugins/boardmanager/
2024-01-03 16:51:10,672 [WARN] ApiDb:259 - Overriding images path with different value:  => C:\Users\nathf\STM32CubeIDE_1.13.2\STM32CubeIDE\plugins\com.st.stm32cube.common.mx_6.10.0.202311202037\\db\/plugins/mcufinder/images/
2024-01-03 16:51:10,708 [INFO] ApiDb:250 - Set database path to: C:\Users\nathf\.stmcufinder\plugins\mcufinder//mcu/
2024-01-03 16:51:10,712 [INFO] DbMcusAds:125 - Set database path to: C:\Users\nathf\.stmcufinder\plugins\mcufinder//mcu/
2024-01-03 16:51:10,719 [INFO] CrossReferenceDbSqlite:203 - Set database path to: C:\Users\nathf\.stmcufinder\plugins\mcufinder//mcu/cs/
2024-01-03 16:51:11,328 [INFO] RulesReader:64 - Compatibility file has been processed (297 Rules)
2024-01-03 16:51:11,630 [INFO] DbMcusXml:78 - Set database path to: C:\Users\nathf\STM32CubeIDE_1.13.2\STM32CubeIDE\plugins\com.st.stm32cube.common.mx_6.10.0.202311202037\\db\/mcu/
2024-01-03 16:51:11,631 [INFO] ApiDb:274 - Set plugin database path to: C:\Users\nathf\STM32CubeIDE_1.13.2\STM32CubeIDE\plugins\com.st.stm32cube.common.mx_6.10.0.202311202037\\db\/plugins/boardmanager/
2024-01-03 16:51:11,631 [INFO] ApiDb:261 - Set plugin images path to: C:\Users\nathf\STM32CubeIDE_1.13.2\STM32CubeIDE\plugins\com.st.stm32cube.common.mx_6.10.0.202311202037\\db\/plugins/mcufinder/images/
2024-01-03 16:51:11,632 [WARN] DbFile:41 - Overriding database path with different value: C:\Users\nathf\.stmcufinder\plugins\mcufinder/ => C:\Users\nathf\.stmcufinder\plugins\mcufinder
2024-01-03 16:51:11,632 [INFO] ApiDb:250 - Set database path to: C:\Users\nathf\.stmcufinder\plugins\mcufinder//mcu/
2024-01-03 16:51:11,633 [WARN] DbFile:41 - Overriding database path with different value: C:\Users\nathf\.stmcufinder\plugins\mcufinder/ => C:\Users\nathf\.stmcufinder\plugins\mcufinder
2024-01-03 16:51:11,633 [INFO] DbMcusAds:125 - Set database path to: C:\Users\nathf\.stmcufinder\plugins\mcufinder//mcu/
2024-01-03 16:51:11,633 [WARN] DbFile:41 - Overriding database path with different value: C:\Users\nathf\.stmcufinder\plugins\mcufinder/ => C:\Users\nathf\.stmcufinder\plugins\mcufinder
2024-01-03 16:51:11,634 [WARN] DbFile:41 - Overriding database path with different value: C:\Users\nathf\.stmcufinder\plugins\mcufinder/ => C:\Users\nathf\.stmcufinder\plugins\mcufinder
2024-01-03 16:51:11,663 [INFO] CrossReferenceDbSqlite:203 - Set database path to: C:\Users\nathf\.stmcufinder\plugins\mcufinder//mcu/cs/
2024-01-03 16:51:11,955 [INFO] MainPanel:264 - HeapMemory: 268435456
2024-01-03 16:51:12,193 [INFO] DbMcusXml:78 - Set database path to: C:\Users\nathf\STM32CubeIDE_1.13.2\STM32CubeIDE\plugins\com.st.stm32cube.common.mx_6.10.0.202311202037\\db\/mcu/
2024-01-03 16:51:12,193 [INFO] ApiDb:274 - Set plugin database path to: C:\Users\nathf\STM32CubeIDE_1.13.2\STM32CubeIDE\plugins\com.st.stm32cube.common.mx_6.10.0.202311202037\\db\/plugins/boardmanager/
2024-01-03 16:51:12,193 [INFO] ApiDb:261 - Set plugin images path to: C:\Users\nathf\STM32CubeIDE_1.13.2\STM32CubeIDE\plugins\com.st.stm32cube.common.mx_6.10.0.202311202037\\db\/plugins/mcufinder/images/
2024-01-03 16:51:12,194 [WARN] DbFile:41 - Overriding database path with different value: C:\Users\nathf\.stmcufinder\plugins\mcufinder/ => C:\Users\nathf\.stmcufinder\plugins\mcufinder
2024-01-03 16:51:12,194 [INFO] ApiDb:250 - Set database path to: C:\Users\nathf\.stmcufinder\plugins\mcufinder//mcu/
2024-01-03 16:51:12,194 [WARN] DbFile:41 - Overriding database path with different value: C:\Users\nathf\.stmcufinder\plugins\mcufinder/ => C:\Users\nathf\.stmcufinder\plugins\mcufinder
2024-01-03 16:51:12,194 [INFO] DbMcusAds:125 - Set database path to: C:\Users\nathf\.stmcufinder\plugins\mcufinder//mcu/
2024-01-03 16:51:12,195 [WARN] DbFile:41 - Overriding database path with different value: C:\Users\nathf\.stmcufinder\plugins\mcufinder/ => C:\Users\nathf\.stmcufinder\plugins\mcufinder
2024-01-03 16:51:12,195 [WARN] DbFile:41 - Overriding database path with different value: C:\Users\nathf\.stmcufinder\plugins\mcufinder/ => C:\Users\nathf\.stmcufinder\plugins\mcufinder
2024-01-03 16:51:12,195 [INFO] CrossReferenceDbSqlite:203 - Set database path to: C:\Users\nathf\.stmcufinder\plugins\mcufinder//mcu/cs/
2024-01-03 16:51:12,229 [INFO] ApplicationProperties:184 - Using Application install path: C:\Users\nathf\STM32CubeIDE_1.13.2\STM32CubeIDE\plugins\com.st.stm32cube.common.mx_6.10.0.202311202037
2024-01-03 16:51:12,231 [INFO] PluginManage:196 - Search for loadable plugins [exclusion list=, ]
2024-01-03 16:51:12,234 [INFO] PluginManage:310 - Check plugin analytics
2024-01-03 16:51:12,661 [INFO] AnalyticsPlugin:253 - Accepted Software Licenses: STM32CubeMX.6.10.0
2024-01-03 16:51:12,662 [INFO] AnalyticsPlugin:255 - Accepted CMSIS Pack Licenses: 
2024-01-03 16:51:12,663 [INFO] AnalyticsPlugin:257 - Accepted Firmware Licenses: FW.F4.1.27.0
2024-01-03 16:51:12,668 [INFO] PluginManage:359 - Loaded plugin analytics (category:tool,tabindex:-1)
2024-01-03 16:51:12,669 [INFO] PluginManage:310 - Check plugin cadmodel
2024-01-03 16:51:12,697 [INFO] CADModel:105 - Init CAD model plugin
2024-01-03 16:51:12,697 [INFO] PluginManage:359 - Loaded plugin cadmodel (category:power,tabindex:5)
2024-01-03 16:51:12,697 [INFO] PluginManage:310 - Check plugin clock
2024-01-03 16:51:12,742 [INFO] PluginManage:359 - Loaded plugin clock (category:base,tabindex:2)
2024-01-03 16:51:12,742 [INFO] PluginManage:310 - Check plugin ddr
2024-01-03 16:51:12,748 [INFO] PluginManage:359 - Loaded plugin ddr (category:tool,tabindex:6)
2024-01-03 16:51:12,749 [INFO] PluginManage:310 - Check plugin filemanager
2024-01-03 16:51:13,083 [INFO] PluginManage:359 - Loaded plugin filemanager (category:base,tabindex:10)
2024-01-03 16:51:13,084 [INFO] PluginManage:310 - Check plugin ipmanager
2024-01-03 16:51:13,096 [INFO] PluginManage:359 - Loaded plugin ipmanager (category:base,tabindex:5)
2024-01-03 16:51:13,097 [INFO] PluginManage:310 - Check plugin lpbam
2024-01-03 16:51:13,128 [INFO] PluginManage:359 - Loaded plugin lpbam (category:base,tabindex:0)
2024-01-03 16:51:13,129 [INFO] PluginManage:310 - Check plugin memorymap
2024-01-03 16:51:13,179 [INFO] PluginManage:359 - Loaded plugin memorymap (category:base,tabindex:4)
2024-01-03 16:51:13,179 [INFO] PluginManage:310 - Check plugin pinoutandconfiguration
2024-01-03 16:51:13,209 [INFO] PluginManage:359 - Loaded plugin pinoutandconfiguration (category:base,tabindex:1)
2024-01-03 16:51:13,209 [INFO] PluginManage:310 - Check plugin pinoutconfig
2024-01-03 16:51:13,402 [WARN] SupportedApi:132 - Cannot load RTOS API schema: s4s-elt-must-match.1: The content of 'definitions' must match (annotation?, (simpleType | complexType)?, (unique | key | keyref)*)). A problem was found starting at: attribute.
2024-01-03 16:51:13,974 [INFO] PluginManage:359 - Loaded plugin pinoutconfig (category:base,tabindex:0)
2024-01-03 16:51:13,974 [INFO] PluginManage:310 - Check plugin power
2024-01-03 16:51:14,074 [INFO] PluginManage:359 - Loaded plugin power (category:power,tabindex:4)
2024-01-03 16:51:14,074 [INFO] PluginManage:310 - Check plugin projectmanager
2024-01-03 16:51:14,135 [INFO] PluginManage:359 - Loaded plugin projectmanager (category:projectmanager,tabindex:3)
2024-01-03 16:51:14,135 [INFO] PluginManage:310 - Check plugin thirdparty
2024-01-03 16:51:14,824 [WARN] IntegrityCheckThread:84 - waiting for thirdparty lock release [integrity check]
2024-01-03 16:51:14,825 [INFO] IntegrityCheckThread:86 - entering critical section [integrity check]
2024-01-03 16:51:14,826 [INFO] PluginManage:359 - Loaded plugin thirdparty (category:base,tabindex:-1)
2024-01-03 16:51:14,826 [INFO] PluginManage:310 - Check plugin tools
2024-01-03 16:51:14,826 [INFO] ThirdPartyUpdaterWithRetryManager:70 - Updater plugin not ready yet. [1/15]
2024-01-03 16:51:14,936 [INFO] PluginManage:359 - Loaded plugin tools (category:base,tabindex:7)
2024-01-03 16:51:14,937 [INFO] PluginManage:310 - Check plugin tutovideos
2024-01-03 16:51:15,720 [INFO] PluginManage:359 - Loaded plugin tutovideos (category:base,tabindex:-1)
2024-01-03 16:51:15,721 [INFO] PluginManage:310 - Check plugin updater
2024-01-03 16:51:15,754 [INFO] PluginManage:359 - Loaded plugin updater (category:base,tabindex:12)
2024-01-03 16:51:15,755 [INFO] PluginManage:310 - Check plugin userauth
2024-01-03 16:51:15,771 [INFO] UserAuth:114 - Init User Auth plugin
2024-01-03 16:51:15,771 [INFO] PluginManage:359 - Loaded plugin userauth (category:base,tabindex:14)
2024-01-03 16:51:15,774 [INFO] PluginManage:283 - PluginManage : Loaded plugins [17]
2024-01-03 16:51:16,536 [INFO] PinOutPanel:1499 - setPackage(No Configuration,No Configuration)
2024-01-03 16:51:16,719 [INFO] CADModel:165 - CPN selected for project level
2024-01-03 16:51:16,720 [INFO] CADModel:114 - Register for checkConnection events
2024-01-03 16:51:16,763 [INFO] IPUIPlugin:80 - create IPUIPlugin
2024-01-03 16:51:16,764 [INFO] PluginManager:220 - loadIPPluginJar : add adc
2024-01-03 16:51:16,820 [INFO] IPUIPlugin:80 - create IPUIPlugin
2024-01-03 16:51:16,820 [INFO] PluginManager:220 - loadIPPluginJar : add aes
2024-01-03 16:51:16,889 [INFO] IPUIPlugin:80 - create IPUIPlugin
2024-01-03 16:51:16,889 [INFO] PluginManager:220 - loadIPPluginJar : add can
2024-01-03 16:51:16,894 [INFO] IPUIPlugin:80 - create IPUIPlugin
2024-01-03 16:51:16,895 [INFO] PluginManager:220 - loadIPPluginJar : add comp
2024-01-03 16:51:16,951 [INFO] IPUIPlugin:80 - create IPUIPlugin
2024-01-03 16:51:16,951 [INFO] PluginManager:220 - loadIPPluginJar : add cryp
2024-01-03 16:51:16,956 [INFO] IPUIPlugin:80 - create IPUIPlugin
2024-01-03 16:51:16,957 [INFO] PluginManager:220 - loadIPPluginJar : add dfsdm
2024-01-03 16:51:16,983 [INFO] IPUIPlugin:80 - create IPUIPlugin
2024-01-03 16:51:16,985 [INFO] PluginManager:220 - loadIPPluginJar : add dma
2024-01-03 16:51:17,064 [INFO] IPUIPlugin:80 - create IPUIPlugin
2024-01-03 16:51:17,064 [INFO] PluginManager:220 - loadIPPluginJar : add dma3
2024-01-03 16:51:17,099 [INFO] IPUIPlugin:80 - create IPUIPlugin
2024-01-03 16:51:17,100 [INFO] PluginManager:220 - loadIPPluginJar : add fatfs
2024-01-03 16:51:17,184 [INFO] IPUIPlugin:80 - create IPUIPlugin
2024-01-03 16:51:17,184 [INFO] PluginManager:220 - loadIPPluginJar : add fmc
2024-01-03 16:51:17,216 [INFO] IPUIPlugin:80 - create IPUIPlugin
2024-01-03 16:51:17,216 [INFO] PluginManager:220 - loadIPPluginJar : add freertos
2024-01-03 16:51:17,221 [INFO] IPUIPlugin:80 - create IPUIPlugin
2024-01-03 16:51:17,221 [INFO] PluginManager:220 - loadIPPluginJar : add genericplugin
2024-01-03 16:51:17,416 [INFO] IPUIPlugin:80 - create IPUIPlugin
2024-01-03 16:51:17,417 [INFO] PluginManager:220 - loadIPPluginJar : add gfxmmu
2024-01-03 16:51:17,705 [INFO] IPUIPlugin:80 - create IPUIPlugin
2024-01-03 16:51:17,707 [INFO] PluginManager:220 - loadIPPluginJar : add gic
2024-01-03 16:51:17,728 [INFO] IPUIPlugin:80 - create IPUIPlugin
2024-01-03 16:51:17,729 [INFO] PluginManager:220 - loadIPPluginJar : add gpio
2024-01-03 16:51:17,829 [INFO] ThirdPartyUpdaterWithRetryManager:70 - Updater plugin not ready yet. [2/15]
2024-01-03 16:51:17,920 [INFO] IPUIPlugin:80 - create IPUIPlugin
2024-01-03 16:51:17,920 [INFO] PluginManager:220 - loadIPPluginJar : add gtzc
2024-01-03 16:51:17,925 [INFO] IPUIPlugin:80 - create IPUIPlugin
2024-01-03 16:51:17,926 [INFO] PluginManager:220 - loadIPPluginJar : add hash
2024-01-03 16:51:18,029 [INFO] IPUIPlugin:80 - create IPUIPlugin
2024-01-03 16:51:18,029 [INFO] PluginManager:220 - loadIPPluginJar : add i2c
2024-01-03 16:51:18,104 [INFO] IPUIPlugin:80 - create IPUIPlugin
2024-01-03 16:51:18,104 [INFO] PluginManager:220 - loadIPPluginJar : add i2s
2024-01-03 16:51:18,212 [INFO] IPUIPlugin:80 - create IPUIPlugin
2024-01-03 16:51:18,212 [INFO] PluginManager:220 - loadIPPluginJar : add i3c
2024-01-03 16:51:18,546 [INFO] IPUIPlugin:80 - create IPUIPlugin
2024-01-03 16:51:18,546 [INFO] PluginManager:220 - loadIPPluginJar : add ipddr
2024-01-03 16:51:18,804 [INFO] IPUIPlugin:80 - create IPUIPlugin
2024-01-03 16:51:18,804 [INFO] PluginManager:220 - loadIPPluginJar : add linkedlist
2024-01-03 16:51:18,945 [INFO] IPUIPlugin:80 - create IPUIPlugin
2024-01-03 16:51:18,946 [INFO] PluginManager:220 - loadIPPluginJar : add lorawan
2024-01-03 16:51:19,067 [INFO] IPUIPlugin:80 - create IPUIPlugin
2024-01-03 16:51:19,067 [INFO] PluginManager:220 - loadIPPluginJar : add ltdc
2024-01-03 16:51:19,116 [INFO] IPUIPlugin:80 - create IPUIPlugin
2024-01-03 16:51:19,117 [INFO] PluginManager:220 - loadIPPluginJar : add mdma
2024-01-03 16:51:19,153 [INFO] IPUIPlugin:80 - create IPUIPlugin
2024-01-03 16:51:19,154 [INFO] PluginManager:220 - loadIPPluginJar : add nvic
2024-01-03 16:51:19,321 [INFO] IPUIPlugin:80 - create IPUIPlugin
2024-01-03 16:51:19,322 [INFO] PluginManager:220 - loadIPPluginJar : add opamp
2024-01-03 16:51:19,536 [INFO] IPUIPlugin:80 - create IPUIPlugin
2024-01-03 16:51:19,536 [INFO] PluginManager:220 - loadIPPluginJar : add openamp
2024-01-03 16:51:19,677 [INFO] IPUIPlugin:80 - create IPUIPlugin
2024-01-03 16:51:19,678 [INFO] PluginManager:220 - loadIPPluginJar : add pdm2pcm
2024-01-03 16:51:19,721 [INFO] IPUIPlugin:80 - create IPUIPlugin
2024-01-03 16:51:19,728 [INFO] PluginManager:220 - loadIPPluginJar : add plateformsettings
2024-01-03 16:51:19,736 [INFO] IPUIPlugin:80 - create IPUIPlugin
2024-01-03 16:51:19,736 [INFO] PluginManager:220 - loadIPPluginJar : add quadspi
2024-01-03 16:51:19,776 [INFO] IPUIPlugin:80 - create IPUIPlugin
2024-01-03 16:51:19,776 [INFO] PluginManager:220 - loadIPPluginJar : add resmgrutility
2024-01-03 16:51:19,946 [INFO] IPUIPlugin:80 - create IPUIPlugin
2024-01-03 16:51:19,946 [INFO] PluginManager:220 - loadIPPluginJar : add sai
2024-01-03 16:51:20,077 [INFO] IPUIPlugin:80 - create IPUIPlugin
2024-01-03 16:51:20,078 [INFO] PluginManager:220 - loadIPPluginJar : add spi
2024-01-03 16:51:20,480 [INFO] IPUIPlugin:80 - create IPUIPlugin
2024-01-03 16:51:20,480 [INFO] PluginManager:220 - loadIPPluginJar : add stm32_wpan
2024-01-03 16:51:20,488 [INFO] IPUIPlugin:80 - create IPUIPlugin
2024-01-03 16:51:20,488 [INFO] PluginManager:220 - loadIPPluginJar : add tim
2024-01-03 16:51:20,671 [INFO] IPUIPlugin:80 - create IPUIPlugin
2024-01-03 16:51:20,671 [INFO] PluginManager:220 - loadIPPluginJar : add touchsensing
2024-01-03 16:51:20,684 [INFO] IPUIPlugin:80 - create IPUIPlugin
2024-01-03 16:51:20,684 [INFO] PluginManager:220 - loadIPPluginJar : add tracer_emb
2024-01-03 16:51:20,748 [INFO] IPUIPlugin:80 - create IPUIPlugin
2024-01-03 16:51:20,749 [INFO] PluginManager:220 - loadIPPluginJar : add ts
2024-01-03 16:51:20,808 [INFO] IPUIPlugin:80 - create IPUIPlugin
2024-01-03 16:51:20,808 [INFO] PluginManager:220 - loadIPPluginJar : add tsc
2024-01-03 16:51:20,814 [INFO] IPUIPlugin:80 - create IPUIPlugin
2024-01-03 16:51:20,814 [INFO] PluginManager:220 - loadIPPluginJar : add ucpd
2024-01-03 16:51:20,831 [INFO] ThirdPartyUpdaterWithRetryManager:70 - Updater plugin not ready yet. [3/15]
2024-01-03 16:51:20,936 [INFO] IPUIPlugin:80 - create IPUIPlugin
2024-01-03 16:51:20,936 [INFO] PluginManager:220 - loadIPPluginJar : add usart
2024-01-03 16:51:21,053 [INFO] IPUIPlugin:80 - create IPUIPlugin
2024-01-03 16:51:21,053 [INFO] PluginManager:220 - loadIPPluginJar : add usbx
2024-01-03 16:51:21,339 [INFO] CADModel:165 - CPN selected for project level
2024-01-03 16:51:21,340 [INFO] CADModel:114 - Register for checkConnection events
2024-01-03 16:51:21,340 [FATAL] Updater:308 - Updater called before beeing initialized
2024-01-03 16:51:21,341 [ERROR] CADModel:125 - Updater not yet initialized, retry later 
2024-01-03 16:51:21,852 [INFO] CADModel:165 - CPN selected for project level
2024-01-03 16:51:21,852 [INFO] CADModel:114 - Register for checkConnection events
2024-01-03 16:51:21,853 [FATAL] Updater:308 - Updater called before beeing initialized
2024-01-03 16:51:21,853 [ERROR] CADModel:125 - Updater not yet initialized, retry later 
2024-01-03 16:51:21,860 [FATAL] Updater:308 - Updater called before beeing initialized
2024-01-03 16:51:22,217 [FATAL] Updater:308 - Updater called before beeing initialized
2024-01-03 16:51:22,239 [INFO] DbMcusAds:53 - JSON generation date=Wed Nov 29 05:52:27 EST 2023 (1701255147349)
2024-01-03 16:51:22,239 [FATAL] Updater:308 - Updater called before beeing initialized
2024-01-03 16:51:22,377 [WARN] DetailPanel:346 - Failed to get advertising image, set to default
2024-01-03 16:51:22,802 [FATAL] Updater:308 - Updater called before beeing initialized
2024-01-03 16:51:22,809 [FATAL] Updater:308 - Updater called before beeing initialized
2024-01-03 16:51:22,810 [FATAL] Updater:308 - Updater called before beeing initialized
2024-01-03 16:51:22,810 [WARN] DetailPanel:346 - Failed to get advertising image, set to default
2024-01-03 16:51:22,815 [FATAL] Updater:308 - Updater called before beeing initialized
2024-01-03 16:51:23,068 [ERROR] Updater:1120 - MainUpdater not yet initialized. External WinMGr cannot be set.
2024-01-03 16:51:23,115 [INFO] Updater:1056 - Updater Version found : 6.10.0
2024-01-03 16:51:23,176 [INFO] ApplicationProperties:184 - Using Application install path: C:\Users\nathf\STM32CubeIDE_1.13.2\STM32CubeIDE\plugins\com.st.stm32cube.common.mx_6.10.0.202311202037
2024-01-03 16:51:23,832 [INFO] ThirdPartyUpdaterWithRetryManager:70 - Updater plugin not ready yet. [4/15]
2024-01-03 16:51:24,791 [ERROR] LogOutputStream:75 - [STDERR_REDIRECT] Jan 03, 2024 4:51:24 PM java.util.prefs.WindowsPreferences <init>
2024-01-03 16:51:24,797 [ERROR] LogOutputStream:75 - [STDERR_REDIRECT] WARNING: Could not open/create prefs root node Software\JavaSoft\Prefs at root 0xffffffff80000002. Windows RegCreateKeyEx(...) returned error code 5.
2024-01-03 16:51:24,798 [ERROR] LogOutputStream:75 - [STDERR_REDIRECT] 
2024-01-03 16:51:25,318 [INFO] MainUpdater:2873 - connection check result : 10
2024-01-03 16:51:25,319 [INFO] MainUpdater:290 - Updater Check For Update Now.
2024-01-03 16:51:25,320 [INFO] MicroXplorer:498 - Change Database Version : DB.6.0.100
2024-01-03 16:51:25,344 [INFO] McuFinderGlobals:63 - Set McuFinder mode to 2 (CubeIDE integrated)
2024-01-03 16:51:25,344 [INFO] UserAuth:180 - activating auth plugin
2024-01-03 16:51:25,349 [INFO] UserAuth:404 - Internet connection configuration mode: 1
2024-01-03 16:51:25,401 [INFO] JxBrowserEngine:152 - Initiate JxBrowser Engine with user profile folder
2024-01-03 16:51:25,567 [INFO] CheckServerUpdateThread:120 - End of CheckServer Thread
2024-01-03 16:51:27,197 [WARN] PackLoader:240 - Cannot read IP mode file for STMicroelectronics.X-CUBE-SMBUS.2.1.0
2024-01-03 16:51:27,216 [WARN] PackLoader:240 - Cannot read IP mode file for STMicroelectronics.X-CUBE-TOUCHGFX.4.23.0
2024-01-03 16:51:27,264 [WARN] PackLoader:240 - Cannot read IP mode file for STMicroelectronics.X-CUBE-AZRTOS-F7.1.1.0
2024-01-03 16:51:27,282 [WARN] PackLoader:240 - Cannot read IP mode file for STMicroelectronics.FP-SNS-MOTENV1.4.3.2
2024-01-03 16:51:27,290 [WARN] PackLoader:240 - Cannot read IP mode file for STMicroelectronics.FP-SNS-FLIGHT1.5.0.2
2024-01-03 16:51:27,300 [WARN] PackLoader:240 - Cannot read IP mode file for STMicroelectronics.X-CUBE-DISPLAY.3.0.0
2024-01-03 16:51:27,313 [WARN] PackLoader:240 - Cannot read IP mode file for STMicroelectronics.X-CUBE-BLE1.7.0.0
2024-01-03 16:51:27,319 [WARN] PackLoader:240 - Cannot read IP mode file for emotas.I-CUBE-CANOPEN.1.3.0
2024-01-03 16:51:27,324 [WARN] PackLoader:240 - Cannot read IP mode file for STMicroelectronics.X-CUBE-TOUCHGFX.4.22.1
2024-01-03 16:51:27,330 [WARN] PackLoader:240 - Cannot read IP mode file for STMicroelectronics.FP-SNS-SMARTAG2.1.2.0
2024-01-03 16:51:27,351 [INFO] LogOutputStream:77 - [STDOUT_REDIRECT] 1 : Invalid condition id : UX_CORESTACK_Condition cause : null
2024-01-03 16:51:27,352 [INFO] LogOutputStream:77 - [STDOUT_REDIRECT] 1 : Invalid condition id : UX_CORESTACK_Condition cause : null
2024-01-03 16:51:27,354 [INFO] LogOutputStream:77 - [STDOUT_REDIRECT] 1 : Invalid condition id : UX_CORESTACK_Condition cause : null
2024-01-03 16:51:27,357 [INFO] LogOutputStream:77 - [STDOUT_REDIRECT] 1 : Invalid condition id : UX_CORESTACK_Condition cause : null
2024-01-03 16:51:27,359 [INFO] LogOutputStream:77 - [STDOUT_REDIRECT] 1 : Invalid condition id : UX_CORESTACK_Condition cause : null
2024-01-03 16:51:27,366 [WARN] PackLoader:240 - Cannot read IP mode file for STMicroelectronics.X-CUBE-AZRTOS-WL.2.0.0
2024-01-03 16:51:27,383 [WARN] PackLoader:240 - Cannot read IP mode file for WES.I-CUBE-Cesium.1.3.0
2024-01-03 16:51:27,390 [WARN] PackLoader:240 - Cannot read IP mode file for STMicroelectronics.X-CUBE-BLE2.3.3.0
2024-01-03 16:51:27,400 [WARN] PackLoader:240 - Cannot read IP mode file for STMicroelectronics.X-CUBE-ALGOBUILD.1.3.0
2024-01-03 16:51:27,432 [WARN] PackLoader:240 - Cannot read IP mode file for STMicroelectronics.X-CUBE-AZRTOS-G0.1.1.0
2024-01-03 16:51:27,443 [WARN] PackLoader:240 - Cannot read IP mode file for STMicroelectronics.X-CUBE-NFC4.3.0.0
2024-01-03 16:51:27,458 [WARN] PackLoader:240 - Cannot read IP mode file for STMicroelectronics.X-CUBE-BLEMGR.3.0.0
2024-01-03 16:51:27,466 [WARN] PackLoader:240 - Cannot read IP mode file for STMicroelectronics.FP-ATR-SIGFOX1.3.2.0
2024-01-03 16:51:27,474 [WARN] PackLoader:240 - Cannot read IP mode file for STMicroelectronics.X-CUBE-GNSS1.6.0.0
2024-01-03 16:51:27,502 [WARN] PackLoader:240 - Cannot read IP mode file for STMicroelectronics.X-CUBE-AZRTOS-F4.1.1.0
2024-01-03 16:51:27,511 [WARN] PackLoader:240 - Cannot read IP mode file for wolfSSL.I-CUBE-wolfSSL.5.6.4
2024-01-03 16:51:27,540 [WARN] PackLoader:240 - Cannot read IP mode file for STMicroelectronics.X-CUBE-AZRTOS-L5.2.0.0
2024-01-03 16:51:27,551 [WARN] PackLoader:240 - Cannot read IP mode file for STMicroelectronics.X-CUBE-EEPRMA1.4.2.0
2024-01-03 16:51:27,561 [WARN] PackLoader:240 - Cannot read IP mode file for ITTIA_DB.I-CUBE-ITTIADB.8.8.0
2024-01-03 16:51:27,597 [WARN] ConditionMgr:438 - getConditionDescription Invalid condition id : UX DEVICE CLASS RTOS Condition cause : null
2024-01-03 16:51:27,597 [WARN] ConditionMgr:438 - getConditionDescription Invalid condition id : UX DEVICE CLASS RTOS Condition cause : null
2024-01-03 16:51:27,602 [WARN] PackLoader:240 - Cannot read IP mode file for STMicroelectronics.X-CUBE-AZRTOS-H7.3.1.0
2024-01-03 16:51:27,604 [WARN] ConditionMgr:1039 - genDependencies : Invalid condition id : UX DEVICE CLASS RTOS Condition cause : null
2024-01-03 16:51:27,604 [WARN] ConditionMgr:1039 - genDependencies : Invalid condition id : UX DEVICE CLASS RTOS Condition cause : null
2024-01-03 16:51:27,605 [WARN] ConditionMgr:1039 - genDependencies : Invalid condition id : UX DEVICE CLASS RTOS Condition cause : null
2024-01-03 16:51:27,606 [WARN] ConditionMgr:1039 - genDependencies : Invalid condition id : UX DEVICE CLASS RTOS Condition cause : null
2024-01-03 16:51:27,606 [WARN] ConditionMgr:1039 - genDependencies : Invalid condition id : UX DEVICE CLASS RTOS Condition cause : null
2024-01-03 16:51:27,618 [WARN] PackLoader:240 - Cannot read IP mode file for STMicroelectronics.X-CUBE-NFC7.1.0.1
2024-01-03 16:51:27,631 [WARN] PackLoader:240 - Cannot read IP mode file for STMicroelectronics.X-CUBE-NFC6.3.0.0
2024-01-03 16:51:27,639 [WARN] PackLoader:240 - Cannot read IP mode file for STMicroelectronics.X-CUBE-AI.8.1.0
2024-01-03 16:51:27,678 [WARN] ConditionMgr:438 - getConditionDescription Invalid condition id : LAN8742 Phy interface Condition cause : null
2024-01-03 16:51:27,679 [WARN] PackLoader:240 - Cannot read IP mode file for STMicroelectronics.X-CUBE-AZRTOS-L4.2.0.0
2024-01-03 16:51:27,681 [WARN] ConditionMgr:1039 - genDependencies : Invalid condition id : LAN8742 Phy interface Condition cause : null
2024-01-03 16:51:27,681 [WARN] ConditionMgr:1039 - genDependencies : Invalid condition id : LAN8742 Phy interface Condition cause : null
2024-01-03 16:51:27,682 [WARN] ConditionMgr:1039 - genDependencies : Invalid condition id : LAN8742 Phy interface Condition cause : null
2024-01-03 16:51:27,693 [WARN] PackLoader:240 - Cannot read IP mode file for STMicroelectronics.X-CUBE-SFXS2LP1.4.0.0
2024-01-03 16:51:27,701 [WARN] PackLoader:240 - Cannot read IP mode file for STMicroelectronics.X-CUBE-ISPU.1.1.0
2024-01-03 16:51:27,719 [WARN] ConditionMgr:438 - getConditionDescription Invalid condition id : UX DEVICE CLASS RTOS Condition cause : null
2024-01-03 16:51:27,719 [WARN] ConditionMgr:438 - getConditionDescription Invalid condition id : UX DEVICE CLASS RTOS Condition cause : null
2024-01-03 16:51:27,722 [WARN] PackLoader:240 - Cannot read IP mode file for STMicroelectronics.X-CUBE-AZRTOS-WB.2.0.0
2024-01-03 16:51:27,723 [WARN] ConditionMgr:1039 - genDependencies : Invalid condition id : UX DEVICE CLASS RTOS Condition cause : null
2024-01-03 16:51:27,723 [WARN] ConditionMgr:1039 - genDependencies : Invalid condition id : UX DEVICE CLASS RTOS Condition cause : null
2024-01-03 16:51:27,724 [WARN] ConditionMgr:1039 - genDependencies : Invalid condition id : UX DEVICE CLASS RTOS Condition cause : null
2024-01-03 16:51:27,724 [WARN] ConditionMgr:1039 - genDependencies : Invalid condition id : UX DEVICE CLASS RTOS Condition cause : null
2024-01-03 16:51:27,724 [WARN] ConditionMgr:1039 - genDependencies : Invalid condition id : UX DEVICE CLASS RTOS Condition cause : null
2024-01-03 16:51:27,738 [WARN] PackLoader:240 - Cannot read IP mode file for STMicroelectronics.X-CUBE-SUBG2.5.0.0
2024-01-03 16:51:27,762 [WARN] PackLoader:240 - Cannot read IP mode file for STMicroelectronics.X-CUBE-TOF1.3.3.1
2024-01-03 16:51:27,797 [WARN] PackLoader:240 - Cannot read IP mode file for STMicroelectronics.X-CUBE-AZRTOS-G4.2.0.0
2024-01-03 16:51:27,818 [WARN] PackLoader:240 - Cannot read IP mode file for Infineon.AIROC-Wi-Fi-Bluetooth-STM32.1.5.1
2024-01-03 16:51:27,830 [WARN] PackLoader:240 - Cannot read IP mode file for STMicroelectronics.FP-SNS-MOTENVWB1.1.3.0
2024-01-03 16:51:27,835 [WARN] PackLoader:240 - Cannot read IP mode file for STMicroelectronics.FP-SNS-MOTENVWB1.1.3.1
2024-01-03 16:51:27,840 [WARN] PackLoader:240 - Cannot read IP mode file for STMicroelectronics.X-CUBE-ISPU.2.0.0
2024-01-03 16:51:27,888 [WARN] PackLoader:240 - Cannot read IP mode file for STMicroelectronics.X-CUBE-MEMS1.10.0.0
2024-01-03 16:51:28,110 [WARN] PackLoader:240 - Cannot read IP mode file for STMicroelectronics.X-CUBE-FREERTOS.1.1.0
2024-01-03 16:51:28,115 [WARN] PackLoader:240 - Cannot read IP mode file for portGmbH.I-Cube-SoM-uGOAL.1.1.0
2024-01-03 16:51:28,120 [WARN] PackLoader:240 - Cannot read IP mode file for STMicroelectronics.X-CUBE-ALS.1.0.1
2024-01-03 16:51:28,124 [WARN] PackLoader:240 - Cannot read IP mode file for STMicroelectronics.FP-ATR-ASTRA1.2.0.0
2024-01-03 16:51:28,132 [WARN] PackLoader:240 - Cannot read IP mode file for STMicroelectronics.X-CUBE-TOF1.3.4.0
2024-01-03 16:51:28,163 [WARN] PackLoader:240 - Cannot read IP mode file for STMicroelectronics.X-CUBE-AZRTOS-H7.3.2.0
2024-01-03 16:51:28,168 [INFO] ThirdParty:978 - Integrity check success = true
2024-01-03 16:51:28,168 [INFO] IntegrityCheckThread:100 - exiting critical section [integrity check]
2024-01-03 16:51:28,168 [INFO] IntegrityCheckThread:103 - End integrity checks thread
2024-01-03 16:51:30,795 [INFO] WebApp:161 - Instantiating new browser for Auth
2024-01-03 16:51:31,677 [INFO] WebApp:780 - Register for checkConnection events
2024-01-03 16:51:31,677 [INFO] WebApp:414 - Apply proxy settings
2024-01-03 16:51:31,678 [INFO] WebApp:499 - Chromium requires no authentication
2024-01-03 16:51:31,694 [INFO] WebApp:442 - Direct internet connection detected
2024-01-03 16:51:32,103 [INFO] WebApp:192 - Starting web application
2024-01-03 16:51:32,104 [INFO] WebApp:544 - Web application path used C:\Users\nathf\STM32CubeIDE_1.13.2\STM32CubeIDE\plugins\com.st.stm32cube.common.mx_6.10.0.202311202037\db\plugins\mcufinder\reactClient1\index.html
2024-01-03 16:51:53,508 [ERROR] LogOutputStream:75 - [STDERR_REDIRECT] SLF4J: Failed to load class "org.slf4j.impl.StaticLoggerBinder".
2024-01-03 16:51:53,509 [ERROR] LogOutputStream:75 - [STDERR_REDIRECT] SLF4J: Defaulting to no-operation (NOP) logger implementation
2024-01-03 16:51:53,511 [ERROR] LogOutputStream:75 - [STDERR_REDIRECT] SLF4J: See http://www.slf4j.org/codes.html#StaticLoggerBinder for further details.
2024-01-03 17:38:44,531 [INFO] McuFinderGlobals:63 - Set McuFinder mode to 2 (CubeIDE integrated)
2024-01-03 17:38:46,707 [INFO] MainUpdater:2873 - connection check result : 10
2024-01-03 17:38:46,714 [INFO] MainUpdater:2873 - connection check result : 10
2024-01-03 17:38:46,997 [INFO] MicroXplorer:468 - Change Database Path : 
2024-01-03 17:38:46,997 [INFO] MicroXplorer:498 - Change Database Version : DB.6.0.100
2024-01-03 17:38:47,002 [WARN] ThirdParty:871 - waiting for thirdparty lock release [close project]
2024-01-03 17:38:47,002 [INFO] ThirdParty:873 - entering critical section [close project]
2024-01-03 17:38:47,006 [INFO] ThirdParty:883 - exiting critical section [close project]
2024-01-03 17:38:47,009 [INFO] PinOutPanel:1499 - setPackage(No Configuration,No Configuration)
2024-01-03 17:38:47,014 [INFO] UtilMem:75 - Begin LoadConfig() Used Memory: 296003440 Bytes (625999872)
2024-01-03 17:38:47,021 [INFO] MicroXplorer:468 - Change Database Path : C:/Users/nathf/.stm32cubemx/databases/DB.6.0.92/db/
2024-01-03 17:38:47,021 [INFO] MicroXplorer:498 - Change Database Version : DB.6.0.92
2024-01-03 17:38:50,016 [INFO] OpenFileManager:312 - Change cursor
2024-01-03 17:38:50,094 [INFO] Mcu:2016 - Initializing MCU STM32F401R(D-E)Tx STM32F401RETx STM32F401RET6
2024-01-03 17:38:51,912 [INFO] Context:659 - Trying to add GPIOservice into a context  which must be forbidden
2024-01-03 17:38:52,484 [INFO] RtosManager:555 - Registered RTOS mode: class=CMSIS, group=RTOS, mode=CMSIS_V1, owner=FREERTOS
2024-01-03 17:38:52,485 [INFO] RtosManager:555 - Registered RTOS mode: class=CMSIS, group=RTOS2, mode=CMSIS_V2, owner=FREERTOS
2024-01-03 17:38:52,485 [INFO] RtosManager:555 - Registered RTOS mode: class=RTOS, group=Core, mode=CMSIS_V1, owner=FREERTOS
2024-01-03 17:38:52,485 [INFO] RtosManager:555 - Registered RTOS mode: class=RTOS, group=Core, mode=CMSIS_V2, owner=FREERTOS
2024-01-03 17:38:52,485 [WARN] ModelIntegratedComponent:184 - Missing modes for component STMicroelectronics:FreeRTOS:0.0.1:STMicroelectronics:RTOS:FreeRTOS:Core:::10.2.0:
2024-01-03 17:38:52,513 [WARN] ModelIntegratedComponent:63 - No mode defined for component null
2024-01-03 17:38:52,514 [WARN] ModelIntegratedComponent:63 - No mode defined for component null
2024-01-03 17:38:52,514 [WARN] ModelIntegratedComponent:63 - No mode defined for component null
2024-01-03 17:38:52,514 [WARN] ModelIntegratedComponent:63 - No mode defined for component null
2024-01-03 17:38:52,514 [WARN] ModelIntegratedComponent:63 - No mode defined for component null
2024-01-03 17:38:52,514 [WARN] ModelIntegratedComponent:63 - No mode defined for component null
2024-01-03 17:38:52,514 [WARN] ModelIntegratedComponent:63 - No mode defined for component null
2024-01-03 17:38:52,514 [WARN] ModelIntegratedComponent:63 - No mode defined for component null
2024-01-03 17:38:52,514 [WARN] ModelIntegratedComponent:63 - No mode defined for component null
2024-01-03 17:38:52,515 [WARN] ModelIntegratedComponent:63 - No mode defined for component null
2024-01-03 17:38:52,515 [WARN] ModelIntegratedComponent:63 - No mode defined for component null
2024-01-03 17:38:52,515 [WARN] ModelIntegratedComponent:63 - No mode defined for component null
2024-01-03 17:38:52,515 [WARN] ModelIntegratedComponent:63 - No mode defined for component null
2024-01-03 17:38:52,515 [WARN] ModelIntegratedComponent:63 - No mode defined for component null
2024-01-03 17:38:52,515 [WARN] ModelIntegratedComponent:63 - No mode defined for component null
2024-01-03 17:38:52,515 [WARN] ModelIntegratedComponent:63 - No mode defined for component null
2024-01-03 17:38:52,515 [WARN] ModelIntegratedComponent:63 - No mode defined for component null
2024-01-03 17:38:52,515 [WARN] ModelIntegratedComponent:63 - No mode defined for component null
2024-01-03 17:38:52,515 [WARN] ModelIntegratedComponent:63 - No mode defined for component null
2024-01-03 17:38:52,515 [WARN] ModelIntegratedComponent:63 - No mode defined for component null
2024-01-03 17:38:52,516 [WARN] ModelIntegratedComponent:63 - No mode defined for component null
2024-01-03 17:38:52,516 [WARN] ModelIntegratedComponent:63 - No mode defined for component null
2024-01-03 17:38:52,516 [WARN] ModelIntegratedComponent:63 - No mode defined for component null
2024-01-03 17:38:52,516 [WARN] ModelIntegratedComponent:63 - No mode defined for component null
2024-01-03 17:38:52,516 [WARN] ModelIntegratedComponent:63 - No mode defined for component null
2024-01-03 17:38:52,516 [WARN] ModelIntegratedComponent:63 - No mode defined for component null
2024-01-03 17:38:52,516 [WARN] ModelIntegratedComponent:63 - No mode defined for component null
2024-01-03 17:38:52,516 [WARN] ModelIntegratedComponent:63 - No mode defined for component null
2024-01-03 17:38:52,516 [WARN] ModelIntegratedComponent:63 - No mode defined for component null
2024-01-03 17:38:52,516 [WARN] ModelIntegratedComponent:63 - No mode defined for component null
2024-01-03 17:38:52,516 [WARN] ModelIntegratedComponent:63 - No mode defined for component null
2024-01-03 17:38:52,516 [WARN] ModelIntegratedComponent:63 - No mode defined for component null
2024-01-03 17:38:52,516 [WARN] ModelIntegratedComponent:63 - No mode defined for component null
2024-01-03 17:38:52,699 [INFO] ThirdPartyModel:298 - Start build external matchings
2024-01-03 17:38:53,048 [INFO] ThirdPartyModel:316 - End build external matchings
2024-01-03 17:38:53,062 [INFO] ImportTextPane:194 - (OptionalMessage_ERROR) IP (RCC) : Parameter (RTCHSEDivFreq_Value) has invalid value (4000000)
2024-01-03 17:38:53,438 [INFO] UtilMem:75 - End LoadConfig() Used Memory: 496402824 Bytes (625999872)
2024-01-03 17:38:53,618 [INFO] ApiDb:581 - Connected to CubeFinder SQLite database (C:\Users\nathf\.stmcufinder\plugins\mcufinder\mcu\cube-finder-db.db)
2024-01-03 17:38:53,757 [INFO] ApiDb:668 - CubeFinder database Data Model version=2.1
2024-01-03 17:38:53,757 [INFO] ApiDb:669 - CubeFinder database Configuration version=3.0.39
2024-01-03 17:38:53,760 [INFO] ApiDb:670 - CubeFinder database generation date=2023-12-08 (1702028721)
2024-01-03 17:38:53,761 [INFO] ApiDb:671 - CubeFinder database FW Pack versions=[FP-ATR-ASTRA1_V2.0.0, FP-SNS-FLIGHT1_V5.0.1, FP-SNS-FLIGHT1_V5.0.2, FP-SNS-MOTENV1_V4.3.1, FP-SNS-MOTENV1_V4.3.2, FP-SNS-MOTENVWB1_V1.3.1, FP-SNS-SMARTAG2_V1.2.0, STM32Cube_FW_C0_V1.1.0, STM32Cube_FW_F4_V1.28.0, STM32Cube_FW_F7_V1.17.0, STM32Cube_FW_G0_V1.6.1, STM32Cube_FW_G4_V1.5.1, STM32Cube_FW_H5_V0.5.1, STM32Cube_FW_H5_V1.1.1, STM32Cube_FW_H5_V1.2.0RC2, STM32Cube_FW_H7_V1.11.0, STM32Cube_FW_L0_V1.12.2, STM32Cube_FW_L5_V1.5.0, STM32Cube_FW_U5_V1.3.0RC4, STM32Cube_FW_U5_V1.4.0, STM32Cube_FW_WBA_V1.0.0RC1, STM32Cube_FW_WBA_V1.1.0RC1, STM32Cube_FW_WBA_V1.2.0, STM32Cube_FW_WBA_V1.2.0RC2, STM32Cube_FW_WB_V1.15.0RC1, STM32Cube_FW_WB_V1.16.0, STM32Cube_FW_WB_V1.16.0RC2, STM32Cube_FW_WB_V1.18.0, STM32Cube_FW_WL_V1.3.0, X-CUBE-ALGOBUILD_V1.3.0, X-CUBE-ALS_V1.0.1, X-CUBE-AZRTOS-F4_V1.1.0, X-CUBE-AZRTOS-F7_V1.1.0, X-CUBE-AZRTOS-G0_V1.1.0, X-CUBE-AZRTOS-G4_V2.0.0, X-CUBE-AZRTOS-H7_V3.1.0, X-CUBE-AZRTOS-L4_V1.0.0, X-CUBE-AZRTOS-L4_V2.0.0, X-CUBE-AZRTOS-L5_V1.1.0, X-CUBE-AZRTOS-WB_V2.0.0, X-CUBE-AZRTOS-WL_V2.0.0, X-CUBE-BLE1_V7.0.0, X-CUBE-BLE2_V3.3.0, X-CUBE-BLEMGR_V3.0.0, X-CUBE-EEPRMA1_V4.1.0, X-CUBE-EEPRMA1_V4.2.0, X-CUBE-FREERTOS_V1.1.0, X-CUBE-GNSS1_V6.0.0, X-CUBE-MEMS1_V10.0.0, X-CUBE-MEMS1_V9.1.0, X-CUBE-MEMS1_V9.4.0, X-CUBE-MEMS1_V9.6.0, X-CUBE-NFC4_V3.0.0, X-CUBE-NFC7_V1.0.1, X-CUBE-SFXS2LP1_V4.0.0, X-CUBE-SUBG2_V5.0.0, X-CUBE-TOF1_V3.4.0]
2024-01-03 17:38:57,348 [INFO] ApiDb:240 - Found 371 in-development CPN: [B-G473E-ZEST1S, B-WB1M-WPAN1, B-WL5M-SUBG1, NUCLEO-C031C6, NUCLEO-H503RB, NUCLEO-H563ZI, NUCLEO-U545RE-Q, NUCLEO-U5A5ZJ-Q, NUCLEO-WBA52CG, NUCLEO-WBA55CG, STEVAL-MKBOXPRO, STEVAL-PROTEUS1, STEVAL-STWINBX1, STM320518-EVAL, STM32C0116-DK, STM32C011D6Y3TR, STM32C011D6Y6TR, STM32C011F4P3, STM32C011F4P6, STM32C011F4U3, STM32C011F4U6TR, STM32C011F6P3, STM32C011F6P6, STM32C011F6U3, STM32C011F6U6TR, STM32C011J4M3, STM32C011J4M6, STM32C011J6M3, STM32C011J6M6, STM32C0316-DK, STM32C031C4T3, STM32C031C4T6, STM32C031C4U3, STM32C031C4U6, STM32C031C6T3, STM32C031C6T6, STM32C031C6U3, STM32C031C6U6, STM32C031F4P3, STM32C031F4P6, STM32C031F6P3, STM32C031F6P6, STM32C031G4U3, STM32C031G4U6, STM32C031G6U3, STM32C031G6U6, STM32C031K4T3, STM32C031K4T6, STM32C031K4U3, STM32C031K4U6, STM32C031K6T3, STM32C031K6T6, STM32C031K6U3, STM32C031K6U6, STM32G071K8TXN, STM32G071K8UXN, STM32G081GBU6N, STM32G081KBT6N, STM32G081KBUXN, STM32G0B1CCT6N, STM32G0B1KCT6, STM32G0B1NEY6TR, STM32G0B1RCT6N, STM32G0C1CCT6, STM32G0C1CCT6N, STM32G0C1CCU6N, STM32G0C1CET6N, STM32G0C1CEU6N, STM32G0C1KCT6, STM32G0C1NEY6TR, STM32G0C1RCI6N, STM32G0C1RCT6N, STM32G0C1REI6N, STM32G0C1RET6N, STM32G0C1VCI6, STM32G0C1VEI6, STM32G471CCT6, STM32G471CCU6, STM32G471CET3, STM32G471CET6, STM32G471CEU3, STM32G471CEU6, STM32G471MCT6, STM32G471MET3, STM32G471MET6, STM32G471MEY6TR, STM32G471QCT6, STM32G471QET3, STM32G471RCT6, STM32G471RET3, STM32G471RET6, STM32G471VCH6, STM32G471VCI6, STM32G471VCT6, STM32G471VEH3, STM32G471VEH6, STM32G471VEI3, STM32G471VEI6, STM32G471VET3, STM32G471VET6, STM32G474CCT6, STM32H503CBT6, STM32H503CBU6, STM32H503EBY6TR, STM32H503KBU6, STM32H503RBT6, STM32H562AGI6, STM32H562AII6, STM32H562IGK6, STM32H562IGT6, STM32H562IIK6, STM32H562IIT6, STM32H562RGT6, STM32H562RGV6, STM32H562RIT6, STM32H562RIV6, STM32H562VGT6, STM32H562VIT6, STM32H562ZGT6, STM32H562ZIT6, STM32H563AGI6, STM32H563AII3Q, STM32H563AII6, STM32H563IGK6, STM32H563IGT6, STM32H563IIK3Q, STM32H563IIK6, STM32H563IIT3Q, STM32H563IIT6, STM32H563MIY3QTR, STM32H563RGT6, STM32H563RGV6, STM32H563RIT6, STM32H563RIV6, STM32H563VGT6, STM32H563VIT3Q, STM32H563VIT6, STM32H563ZGT6, STM32H563ZIT3Q, STM32H563ZIT6, STM32H573AII3Q, STM32H573AII6, STM32H573I-DK, STM32H573IIK3Q, STM32H573IIK6, STM32H573IIT3Q, STM32H573IIT6, STM32H573MIY3QTR, STM32H573RIT6, STM32H573RIV6, STM32H573VIT3Q, STM32H573VIT6, STM32H573ZIT3Q, STM32H573ZIT6, STM32L4R5QGI6STR, STM32MP131AAE3, STM32MP131AAF3, STM32MP131AAG3, STM32MP131CAE3, STM32MP131CAF3, STM32MP131CAG3, STM32MP131DAE7, STM32MP131DAF7, STM32MP131DAG7, STM32MP131FAE7, STM32MP131FAF7, STM32MP131FAG7, STM32MP133AAE3, STM32MP133AAF3, STM32MP133AAG3, STM32MP133CAE3, STM32MP133CAF3, STM32MP133CAG3, STM32MP133DAE7, STM32MP133DAF7, STM32MP133DAG7, STM32MP133FAE7, STM32MP133FAF7, STM32MP133FAG7, STM32MP135AAE3, STM32MP135AAF3, STM32MP135AAG3, STM32MP135CAE3, STM32MP135CAF3, STM32MP135CAG3, STM32MP135DAE7, STM32MP135DAF7, STM32MP135DAG7, STM32MP135F-DK, STM32MP135FAE7, STM32MP135FAF7, STM32MP135FAF7T, STM32MP135FAF7U, STM32MP135FAG7, STM32U535CBT6, STM32U535CBT6Q, STM32U535CBU6, STM32U535CBU6Q, STM32U535CCT6, STM32U535CCT6Q, STM32U535CCU6, STM32U535CCU6Q, STM32U535CET6, STM32U535CET6Q, STM32U535CEU6, STM32U535CEU6Q, STM32U535JEY6QTR, STM32U535NCY6QTR, STM32U535NEY6QTR, STM32U535RBI6, STM32U535RBI6Q, STM32U535RBT6, STM32U535RBT6Q, STM32U535RCI6, STM32U535RCI6Q, STM32U535RCT6, STM32U535RCT6Q, STM32U535REI6, STM32U535REI6Q, STM32U535RET6, STM32U535RET6Q, STM32U535VCI6, STM32U535VCI6Q, STM32U535VCT6, STM32U535VCT6Q, STM32U535VEI6, STM32U535VEI6Q, STM32U535VET6, STM32U535VET6Q, STM32U545CET6, STM32U545CET6Q, STM32U545CEU6, STM32U545CEU6Q, STM32U545JEY6QTR, STM32U545NEY6QTR, STM32U545REI6, STM32U545REI6Q, STM32U545RET6, STM32U545RET6Q, STM32U545VEI6, STM32U545VEI6Q, STM32U545VET6, STM32U545VET6Q, STM32U595AIH6, STM32U595AIH6Q, STM32U595AJH6, STM32U595AJH6Q, STM32U595QII6, STM32U595QII6Q, STM32U595QJI6, STM32U595QJI6Q, STM32U595RIT6, STM32U595RIT6Q, STM32U595RJT6, STM32U595RJT6Q, STM32U595VIT6, STM32U595VIT6Q, STM32U595VJT6, STM32U595VJT6Q, STM32U595ZIT6, STM32U595ZIT6Q, STM32U595ZIY6QTR, STM32U595ZJT6, STM32U595ZJT6Q, STM32U595ZJY6QTR, STM32U599BJY6QTR, STM32U599NIH6Q, STM32U599NJH6Q, STM32U599VIT6Q, STM32U599VJT6, STM32U599VJT6Q, STM32U599ZIT6Q, STM32U599ZIY6QTR, STM32U599ZJT6Q, STM32U599ZJY6QTR, STM32U5A5AJH6, STM32U5A5AJH6Q, STM32U5A5QJI6, STM32U5A5QJI6Q, STM32U5A5RJT6, STM32U5A5RJT6Q, STM32U5A5VJT6, STM32U5A5VJT6Q, STM32U5A5ZJT6, STM32U5A5ZJT6Q, STM32U5A5ZJY6QTR, STM32U5A9BJY6QTR, STM32U5A9J-DK, STM32U5A9NJH6Q, STM32U5A9VJT6Q, STM32U5A9ZJT6Q, STM32U5A9ZJY6QTR, STM32U5F7VIT6, STM32U5F7VIT6Q, STM32U5F7VJT6, STM32U5F7VJT6Q, STM32U5F9BJY6QTR, STM32U5F9NJH6Q, STM32U5F9VIT6Q, STM32U5F9VJT6Q, STM32U5F9ZIJ6QTR, STM32U5F9ZIT6Q, STM32U5F9ZJJ6QTR, STM32U5F9ZJT6Q, STM32U5G7VJT6, STM32U5G7VJT6Q, STM32U5G9BJY6QTR, STM32U5G9J-DK1, STM32U5G9J-DK2, STM32U5G9NJH6Q, STM32U5G9VJT6Q, STM32U5G9ZJJ6QTR, STM32U5G9ZJT6Q, STM32WB1MMCH6, STM32WBA50KEU6, STM32WBA50KEU6TR, STM32WBA50KGU6, STM32WBA50KGU6TR, STM32WBA52CEU6, STM32WBA52CEU6TR, STM32WBA52CEU7, STM32WBA52CEU7TR, STM32WBA52CGU6, STM32WBA52CGU6TR, STM32WBA52CGU6U, STM32WBA52CGU7, STM32WBA52CGU7TR, STM32WBA52KEU6, STM32WBA52KEU6TR, STM32WBA52KGU6, STM32WBA52KGU6TR, STM32WBA54CEU6, STM32WBA54CEU6TR, STM32WBA54CEU7, STM32WBA54CEU7TR, STM32WBA54CGU6, STM32WBA54CGU6TR, STM32WBA54CGU7, STM32WBA54CGU7TR, STM32WBA54KEU6, STM32WBA54KEU6TR, STM32WBA54KEU7, STM32WBA54KEU7TR, STM32WBA54KGU6, STM32WBA54KGU6TR, STM32WBA54KGU7, STM32WBA54KGU7TR, STM32WBA55CEU6, STM32WBA55CEU6TR, STM32WBA55CEU7, STM32WBA55CEU7TR, STM32WBA55CGU6, STM32WBA55CGU6TR, STM32WBA55CGU6U, STM32WBA55CGU7, STM32WBA55CGU7TR, STM32WBA55G-DK1, STM32WBA55HEF6, STM32WBA55HEF7, STM32WBA55HGF6, STM32WBA55HGF7, STM32WBA55UEI6, STM32WBA55UEI6TR, STM32WBA55UEI7, STM32WBA55UEI7TR, STM32WBA55UGI6, STM32WBA55UGI6TR, STM32WBA55UGI7, STM32WBA55UGI7TR, STM32WL5MOCH6, STM32WL5MOCH6TR]
2024-01-03 17:38:57,353 [INFO] DbMcus:218 - Found 3930 MCUs, 3930 are supported
2024-01-03 17:38:57,354 [INFO] ApiDb:423 - Load user favorites file C:\Users\nathf/.stm32cubeide/favorites.mcus.txt: 0 item(s)
2024-01-03 17:38:57,355 [INFO] ApiDb:427 - User favorites MCUs=[]
2024-01-03 17:38:57,355 [INFO] DbMcus:224 - Set 0 / 0 favorites MCUs
2024-01-03 17:38:57,777 [INFO] MicroXplorer:468 - Change Database Path : 
2024-01-03 17:38:57,777 [INFO] MicroXplorer:498 - Change Database Version : DB.6.0.100
2024-01-03 17:38:57,785 [WARN] ThirdParty:833 - waiting for thirdparty lock release [change project]
2024-01-03 17:38:57,786 [INFO] ThirdParty:835 - entering critical section [change project]
2024-01-03 17:38:57,786 [INFO] ThirdParty:1030 - CMSIS Pack Vendor :STMicroelectronics X-CUBE-ISPU 1.1.0
2024-01-03 17:38:57,786 [INFO] ThirdParty:1030 - CMSIS Pack Vendor :STMicroelectronics USBPD 4.1
2024-01-03 17:38:57,786 [INFO] ThirdParty:1030 - CMSIS Pack Vendor :STMicroelectronics X-CUBE-GNSS1 6.0.0
2024-01-03 17:38:57,786 [INFO] ThirdParty:1030 - CMSIS Pack Vendor :STMicroelectronics USB_HOST 2.0.0
2024-01-03 17:38:57,786 [INFO] ThirdParty:1030 - CMSIS Pack Vendor :STMicroelectronics X-CUBE-AZRTOS-F4 1.1.0
2024-01-03 17:38:57,786 [INFO] ThirdParty:1030 - CMSIS Pack Vendor :STMicroelectronics LIBJPEG 8.0.0
2024-01-03 17:38:57,786 [INFO] ThirdParty:1030 - CMSIS Pack Vendor :wolfSSL I-CUBE-wolfSSL 5.6.4
2024-01-03 17:38:57,786 [INFO] ThirdParty:1030 - CMSIS Pack Vendor :STMicroelectronics X-CUBE-SMBUS 2.1.0
2024-01-03 17:38:57,786 [INFO] ThirdParty:1030 - CMSIS Pack Vendor :STMicroelectronics USB_DEVICE 3.0.0
2024-01-03 17:38:57,786 [INFO] ThirdParty:1030 - CMSIS Pack Vendor :STMicroelectronics X-CUBE-AZRTOS-WB 2.0.0
2024-01-03 17:38:57,787 [INFO] ThirdParty:1030 - CMSIS Pack Vendor :STMicroelectronics X-CUBE-TOUCHGFX 4.23.0
2024-01-03 17:38:57,787 [INFO] ThirdParty:1030 - CMSIS Pack Vendor :STMicroelectronics X-CUBE-AZRTOS-F7 1.1.0
2024-01-03 17:38:57,787 [INFO] ThirdParty:1030 - CMSIS Pack Vendor :STMicroelectronics X-CUBE-AZRTOS-L5 2.0.0
2024-01-03 17:38:57,787 [INFO] ThirdParty:1030 - CMSIS Pack Vendor :STMicroelectronics USB_DEVICE 2.0.0
2024-01-03 17:38:57,787 [INFO] ThirdParty:1030 - CMSIS Pack Vendor :STMicroelectronics X-CUBE-EEPRMA1 4.2.0
2024-01-03 17:38:57,787 [INFO] ThirdParty:1030 - CMSIS Pack Vendor :ITTIA_DB I-CUBE-ITTIADB 8.8.0
2024-01-03 17:38:57,787 [INFO] ThirdParty:1030 - CMSIS Pack Vendor :STMicroelectronics FP-SNS-MOTENV1 4.3.2
2024-01-03 17:38:57,787 [INFO] ThirdParty:1030 - CMSIS Pack Vendor :STMicroelectronics X-CUBE-ALGOBUILD 1.3.0
2024-01-03 17:38:57,787 [INFO] ThirdParty:1030 - CMSIS Pack Vendor :STMicroelectronics FreeRTOS 0.0.1
2024-01-03 17:38:57,787 [INFO] ThirdParty:1030 - CMSIS Pack Vendor :STMicroelectronics X-CUBE-AZRTOS-G0 1.1.0
2024-01-03 17:38:57,787 [INFO] ThirdParty:1030 - CMSIS Pack Vendor :STMicroelectronics X-CUBE-NFC4 3.0.0
2024-01-03 17:38:57,787 [INFO] ThirdParty:1030 - CMSIS Pack Vendor :STMicroelectronics X-CUBE-SUBG2 5.0.0
2024-01-03 17:38:57,787 [INFO] ThirdParty:1030 - CMSIS Pack Vendor :STMicroelectronics STM32_WPAN 1.0.0
2024-01-03 17:38:57,787 [INFO] ThirdParty:1030 - CMSIS Pack Vendor :STMicroelectronics lwIP 2.0.3
2024-01-03 17:38:57,787 [INFO] ThirdParty:1030 - CMSIS Pack Vendor :STMicroelectronics FP-SNS-FLIGHT1 5.0.2
2024-01-03 17:38:57,787 [INFO] ThirdParty:1030 - CMSIS Pack Vendor :STMicroelectronics USB_HOST 1.0.0
2024-01-03 17:38:57,787 [INFO] ThirdParty:1030 - CMSIS Pack Vendor :STMicroelectronics X-CUBE-TOF1 3.3.1
2024-01-03 17:38:57,787 [INFO] ThirdParty:1030 - CMSIS Pack Vendor :STMicroelectronics X-CUBE-AZRTOS-G4 2.0.0
2024-01-03 17:38:57,787 [INFO] ThirdParty:1030 - CMSIS Pack Vendor :STMicroelectronics PDM2PCM 3.1.0
2024-01-03 17:38:57,788 [INFO] ThirdParty:1030 - CMSIS Pack Vendor :STMicroelectronics X-CUBE-AZRTOS-H7 3.1.0
2024-01-03 17:38:57,788 [INFO] ThirdParty:1030 - CMSIS Pack Vendor :Infineon AIROC-Wi-Fi-Bluetooth-STM32 1.5.1
2024-01-03 17:38:57,788 [INFO] ThirdParty:1030 - CMSIS Pack Vendor :STMicroelectronics X-CUBE-BLEMGR 3.0.0
2024-01-03 17:38:57,788 [INFO] ThirdParty:1030 - CMSIS Pack Vendor :STMicroelectronics PDM2PCM 3.3.0
2024-01-03 17:38:57,788 [INFO] ThirdParty:1030 - CMSIS Pack Vendor :STMicroelectronics X-CUBE-DISPLAY 3.0.0
2024-01-03 17:38:57,788 [INFO] ThirdParty:1030 - CMSIS Pack Vendor :STMicroelectronics FP-SNS-MOTENVWB1 1.3.0
2024-01-03 17:38:57,788 [INFO] ThirdParty:1030 - CMSIS Pack Vendor :STMicroelectronics FP-SNS-MOTENVWB1 1.3.1
2024-01-03 17:38:57,788 [INFO] ThirdParty:1030 - CMSIS Pack Vendor :STMicroelectronics X-CUBE-BLE1 7.0.0
2024-01-03 17:38:57,788 [INFO] ThirdParty:1030 - CMSIS Pack Vendor :STMicroelectronics FP-ATR-SIGFOX1 3.2.0
2024-01-03 17:38:57,788 [INFO] ThirdParty:1030 - CMSIS Pack Vendor :STMicroelectronics X-CUBE-ISPU 2.0.0
2024-01-03 17:38:57,788 [INFO] ThirdParty:1030 - CMSIS Pack Vendor :STMicroelectronics HAL Drivers 0.0.0
2024-01-03 17:38:57,788 [INFO] ThirdParty:1030 - CMSIS Pack Vendor :STMicroelectronics MBEDTLS 2.16.2
2024-01-03 17:38:57,788 [INFO] ThirdParty:1030 - CMSIS Pack Vendor :emotas I-CUBE-CANOPEN 1.3.0
2024-01-03 17:38:57,788 [INFO] ThirdParty:1030 - CMSIS Pack Vendor :STMicroelectronics X-CUBE-MEMS1 10.0.0
2024-01-03 17:38:57,788 [INFO] ThirdParty:1030 - CMSIS Pack Vendor :STMicroelectronics X-CUBE-FREERTOS 1.1.0
2024-01-03 17:38:57,788 [INFO] ThirdParty:1030 - CMSIS Pack Vendor :STMicroelectronics X-CUBE-NFC7 1.0.1
2024-01-03 17:38:57,788 [INFO] ThirdParty:1030 - CMSIS Pack Vendor :STMicroelectronics MBEDTLS 2.14.1
2024-01-03 17:38:57,788 [INFO] ThirdParty:1030 - CMSIS Pack Vendor :STMicroelectronics X-CUBE-TOUCHGFX 4.22.1
2024-01-03 17:38:57,789 [INFO] ThirdParty:1030 - CMSIS Pack Vendor :STMicroelectronics X-CUBE-NFC6 3.0.0
2024-01-03 17:38:57,789 [INFO] ThirdParty:1030 - CMSIS Pack Vendor :portGmbH I-Cube-SoM-uGOAL 1.1.0
2024-01-03 17:38:57,789 [INFO] ThirdParty:1030 - CMSIS Pack Vendor :STMicroelectronics X-CUBE-ALS 1.0.1
2024-01-03 17:38:57,789 [INFO] ThirdParty:1030 - CMSIS Pack Vendor :STMicroelectronics ThreadX 1.0.0
2024-01-03 17:38:57,789 [INFO] ThirdParty:1030 - CMSIS Pack Vendor :STMicroelectronics FP-SNS-SMARTAG2 1.2.0
2024-01-03 17:38:57,789 [INFO] ThirdParty:1030 - CMSIS Pack Vendor :STMicroelectronics X-CUBE-AZRTOS-WL 2.0.0
2024-01-03 17:38:57,789 [INFO] ThirdParty:1030 - CMSIS Pack Vendor :STMicroelectronics USB_DEVICE 1.0.0
2024-01-03 17:38:57,789 [INFO] ThirdParty:1030 - CMSIS Pack Vendor :STMicroelectronics X-CUBE-AI 8.1.0
2024-01-03 17:38:57,789 [INFO] ThirdParty:1030 - CMSIS Pack Vendor :STMicroelectronics X-CUBE-AZRTOS-L4 2.0.0
2024-01-03 17:38:57,789 [INFO] ThirdParty:1030 - CMSIS Pack Vendor :STMicroelectronics ThreadX 0.0.2
2024-01-03 17:38:57,789 [INFO] ThirdParty:1030 - CMSIS Pack Vendor :WES I-CUBE-Cesium 1.3.0
2024-01-03 17:38:57,789 [INFO] ThirdParty:1030 - CMSIS Pack Vendor :STMicroelectronics FP-ATR-ASTRA1 2.0.0
2024-01-03 17:38:57,789 [INFO] ThirdParty:1030 - CMSIS Pack Vendor :STMicroelectronics lwIP 2.1.2
2024-01-03 17:38:57,789 [INFO] ThirdParty:1030 - CMSIS Pack Vendor :STMicroelectronics X-CUBE-SFXS2LP1 4.0.0
2024-01-03 17:38:57,789 [INFO] ThirdParty:1030 - CMSIS Pack Vendor :STMicroelectronics X-CUBE-BLE2 3.3.0
2024-01-03 17:38:57,790 [INFO] ThirdParty:1030 - CMSIS Pack Vendor :STMicroelectronics X-CUBE-TOF1 3.4.0
2024-01-03 17:38:57,790 [INFO] ThirdParty:1030 - CMSIS Pack Vendor :STMicroelectronics X-CUBE-AZRTOS-H7 3.2.0
2024-01-03 17:38:57,790 [INFO] ThirdParty:1030 - CMSIS Pack Vendor :STMicroelectronics PDM2PCM 3.2.0
2024-01-03 17:38:57,790 [INFO] ThirdParty:841 - exiting critical section [change project]
2024-01-03 17:38:58,321 [INFO] PinOutPanel:1499 - setPackage(No Configuration,No Configuration)
2024-01-03 17:38:58,323 [INFO] PinOutPanel:1499 - setPackage(STM32F401RETx,LQFP64)
2024-01-03 17:38:59,251 [INFO] UtilMem:75 - Before build in PCC Used Memory: 245308160 Bytes (625999872)
2024-01-03 17:39:00,792 [INFO] UtilMem:75 - After build in PCC Used Memory: 309850936 Bytes (625999872)
2024-01-03 17:39:00,837 [INFO] IPUIPlugin:80 - create IPUIPlugin
2024-01-03 17:39:00,837 [INFO] IPUIPlugin:80 - create IPUIPlugin
2024-01-03 17:39:00,838 [INFO] IPUIPlugin:80 - create IPUIPlugin
2024-01-03 17:39:00,838 [INFO] IPUIPlugin:80 - create IPUIPlugin
2024-01-03 17:39:00,838 [INFO] IPUIPlugin:80 - create IPUIPlugin
2024-01-03 17:39:00,838 [INFO] IPUIPlugin:80 - create IPUIPlugin
2024-01-03 17:39:00,839 [INFO] IPUIPlugin:80 - create IPUIPlugin
2024-01-03 17:39:00,839 [INFO] IPUIPlugin:80 - create IPUIPlugin
2024-01-03 17:39:00,839 [INFO] IPUIPlugin:80 - create IPUIPlugin
2024-01-03 17:39:00,839 [INFO] IPUIPlugin:80 - create IPUIPlugin
2024-01-03 17:39:00,839 [INFO] IPUIPlugin:80 - create IPUIPlugin
2024-01-03 17:39:00,839 [INFO] IPUIPlugin:80 - create IPUIPlugin
2024-01-03 17:39:00,840 [INFO] IPUIPlugin:80 - create IPUIPlugin
2024-01-03 17:39:00,840 [INFO] IPUIPlugin:80 - create IPUIPlugin
2024-01-03 17:39:00,840 [INFO] IPUIPlugin:80 - create IPUIPlugin
2024-01-03 17:39:00,840 [INFO] IPUIPlugin:80 - create IPUIPlugin
2024-01-03 17:39:00,840 [INFO] IPUIPlugin:80 - create IPUIPlugin
2024-01-03 17:39:00,840 [INFO] IPUIPlugin:80 - create IPUIPlugin
2024-01-03 17:39:00,841 [INFO] IPUIPlugin:80 - create IPUIPlugin
2024-01-03 17:39:00,841 [INFO] IPUIPlugin:80 - create IPUIPlugin
2024-01-03 17:39:00,841 [INFO] IPUIPlugin:80 - create IPUIPlugin
2024-01-03 17:39:00,841 [INFO] IPUIPlugin:80 - create IPUIPlugin
2024-01-03 17:39:00,841 [INFO] IPUIPlugin:80 - create IPUIPlugin
2024-01-03 17:39:00,842 [INFO] IPUIPlugin:80 - create IPUIPlugin
2024-01-03 17:39:00,842 [INFO] IPUIPlugin:80 - create IPUIPlugin
2024-01-03 17:39:00,842 [INFO] IPUIPlugin:80 - create IPUIPlugin
2024-01-03 17:39:00,843 [INFO] IPUIPlugin:80 - create IPUIPlugin
2024-01-03 17:39:00,843 [INFO] IPUIPlugin:80 - create IPUIPlugin
2024-01-03 17:39:00,844 [INFO] IPUIPlugin:80 - create IPUIPlugin
2024-01-03 17:39:00,844 [INFO] IPUIPlugin:80 - create IPUIPlugin
2024-01-03 17:39:00,844 [INFO] IPUIPlugin:80 - create IPUIPlugin
2024-01-03 17:39:00,845 [INFO] IPUIPlugin:80 - create IPUIPlugin
2024-01-03 17:39:00,845 [INFO] IPUIPlugin:80 - create IPUIPlugin
2024-01-03 17:39:00,846 [INFO] IPUIPlugin:80 - create IPUIPlugin
2024-01-03 17:39:00,847 [INFO] IPUIPlugin:80 - create IPUIPlugin
2024-01-03 17:39:00,847 [INFO] IPUIPlugin:80 - create IPUIPlugin
2024-01-03 17:39:00,848 [INFO] IPUIPlugin:80 - create IPUIPlugin
2024-01-03 17:39:00,848 [INFO] IPUIPlugin:80 - create IPUIPlugin
2024-01-03 17:39:01,095 [INFO] ApiDbMcu:508 - Load IP Config File for PDM2PCM
2024-01-03 17:39:01,130 [WARN] IP:2119 - I2C_Coeff_DF not found: check if there is a RefParameter without a condition.
2024-01-03 17:39:01,130 [WARN] IP:2119 - Analog_Filter not found: check if there is a RefParameter without a condition.
2024-01-03 17:39:01,904 [INFO] CADModel:165 - CPN selected for project levelSTM32F401RET6
2024-01-03 17:39:01,904 [INFO] CADModel:114 - Register for checkConnection events
2024-01-03 17:39:01,950 [INFO] OpenFileManager:343 - Restore cursor
2024-01-03 17:39:02,429 [WARN] IP:2119 - I2C_Coeff_DF not found: check if there is a RefParameter without a condition.
2024-01-03 17:39:02,429 [WARN] IP:2119 - Analog_Filter not found: check if there is a RefParameter without a condition.
2024-01-03 17:39:02,432 [WARN] IP:2119 - I2C_Coeff_DF not found: check if there is a RefParameter without a condition.
2024-01-03 17:39:02,433 [WARN] IP:2119 - Analog_Filter not found: check if there is a RefParameter without a condition.
2024-01-03 17:40:05,818 [WARN] IP:2119 - I2C_Coeff_DF not found: check if there is a RefParameter without a condition.
2024-01-03 17:40:05,818 [WARN] IP:2119 - Analog_Filter not found: check if there is a RefParameter without a condition.
2024-01-03 17:40:05,818 [WARN] IP:2119 - I2C_Coeff_DF not found: check if there is a RefParameter without a condition.
2024-01-03 17:40:05,818 [WARN] IP:2119 - Analog_Filter not found: check if there is a RefParameter without a condition.
2024-01-03 17:40:06,030 [WARN] IP:2119 - I2C_Coeff_DF not found: check if there is a RefParameter without a condition.
2024-01-03 17:40:06,030 [WARN] IP:2119 - Analog_Filter not found: check if there is a RefParameter without a condition.
2024-01-03 17:41:24,136 [INFO] UtilMem:75 - End SaveConfig() Used Memory: 223575696 Bytes (625999872)
2024-01-03 17:41:25,956 [INFO] UtilMem:75 - End SaveConfig() Used Memory: 212936016 Bytes (625999872)
2024-01-03 17:41:27,840 [INFO] UtilMem:75 - End SaveConfig() Used Memory: 281093456 Bytes (625999872)
2024-01-03 17:41:28,433 [INFO] BlockDiagram:2759 - set Specific Code input for plugin: NVIC
2024-01-03 17:41:28,433 [INFO] BlockDiagram:2759 - set Specific Code input for plugin: USART
2024-01-03 17:41:28,433 [INFO] BlockDiagram:2759 - set Specific Code input for plugin: SYS
2024-01-03 17:41:28,433 [INFO] BlockDiagram:2759 - set Specific Code input for plugin: GPIO
2024-01-03 17:41:28,434 [INFO] BlockDiagram:2759 - set Specific Code input for plugin: RCC
2024-01-03 17:41:28,434 [INFO] BlockDiagram:2759 - set Specific Code input for plugin: I2C
2024-01-03 17:41:28,436 [INFO] CodeGenerator:807 - code generatio: config db path: C:\Users\nathf\STM32CubeIDE_1.13.2\STM32CubeIDE\plugins\com.st.stm32cube.common.mx_6.10.0.202311202037\\db\
2024-01-03 17:41:28,443 [WARN] IP:2119 - I2C_Coeff_DF not found: check if there is a RefParameter without a condition.
2024-01-03 17:41:28,443 [WARN] IP:2119 - Analog_Filter not found: check if there is a RefParameter without a condition.
2024-01-03 17:41:28,816 [INFO] CodeEngine:255 - oldGeneratedFile, C:\Users\nathf\OneDrive\Documents\GitHub\Firmware\FW_IMU\MXTmpFiles\license.tmp_save
2024-01-03 17:41:29,327 [INFO] CodeEngine:279 - Generated code: C:\Users\nathf\OneDrive\Documents\GitHub\Firmware\FW_IMU\MXTmpFiles\license.tmp
2024-01-03 17:41:29,436 [INFO] CodeEngine:255 - oldGeneratedFile, C:\Users\nathf\OneDrive\Documents\GitHub\Firmware\FW_IMU\Core\Src\gpio.c_save
2024-01-03 17:41:29,654 [INFO] CodeEngine:279 - Generated code: C:\Users\nathf\OneDrive\Documents\GitHub\Firmware\FW_IMU\Core\Src\gpio.c
2024-01-03 17:41:29,684 [INFO] CodeEngine:255 - oldGeneratedFile, C:\Users\nathf\OneDrive\Documents\GitHub\Firmware\FW_IMU\Core\Inc\gpio.h_save
2024-01-03 17:41:29,831 [INFO] CodeEngine:279 - Generated code: C:\Users\nathf\OneDrive\Documents\GitHub\Firmware\FW_IMU\Core\Inc\gpio.h
2024-01-03 17:41:30,090 [INFO] CodeEngine:255 - oldGeneratedFile, C:\Users\nathf\OneDrive\Documents\GitHub\Firmware\FW_IMU\Core\Src\i2c.c_save
2024-01-03 17:41:30,270 [INFO] CodeEngine:279 - Generated code: C:\Users\nathf\OneDrive\Documents\GitHub\Firmware\FW_IMU\Core\Src\i2c.c
2024-01-03 17:41:30,304 [INFO] CodeEngine:255 - oldGeneratedFile, C:\Users\nathf\OneDrive\Documents\GitHub\Firmware\FW_IMU\Core\Inc\i2c.h_save
2024-01-03 17:41:30,422 [INFO] CodeEngine:279 - Generated code: C:\Users\nathf\OneDrive\Documents\GitHub\Firmware\FW_IMU\Core\Inc\i2c.h
2024-01-03 17:41:30,460 [INFO] CodeEngine:255 - oldGeneratedFile, C:\Users\nathf\OneDrive\Documents\GitHub\Firmware\FW_IMU\Core\Src\usart.c_save
2024-01-03 17:41:30,620 [INFO] CodeEngine:279 - Generated code: C:\Users\nathf\OneDrive\Documents\GitHub\Firmware\FW_IMU\Core\Src\usart.c
2024-01-03 17:41:30,631 [INFO] CodeEngine:255 - oldGeneratedFile, C:\Users\nathf\OneDrive\Documents\GitHub\Firmware\FW_IMU\Core\Inc\usart.h_save
2024-01-03 17:41:30,753 [INFO] CodeEngine:279 - Generated code: C:\Users\nathf\OneDrive\Documents\GitHub\Firmware\FW_IMU\Core\Inc\usart.h
2024-01-03 17:41:30,808 [INFO] CodeEngine:255 - oldGeneratedFile, C:\Users\nathf\OneDrive\Documents\GitHub\Firmware\FW_IMU\Core\Src\stm32f4xx_it.c_save
2024-01-03 17:41:30,991 [INFO] CodeEngine:279 - Generated code: C:\Users\nathf\OneDrive\Documents\GitHub\Firmware\FW_IMU\Core\Src\stm32f4xx_it.c
2024-01-03 17:41:31,021 [INFO] CodeEngine:255 - oldGeneratedFile, C:\Users\nathf\OneDrive\Documents\GitHub\Firmware\FW_IMU\Core\Inc\stm32f4xx_it.h_save
2024-01-03 17:41:31,135 [INFO] CodeEngine:279 - Generated code: C:\Users\nathf\OneDrive\Documents\GitHub\Firmware\FW_IMU\Core\Inc\stm32f4xx_it.h
2024-01-03 17:41:31,212 [INFO] CodeEngine:255 - oldGeneratedFile, C:\Users\nathf\OneDrive\Documents\GitHub\Firmware\FW_IMU\Core\Src\stm32f4xx_hal_msp.c_save
2024-01-03 17:41:31,516 [INFO] CodeEngine:279 - Generated code: C:\Users\nathf\OneDrive\Documents\GitHub\Firmware\FW_IMU\Core\Src\stm32f4xx_hal_msp.c
2024-01-03 17:41:31,547 [INFO] CodeEngine:255 - oldGeneratedFile, C:\Users\nathf\OneDrive\Documents\GitHub\Firmware\FW_IMU\MXTmpFiles\system.tmp_save
2024-01-03 17:41:31,709 [INFO] CodeEngine:279 - Generated code: C:\Users\nathf\OneDrive\Documents\GitHub\Firmware\FW_IMU\MXTmpFiles\system.tmp
2024-01-03 17:41:31,792 [INFO] CodeEngine:311 - oldGeneratedFile, C:\Users\nathf\OneDrive\Documents\GitHub\Firmware\FW_IMU\Core\Inc\stm32f4xx_hal_conf.h_save
2024-01-03 17:41:32,098 [INFO] CodeEngine:335 - Generated code: C:\Users\nathf\OneDrive\Documents\GitHub\Firmware\FW_IMU\Core\Inc\stm32f4xx_hal_conf.h
2024-01-03 17:41:32,290 [INFO] CodeEngine:255 - oldGeneratedFile, C:\Users\nathf\OneDrive\Documents\GitHub\Firmware\FW_IMU\Core\Inc\main.h_save
2024-01-03 17:41:32,770 [INFO] CodeEngine:279 - Generated code: C:\Users\nathf\OneDrive\Documents\GitHub\Firmware\FW_IMU\Core\Inc\main.h
2024-01-03 17:41:32,804 [INFO] CodeEngine:255 - oldGeneratedFile, C:\Users\nathf\OneDrive\Documents\GitHub\Firmware\FW_IMU\Core\Src\main.c_save
2024-01-03 17:41:32,991 [INFO] CodeEngine:279 - Generated code: C:\Users\nathf\OneDrive\Documents\GitHub\Firmware\FW_IMU\Core\Src\main.c
2024-01-03 17:41:33,834 [INFO] ProjectBuilder:3076 - Time for Copy HAL[1] : 325mS.
2024-01-03 17:41:33,841 [INFO] ProjectBuilder:4485 - Project Generator version: 4.2.0-B44
2024-01-03 17:41:34,466 [INFO] ConfigFileManager:1495 - The Die is : DIE433
2024-01-03 17:41:34,583 [INFO] ApiDbMcu:508 - Load IP Config File for FATFS
2024-01-03 17:41:34,702 [INFO] ApiDbMcu:508 - Load IP Config File for FREERTOS
2024-01-03 17:41:34,742 [INFO] ApiDbMcu:508 - Load IP Config File for LIBJPEG
2024-01-03 17:41:34,907 [INFO] ApiDbMcu:508 - Load IP Config File for MBEDTLS
2024-01-03 17:41:35,050 [INFO] ApiDbMcu:508 - Load IP Config File for USB_DEVICE
2024-01-03 17:41:35,102 [INFO] ApiDbMcu:508 - Load IP Config File for USB_HOST
2024-01-03 17:41:36,813 [INFO] LogOutputStream:77 - [STDOUT_REDIRECT] 
2024-01-03 17:41:39,346 [INFO] ProjectBuilder:4747 - Time for Generating toolchain IDE Files: 5504mS.
2024-01-03 17:41:39,347 [INFO] ProjectBuilder:2947 - Time for Copy CMSIS : 1mS.
2024-01-03 17:41:39,353 [INFO] ProjectBuilder:2947 - Time for Copy CMSIS : 0mS.
2024-01-03 19:22:33,139 [INFO] WebApp:354 - JxBrowser engine has been closed 
2024-01-03 20:53:15,351 [ERROR] LogOutputStream:75 - [STDERR_REDIRECT] 
2024-01-03 20:53:15,351 [ERROR] LogOutputStream:75 - [STDERR_REDIRECT] 
