2024-08-23 16:44:16,589 [INFO] Activator:176 - 


2024-08-23 16:44:16,599 [INFO] Activator:177 - !SESSION log4j initialized
2024-08-23 16:44:29,556 [INFO] LogOutputStream:77 - [STDOUT_REDIRECT] 
2024-08-23 16:44:31,534 [INFO] ApplicationProperties:184 - Using Application install path: C:\Users\nathf\STM32CubeIDE_1.13.2\STM32CubeIDE\plugins\com.st.stm32cube.common.mx_6.10.0.202311202037
2024-08-23 16:44:31,594 [INFO] DbMcusXml:78 - Set database path to: C:\Users\nathf\STM32CubeIDE_1.13.2\STM32CubeIDE\plugins\com.st.stm32cube.common.mx_6.10.0.202311202037\\db\/mcu/
2024-08-23 16:44:31,595 [INFO] ApiDb:274 - Set plugin database path to: C:\Users\nathf\STM32CubeIDE_1.13.2\STM32CubeIDE\plugins\com.st.stm32cube.common.mx_6.10.0.202311202037\\db\/plugins/boardmanager/
2024-08-23 16:44:31,596 [WARN] ApiDb:259 - Overriding images path with different value:  => C:\Users\nathf\STM32CubeIDE_1.13.2\STM32CubeIDE\plugins\com.st.stm32cube.common.mx_6.10.0.202311202037\\db\/plugins/mcufinder/images/
2024-08-23 16:44:31,630 [INFO] ApiDb:250 - Set database path to: C:\Users\nathf\.stmcufinder\plugins\mcufinder//mcu/
2024-08-23 16:44:31,651 [INFO] DbMcusAds:125 - Set database path to: C:\Users\nathf\.stmcufinder\plugins\mcufinder//mcu/
2024-08-23 16:44:31,656 [INFO] CrossReferenceDbSqlite:203 - Set database path to: C:\Users\nathf\.stmcufinder\plugins\mcufinder//mcu/cs/
2024-08-23 16:44:32,046 [INFO] RulesReader:64 - Compatibility file has been processed (297 Rules)
2024-08-23 16:44:32,289 [INFO] DbMcusXml:78 - Set database path to: C:\Users\nathf\STM32CubeIDE_1.13.2\STM32CubeIDE\plugins\com.st.stm32cube.common.mx_6.10.0.202311202037\\db\/mcu/
2024-08-23 16:44:32,290 [INFO] ApiDb:274 - Set plugin database path to: C:\Users\nathf\STM32CubeIDE_1.13.2\STM32CubeIDE\plugins\com.st.stm32cube.common.mx_6.10.0.202311202037\\db\/plugins/boardmanager/
2024-08-23 16:44:32,290 [INFO] ApiDb:261 - Set plugin images path to: C:\Users\nathf\STM32CubeIDE_1.13.2\STM32CubeIDE\plugins\com.st.stm32cube.common.mx_6.10.0.202311202037\\db\/plugins/mcufinder/images/
2024-08-23 16:44:32,291 [WARN] DbFile:41 - Overriding database path with different value: C:\Users\nathf\.stmcufinder\plugins\mcufinder/ => C:\Users\nathf\.stmcufinder\plugins\mcufinder
2024-08-23 16:44:32,291 [INFO] ApiDb:250 - Set database path to: C:\Users\nathf\.stmcufinder\plugins\mcufinder//mcu/
2024-08-23 16:44:32,291 [WARN] DbFile:41 - Overriding database path with different value: C:\Users\nathf\.stmcufinder\plugins\mcufinder/ => C:\Users\nathf\.stmcufinder\plugins\mcufinder
2024-08-23 16:44:32,292 [INFO] DbMcusAds:125 - Set database path to: C:\Users\nathf\.stmcufinder\plugins\mcufinder//mcu/
2024-08-23 16:44:32,292 [WARN] DbFile:41 - Overriding database path with different value: C:\Users\nathf\.stmcufinder\plugins\mcufinder/ => C:\Users\nathf\.stmcufinder\plugins\mcufinder
2024-08-23 16:44:32,292 [WARN] DbFile:41 - Overriding database path with different value: C:\Users\nathf\.stmcufinder\plugins\mcufinder/ => C:\Users\nathf\.stmcufinder\plugins\mcufinder
2024-08-23 16:44:32,292 [INFO] CrossReferenceDbSqlite:203 - Set database path to: C:\Users\nathf\.stmcufinder\plugins\mcufinder//mcu/cs/
2024-08-23 16:44:32,468 [INFO] MainPanel:264 - HeapMemory: 268435456
2024-08-23 16:44:32,616 [INFO] DbMcusXml:78 - Set database path to: C:\Users\nathf\STM32CubeIDE_1.13.2\STM32CubeIDE\plugins\com.st.stm32cube.common.mx_6.10.0.202311202037\\db\/mcu/
2024-08-23 16:44:32,616 [INFO] ApiDb:274 - Set plugin database path to: C:\Users\nathf\STM32CubeIDE_1.13.2\STM32CubeIDE\plugins\com.st.stm32cube.common.mx_6.10.0.202311202037\\db\/plugins/boardmanager/
2024-08-23 16:44:32,616 [INFO] ApiDb:261 - Set plugin images path to: C:\Users\nathf\STM32CubeIDE_1.13.2\STM32CubeIDE\plugins\com.st.stm32cube.common.mx_6.10.0.202311202037\\db\/plugins/mcufinder/images/
2024-08-23 16:44:32,616 [WARN] DbFile:41 - Overriding database path with different value: C:\Users\nathf\.stmcufinder\plugins\mcufinder/ => C:\Users\nathf\.stmcufinder\plugins\mcufinder
2024-08-23 16:44:32,617 [INFO] ApiDb:250 - Set database path to: C:\Users\nathf\.stmcufinder\plugins\mcufinder//mcu/
2024-08-23 16:44:32,617 [WARN] DbFile:41 - Overriding database path with different value: C:\Users\nathf\.stmcufinder\plugins\mcufinder/ => C:\Users\nathf\.stmcufinder\plugins\mcufinder
2024-08-23 16:44:32,617 [INFO] DbMcusAds:125 - Set database path to: C:\Users\nathf\.stmcufinder\plugins\mcufinder//mcu/
2024-08-23 16:44:32,617 [WARN] DbFile:41 - Overriding database path with different value: C:\Users\nathf\.stmcufinder\plugins\mcufinder/ => C:\Users\nathf\.stmcufinder\plugins\mcufinder
2024-08-23 16:44:32,617 [WARN] DbFile:41 - Overriding database path with different value: C:\Users\nathf\.stmcufinder\plugins\mcufinder/ => C:\Users\nathf\.stmcufinder\plugins\mcufinder
2024-08-23 16:44:32,617 [INFO] CrossReferenceDbSqlite:203 - Set database path to: C:\Users\nathf\.stmcufinder\plugins\mcufinder//mcu/cs/
2024-08-23 16:44:32,642 [INFO] ApplicationProperties:184 - Using Application install path: C:\Users\nathf\STM32CubeIDE_1.13.2\STM32CubeIDE\plugins\com.st.stm32cube.common.mx_6.10.0.202311202037
2024-08-23 16:44:32,644 [INFO] PluginManage:196 - Search for loadable plugins [exclusion list=, ]
2024-08-23 16:44:32,647 [INFO] PluginManage:310 - Check plugin analytics
2024-08-23 16:44:32,926 [INFO] AnalyticsPlugin:253 - Accepted Software Licenses: STM32CubeMX.6.10.0
2024-08-23 16:44:32,927 [INFO] AnalyticsPlugin:255 - Accepted CMSIS Pack Licenses: 
2024-08-23 16:44:32,927 [INFO] AnalyticsPlugin:257 - Accepted Firmware Licenses: FW.F4.1.27.0
2024-08-23 16:44:32,931 [INFO] PluginManage:359 - Loaded plugin analytics (category:tool,tabindex:-1)
2024-08-23 16:44:32,932 [INFO] PluginManage:310 - Check plugin cadmodel
2024-08-23 16:44:32,953 [INFO] CADModel:105 - Init CAD model plugin
2024-08-23 16:44:32,954 [INFO] PluginManage:359 - Loaded plugin cadmodel (category:power,tabindex:5)
2024-08-23 16:44:32,954 [INFO] PluginManage:310 - Check plugin clock
2024-08-23 16:44:32,984 [INFO] PluginManage:359 - Loaded plugin clock (category:base,tabindex:2)
2024-08-23 16:44:32,984 [INFO] PluginManage:310 - Check plugin ddr
2024-08-23 16:44:32,989 [INFO] PluginManage:359 - Loaded plugin ddr (category:tool,tabindex:6)
2024-08-23 16:44:32,989 [INFO] PluginManage:310 - Check plugin filemanager
2024-08-23 16:44:33,232 [INFO] PluginManage:359 - Loaded plugin filemanager (category:base,tabindex:10)
2024-08-23 16:44:33,232 [INFO] PluginManage:310 - Check plugin ipmanager
2024-08-23 16:44:33,241 [INFO] PluginManage:359 - Loaded plugin ipmanager (category:base,tabindex:5)
2024-08-23 16:44:33,241 [INFO] PluginManage:310 - Check plugin lpbam
2024-08-23 16:44:33,268 [INFO] PluginManage:359 - Loaded plugin lpbam (category:base,tabindex:0)
2024-08-23 16:44:33,268 [INFO] PluginManage:310 - Check plugin memorymap
2024-08-23 16:44:33,300 [INFO] PluginManage:359 - Loaded plugin memorymap (category:base,tabindex:4)
2024-08-23 16:44:33,300 [INFO] PluginManage:310 - Check plugin pinoutandconfiguration
2024-08-23 16:44:33,323 [INFO] PluginManage:359 - Loaded plugin pinoutandconfiguration (category:base,tabindex:1)
2024-08-23 16:44:33,323 [INFO] PluginManage:310 - Check plugin pinoutconfig
2024-08-23 16:44:33,458 [WARN] SupportedApi:132 - Cannot load RTOS API schema: s4s-elt-must-match.1: The content of 'definitions' must match (annotation?, (simpleType | complexType)?, (unique | key | keyref)*)). A problem was found starting at: attribute.
2024-08-23 16:44:33,698 [INFO] PluginManage:359 - Loaded plugin pinoutconfig (category:base,tabindex:0)
2024-08-23 16:44:33,698 [INFO] PluginManage:310 - Check plugin power
2024-08-23 16:44:33,725 [INFO] PluginManage:359 - Loaded plugin power (category:power,tabindex:4)
2024-08-23 16:44:33,725 [INFO] PluginManage:310 - Check plugin projectmanager
2024-08-23 16:44:33,744 [INFO] PluginManage:359 - Loaded plugin projectmanager (category:projectmanager,tabindex:3)
2024-08-23 16:44:33,745 [INFO] PluginManage:310 - Check plugin thirdparty
2024-08-23 16:44:34,339 [INFO] PluginManage:359 - Loaded plugin thirdparty (category:base,tabindex:-1)
2024-08-23 16:44:34,339 [WARN] IntegrityCheckThread:84 - waiting for thirdparty lock release [integrity check]
2024-08-23 16:44:34,340 [INFO] PluginManage:310 - Check plugin tools
2024-08-23 16:44:34,340 [INFO] IntegrityCheckThread:86 - entering critical section [integrity check]
2024-08-23 16:44:34,341 [INFO] ThirdPartyUpdaterWithRetryManager:70 - Updater plugin not ready yet. [1/15]
2024-08-23 16:44:34,421 [INFO] PluginManage:359 - Loaded plugin tools (category:base,tabindex:7)
2024-08-23 16:44:34,421 [INFO] PluginManage:310 - Check plugin tutovideos
2024-08-23 16:44:34,881 [INFO] PluginManage:359 - Loaded plugin tutovideos (category:base,tabindex:-1)
2024-08-23 16:44:34,882 [INFO] PluginManage:310 - Check plugin updater
2024-08-23 16:44:34,906 [INFO] PluginManage:359 - Loaded plugin updater (category:base,tabindex:12)
2024-08-23 16:44:34,906 [INFO] PluginManage:310 - Check plugin userauth
2024-08-23 16:44:34,919 [INFO] UserAuth:114 - Init User Auth plugin
2024-08-23 16:44:34,919 [INFO] PluginManage:359 - Loaded plugin userauth (category:base,tabindex:14)
2024-08-23 16:44:34,920 [INFO] PluginManage:283 - PluginManage : Loaded plugins [17]
2024-08-23 16:44:35,413 [INFO] PinOutPanel:1499 - setPackage(No Configuration,No Configuration)
2024-08-23 16:44:35,576 [INFO] CADModel:165 - CPN selected for project level
2024-08-23 16:44:35,576 [INFO] CADModel:114 - Register for checkConnection events
2024-08-23 16:44:35,608 [INFO] IPUIPlugin:80 - create IPUIPlugin
2024-08-23 16:44:35,609 [INFO] PluginManager:220 - loadIPPluginJar : add adc
2024-08-23 16:44:35,649 [INFO] IPUIPlugin:80 - create IPUIPlugin
2024-08-23 16:44:35,649 [INFO] PluginManager:220 - loadIPPluginJar : add aes
2024-08-23 16:44:35,696 [INFO] IPUIPlugin:80 - create IPUIPlugin
2024-08-23 16:44:35,696 [INFO] PluginManager:220 - loadIPPluginJar : add can
2024-08-23 16:44:35,723 [INFO] IPUIPlugin:80 - create IPUIPlugin
2024-08-23 16:44:35,723 [INFO] PluginManager:220 - loadIPPluginJar : add comp
2024-08-23 16:44:35,763 [INFO] IPUIPlugin:80 - create IPUIPlugin
2024-08-23 16:44:35,763 [INFO] PluginManager:220 - loadIPPluginJar : add cryp
2024-08-23 16:44:35,797 [INFO] IPUIPlugin:80 - create IPUIPlugin
2024-08-23 16:44:35,797 [INFO] PluginManager:220 - loadIPPluginJar : add dfsdm
2024-08-23 16:44:35,813 [INFO] IPUIPlugin:80 - create IPUIPlugin
2024-08-23 16:44:35,813 [INFO] PluginManager:220 - loadIPPluginJar : add dma
2024-08-23 16:44:35,868 [INFO] IPUIPlugin:80 - create IPUIPlugin
2024-08-23 16:44:35,868 [INFO] PluginManager:220 - loadIPPluginJar : add dma3
2024-08-23 16:44:35,892 [INFO] IPUIPlugin:80 - create IPUIPlugin
2024-08-23 16:44:35,892 [INFO] PluginManager:220 - loadIPPluginJar : add fatfs
2024-08-23 16:44:35,951 [INFO] IPUIPlugin:80 - create IPUIPlugin
2024-08-23 16:44:35,951 [INFO] PluginManager:220 - loadIPPluginJar : add fmc
2024-08-23 16:44:35,969 [INFO] IPUIPlugin:80 - create IPUIPlugin
2024-08-23 16:44:35,969 [INFO] PluginManager:220 - loadIPPluginJar : add freertos
2024-08-23 16:44:35,992 [INFO] IPUIPlugin:80 - create IPUIPlugin
2024-08-23 16:44:35,992 [INFO] PluginManager:220 - loadIPPluginJar : add genericplugin
2024-08-23 16:44:36,114 [INFO] IPUIPlugin:80 - create IPUIPlugin
2024-08-23 16:44:36,114 [INFO] PluginManager:220 - loadIPPluginJar : add gfxmmu
2024-08-23 16:44:36,277 [INFO] IPUIPlugin:80 - create IPUIPlugin
2024-08-23 16:44:36,278 [INFO] PluginManager:220 - loadIPPluginJar : add gic
2024-08-23 16:44:36,292 [INFO] IPUIPlugin:80 - create IPUIPlugin
2024-08-23 16:44:36,292 [INFO] PluginManager:220 - loadIPPluginJar : add gpio
2024-08-23 16:44:36,420 [INFO] IPUIPlugin:80 - create IPUIPlugin
2024-08-23 16:44:36,420 [INFO] PluginManager:220 - loadIPPluginJar : add gtzc
2024-08-23 16:44:36,470 [INFO] IPUIPlugin:80 - create IPUIPlugin
2024-08-23 16:44:36,470 [INFO] PluginManager:220 - loadIPPluginJar : add hash
2024-08-23 16:44:36,542 [INFO] IPUIPlugin:80 - create IPUIPlugin
2024-08-23 16:44:36,542 [INFO] PluginManager:220 - loadIPPluginJar : add i2c
2024-08-23 16:44:36,587 [INFO] IPUIPlugin:80 - create IPUIPlugin
2024-08-23 16:44:36,587 [INFO] PluginManager:220 - loadIPPluginJar : add i2s
2024-08-23 16:44:36,649 [INFO] IPUIPlugin:80 - create IPUIPlugin
2024-08-23 16:44:36,649 [INFO] PluginManager:220 - loadIPPluginJar : add i3c
2024-08-23 16:44:36,806 [INFO] IPUIPlugin:80 - create IPUIPlugin
2024-08-23 16:44:36,806 [INFO] PluginManager:220 - loadIPPluginJar : add ipddr
2024-08-23 16:44:36,948 [INFO] IPUIPlugin:80 - create IPUIPlugin
2024-08-23 16:44:36,948 [INFO] PluginManager:220 - loadIPPluginJar : add linkedlist
2024-08-23 16:44:37,030 [INFO] IPUIPlugin:80 - create IPUIPlugin
2024-08-23 16:44:37,031 [INFO] PluginManager:220 - loadIPPluginJar : add lorawan
2024-08-23 16:44:37,118 [INFO] IPUIPlugin:80 - create IPUIPlugin
2024-08-23 16:44:37,118 [INFO] PluginManager:220 - loadIPPluginJar : add ltdc
2024-08-23 16:44:37,149 [INFO] IPUIPlugin:80 - create IPUIPlugin
2024-08-23 16:44:37,149 [INFO] PluginManager:220 - loadIPPluginJar : add mdma
2024-08-23 16:44:37,174 [INFO] IPUIPlugin:80 - create IPUIPlugin
2024-08-23 16:44:37,174 [INFO] PluginManager:220 - loadIPPluginJar : add nvic
2024-08-23 16:44:37,263 [INFO] IPUIPlugin:80 - create IPUIPlugin
2024-08-23 16:44:37,263 [INFO] PluginManager:220 - loadIPPluginJar : add opamp
2024-08-23 16:44:37,342 [INFO] ThirdPartyUpdaterWithRetryManager:70 - Updater plugin not ready yet. [2/15]
2024-08-23 16:44:37,411 [INFO] IPUIPlugin:80 - create IPUIPlugin
2024-08-23 16:44:37,412 [INFO] PluginManager:220 - loadIPPluginJar : add openamp
2024-08-23 16:44:37,525 [INFO] IPUIPlugin:80 - create IPUIPlugin
2024-08-23 16:44:37,525 [INFO] PluginManager:220 - loadIPPluginJar : add pdm2pcm
2024-08-23 16:44:37,554 [INFO] IPUIPlugin:80 - create IPUIPlugin
2024-08-23 16:44:37,559 [INFO] PluginManager:220 - loadIPPluginJar : add plateformsettings
2024-08-23 16:44:37,607 [INFO] IPUIPlugin:80 - create IPUIPlugin
2024-08-23 16:44:37,608 [INFO] PluginManager:220 - loadIPPluginJar : add quadspi
2024-08-23 16:44:37,632 [INFO] IPUIPlugin:80 - create IPUIPlugin
2024-08-23 16:44:37,632 [INFO] PluginManager:220 - loadIPPluginJar : add resmgrutility
2024-08-23 16:44:37,742 [INFO] IPUIPlugin:80 - create IPUIPlugin
2024-08-23 16:44:37,743 [INFO] PluginManager:220 - loadIPPluginJar : add sai
2024-08-23 16:44:37,829 [INFO] IPUIPlugin:80 - create IPUIPlugin
2024-08-23 16:44:37,830 [INFO] PluginManager:220 - loadIPPluginJar : add spi
2024-08-23 16:44:37,990 [INFO] IPUIPlugin:80 - create IPUIPlugin
2024-08-23 16:44:37,990 [INFO] PluginManager:220 - loadIPPluginJar : add stm32_wpan
2024-08-23 16:44:38,051 [INFO] IPUIPlugin:80 - create IPUIPlugin
2024-08-23 16:44:38,051 [INFO] PluginManager:220 - loadIPPluginJar : add tim
2024-08-23 16:44:38,192 [INFO] IPUIPlugin:80 - create IPUIPlugin
2024-08-23 16:44:38,193 [INFO] PluginManager:220 - loadIPPluginJar : add touchsensing
2024-08-23 16:44:38,243 [INFO] IPUIPlugin:80 - create IPUIPlugin
2024-08-23 16:44:38,243 [INFO] PluginManager:220 - loadIPPluginJar : add tracer_emb
2024-08-23 16:44:38,295 [INFO] IPUIPlugin:80 - create IPUIPlugin
2024-08-23 16:44:38,295 [INFO] PluginManager:220 - loadIPPluginJar : add ts
2024-08-23 16:44:38,347 [INFO] IPUIPlugin:80 - create IPUIPlugin
2024-08-23 16:44:38,347 [INFO] PluginManager:220 - loadIPPluginJar : add tsc
2024-08-23 16:44:38,394 [INFO] IPUIPlugin:80 - create IPUIPlugin
2024-08-23 16:44:38,394 [INFO] PluginManager:220 - loadIPPluginJar : add ucpd
2024-08-23 16:44:38,468 [INFO] IPUIPlugin:80 - create IPUIPlugin
2024-08-23 16:44:38,468 [INFO] PluginManager:220 - loadIPPluginJar : add usart
2024-08-23 16:44:38,548 [INFO] IPUIPlugin:80 - create IPUIPlugin
2024-08-23 16:44:38,549 [INFO] PluginManager:220 - loadIPPluginJar : add usbx
2024-08-23 16:44:38,706 [INFO] CADModel:165 - CPN selected for project level
2024-08-23 16:44:38,707 [INFO] CADModel:114 - Register for checkConnection events
2024-08-23 16:44:38,707 [FATAL] Updater:308 - Updater called before beeing initialized
2024-08-23 16:44:38,707 [ERROR] CADModel:125 - Updater not yet initialized, retry later 
2024-08-23 16:44:38,954 [INFO] CADModel:165 - CPN selected for project level
2024-08-23 16:44:38,954 [INFO] CADModel:114 - Register for checkConnection events
2024-08-23 16:44:38,954 [FATAL] Updater:308 - Updater called before beeing initialized
2024-08-23 16:44:38,954 [ERROR] CADModel:125 - Updater not yet initialized, retry later 
2024-08-23 16:44:38,963 [FATAL] Updater:308 - Updater called before beeing initialized
2024-08-23 16:44:39,145 [FATAL] Updater:308 - Updater called before beeing initialized
2024-08-23 16:44:39,160 [INFO] DbMcusAds:53 - JSON generation date=Thu May 16 05:22:00 EDT 2024 (1715851320667)
2024-08-23 16:44:39,160 [FATAL] Updater:308 - Updater called before beeing initialized
2024-08-23 16:44:39,213 [WARN] DetailPanel:346 - Failed to get advertising image, set to default
2024-08-23 16:44:39,319 [FATAL] Updater:308 - Updater called before beeing initialized
2024-08-23 16:44:39,322 [FATAL] Updater:308 - Updater called before beeing initialized
2024-08-23 16:44:39,322 [FATAL] Updater:308 - Updater called before beeing initialized
2024-08-23 16:44:39,322 [WARN] DetailPanel:346 - Failed to get advertising image, set to default
2024-08-23 16:44:39,323 [FATAL] Updater:308 - Updater called before beeing initialized
2024-08-23 16:44:39,401 [ERROR] Updater:1120 - MainUpdater not yet initialized. External WinMGr cannot be set.
2024-08-23 16:44:39,413 [INFO] Updater:1056 - Updater Version found : 6.10.0
2024-08-23 16:44:39,441 [INFO] ApplicationProperties:184 - Using Application install path: C:\Users\nathf\STM32CubeIDE_1.13.2\STM32CubeIDE\plugins\com.st.stm32cube.common.mx_6.10.0.202311202037
2024-08-23 16:44:40,343 [INFO] ThirdPartyUpdaterWithRetryManager:70 - Updater plugin not ready yet. [3/15]
2024-08-23 16:44:41,045 [ERROR] LogOutputStream:75 - [STDERR_REDIRECT] Aug 23, 2024 4:44:41 PM java.util.prefs.WindowsPreferences <init>
2024-08-23 16:44:41,047 [ERROR] LogOutputStream:75 - [STDERR_REDIRECT] WARNING: Could not open/create prefs root node Software\JavaSoft\Prefs at root 0xffffffff80000002. Windows RegCreateKeyEx(...) returned error code 5.
2024-08-23 16:44:41,047 [ERROR] LogOutputStream:75 - [STDERR_REDIRECT] 
2024-08-23 16:44:41,833 [INFO] MainUpdater:2873 - connection check result : 10
2024-08-23 16:44:41,834 [INFO] MainUpdater:3567 - Updater definition file requires update
2024-08-23 16:44:41,836 [INFO] MainUpdater:290 - Updater Check For Update Now.
2024-08-23 16:44:41,837 [INFO] MicroXplorer:498 - Change Database Version : DB.6.0.100
2024-08-23 16:44:41,874 [INFO] McuFinderGlobals:63 - Set McuFinder mode to 2 (CubeIDE integrated)
2024-08-23 16:44:41,874 [INFO] UserAuth:180 - activating auth plugin
2024-08-23 16:44:41,877 [INFO] UserAuth:404 - Internet connection configuration mode: 1
2024-08-23 16:44:41,905 [INFO] JxBrowserEngine:152 - Initiate JxBrowser Engine with user profile folder
2024-08-23 16:44:42,151 [INFO] ServerAccessManage:473 - Download File updaters.zip
2024-08-23 16:44:42,391 [INFO] FileExtend:240 - Unzip File : updaters.zip
2024-08-23 16:44:42,391 [INFO] FileExtend:255 - Standard Zip Deflate
2024-08-23 16:44:43,115 [INFO] ServerAccessManage:473 - Download File PacksControlFlags.xml
2024-08-23 16:44:43,346 [WARN] MainUpdater:1194 - Updater busy. Cannot search thirdparties
2024-08-23 16:44:43,347 [INFO] ThirdPartyUpdaterWithRetryManager:96 - Updater plugin is busy. [1/15]
2024-08-23 16:44:43,430 [INFO] ServerAccessManage:473 - Download File cubemx.pidx
2024-08-23 16:44:45,588 [INFO] ServerAccessManage:473 - Download File STMicroelectronics.X-CUBE-MEMS1.pdsc
2024-08-23 16:44:46,348 [WARN] MainUpdater:1194 - Updater busy. Cannot search thirdparties
2024-08-23 16:44:46,348 [INFO] ThirdPartyUpdaterWithRetryManager:96 - Updater plugin is busy. [2/15]
2024-08-23 16:44:48,061 [INFO] WebApp:161 - Instantiating new browser for Auth
2024-08-23 16:44:49,158 [INFO] WebApp:780 - Register for checkConnection events
2024-08-23 16:44:49,159 [INFO] WebApp:414 - Apply proxy settings
2024-08-23 16:44:49,159 [INFO] WebApp:499 - Chromium requires no authentication
2024-08-23 16:44:49,182 [INFO] WebApp:442 - Direct internet connection detected
2024-08-23 16:44:49,349 [WARN] MainUpdater:1194 - Updater busy. Cannot search thirdparties
2024-08-23 16:44:49,349 [INFO] ThirdPartyUpdaterWithRetryManager:96 - Updater plugin is busy. [3/15]
2024-08-23 16:44:49,809 [INFO] WebApp:192 - Starting web application
2024-08-23 16:44:49,809 [INFO] WebApp:544 - Web application path used C:\Users\nathf\STM32CubeIDE_1.13.2\STM32CubeIDE\plugins\com.st.stm32cube.common.mx_6.10.0.202311202037\db\plugins\mcufinder\reactClient1\index.html
2024-08-23 16:44:50,372 [INFO] ServerAccessManage:473 - Download File STMicroelectronics.X-CUBE-AZRTOS-H7.pdsc
2024-08-23 16:44:52,350 [WARN] MainUpdater:1194 - Updater busy. Cannot search thirdparties
2024-08-23 16:44:52,350 [INFO] ThirdPartyUpdaterWithRetryManager:96 - Updater plugin is busy. [4/15]
2024-08-23 16:44:53,421 [WARN] PackLoader:240 - Cannot read IP mode file for STMicroelectronics.X-CUBE-MEMS1.11.0.0
2024-08-23 16:44:53,451 [INFO] CheckServerUpdateThread:120 - End of CheckServer Thread
2024-08-23 16:44:53,988 [WARN] PackLoader:240 - Cannot read IP mode file for STMicroelectronics.X-CUBE-AZRTOS-H7.3.3.0
2024-08-23 16:44:54,003 [INFO] PopulateThirdPartyThread:66 - Ending populate Thread
2024-08-23 16:44:54,008 [INFO] ThirdParty:1030 - CMSIS Pack Vendor :STMicroelectronics X-CUBE-AZRTOS-H7 3.3.0
2024-08-23 16:44:54,008 [INFO] ThirdParty:1030 - CMSIS Pack Vendor :STMicroelectronics X-CUBE-MEMS1 11.0.0
2024-08-23 16:44:54,009 [INFO] LoadServerUpdatesThread:375 - End of LoadServerUpdate Thread
2024-08-23 16:44:55,642 [WARN] PackLoader:240 - Cannot read IP mode file for STMicroelectronics.FP-SNS-MOTENVWB1.1.4.0
2024-08-23 16:44:55,662 [WARN] PackLoader:240 - Cannot read IP mode file for STMicroelectronics.X-CUBE-SMBUS.2.1.0
2024-08-23 16:44:55,676 [WARN] PackLoader:240 - Cannot read IP mode file for STMicroelectronics.X-CUBE-TOUCHGFX.4.23.0
2024-08-23 16:44:55,689 [WARN] PackLoader:240 - Cannot read IP mode file for STMicroelectronics.X-CUBE-TOUCHGFX.4.23.2
2024-08-23 16:44:55,728 [WARN] PackLoader:240 - Cannot read IP mode file for STMicroelectronics.X-CUBE-AZRTOS-F7.1.1.0
2024-08-23 16:44:55,754 [WARN] PackLoader:240 - Cannot read IP mode file for STMicroelectronics.FP-SNS-MOTENV1.4.3.2
2024-08-23 16:44:55,809 [WARN] PackLoader:240 - Cannot read IP mode file for STMicroelectronics.X-CUBE-MEMS1.11.0.0
2024-08-23 16:44:56,016 [WARN] PackLoader:240 - Cannot read IP mode file for STMicroelectronics.FP-SNS-FLIGHT1.5.0.2
2024-08-23 16:44:56,043 [WARN] PackLoader:240 - Cannot read IP mode file for STMicroelectronics.X-CUBE-DISPLAY.3.0.0
2024-08-23 16:44:56,070 [WARN] PackLoader:240 - Cannot read IP mode file for STMicroelectronics.X-CUBE-BLE1.7.0.0
2024-08-23 16:44:56,091 [WARN] PackLoader:240 - Cannot read IP mode file for emotas.I-CUBE-CANOPEN.1.3.0
2024-08-23 16:44:56,110 [WARN] PackLoader:240 - Cannot read IP mode file for STMicroelectronics.X-CUBE-TOUCHGFX.4.22.1
2024-08-23 16:44:56,135 [WARN] PackLoader:240 - Cannot read IP mode file for STMicroelectronics.X-CUBE-BLEMGR.3.1.0
2024-08-23 16:44:56,158 [WARN] PackLoader:240 - Cannot read IP mode file for STMicroelectronics.FP-SNS-SMARTAG2.1.2.0
2024-08-23 16:44:56,191 [INFO] LogOutputStream:77 - [STDOUT_REDIRECT] 1 : Invalid condition id : UX_CORESTACK_Condition cause : null
2024-08-23 16:44:56,192 [INFO] LogOutputStream:77 - [STDOUT_REDIRECT] 1 : Invalid condition id : UX_CORESTACK_Condition cause : null
2024-08-23 16:44:56,194 [INFO] LogOutputStream:77 - [STDOUT_REDIRECT] 1 : Invalid condition id : UX_CORESTACK_Condition cause : null
2024-08-23 16:44:56,197 [INFO] LogOutputStream:77 - [STDOUT_REDIRECT] 1 : Invalid condition id : UX_CORESTACK_Condition cause : null
2024-08-23 16:44:56,200 [INFO] LogOutputStream:77 - [STDOUT_REDIRECT] 1 : Invalid condition id : UX_CORESTACK_Condition cause : null
2024-08-23 16:44:56,204 [WARN] PackLoader:240 - Cannot read IP mode file for STMicroelectronics.X-CUBE-AZRTOS-WL.2.0.0
2024-08-23 16:44:56,224 [WARN] PackLoader:240 - Cannot read IP mode file for STMicroelectronics.FP-SNS-MOTENV1.5.0.0
2024-08-23 16:44:56,234 [WARN] PackLoader:240 - Cannot read IP mode file for wolfSSL.I-CUBE-wolfMQTT.1.19.0
2024-08-23 16:44:56,256 [WARN] PackLoader:240 - Cannot read IP mode file for WES.I-CUBE-Cesium.1.3.0
2024-08-23 16:44:56,277 [WARN] PackLoader:240 - Cannot read IP mode file for STMicroelectronics.X-CUBE-BLE2.3.3.0
2024-08-23 16:44:56,302 [WARN] PackLoader:240 - Cannot read IP mode file for STMicroelectronics.X-CUBE-TCPP.4.1.0
2024-08-23 16:44:56,326 [WARN] PackLoader:240 - Cannot read IP mode file for STMicroelectronics.X-CUBE-ALGOBUILD.1.3.0
2024-08-23 16:44:56,370 [WARN] PackLoader:240 - Cannot read IP mode file for STMicroelectronics.X-CUBE-AZRTOS-G0.1.1.0
2024-08-23 16:44:56,398 [WARN] PackLoader:240 - Cannot read IP mode file for STMicroelectronics.X-CUBE-SAFEA1.1.2.2
2024-08-23 16:44:56,422 [WARN] PackLoader:240 - Cannot read IP mode file for STMicroelectronics.X-CUBE-NFC4.3.0.0
2024-08-23 16:44:56,446 [WARN] PackLoader:240 - Cannot read IP mode file for EmbeddedOffice.I-CUBE-FS-RTOS.1.0.1
2024-08-23 16:44:56,446 [ERROR] ConditionMgr:805 - Attr not supported : Dmpu
2024-08-23 16:44:56,446 [ERROR] ConditionMgr:805 - Attr not supported : Dmpu
2024-08-23 16:44:56,446 [ERROR] ConditionMgr:805 - Attr not supported : Dmpu
2024-08-23 16:44:56,447 [ERROR] ConditionMgr:805 - Attr not supported : Dmpu
2024-08-23 16:44:56,447 [ERROR] ConditionMgr:805 - Attr not supported : Dmpu
2024-08-23 16:44:56,447 [ERROR] ConditionMgr:805 - Attr not supported : Dmpu
2024-08-23 16:44:56,447 [ERROR] ConditionMgr:805 - Attr not supported : Dmpu
2024-08-23 16:44:56,447 [ERROR] ConditionMgr:805 - Attr not supported : Dmpu
2024-08-23 16:44:56,447 [ERROR] ConditionMgr:805 - Attr not supported : Dmpu
2024-08-23 16:44:56,447 [ERROR] ConditionMgr:805 - Attr not supported : Dmpu
2024-08-23 16:44:56,447 [ERROR] ConditionMgr:805 - Attr not supported : Dmpu
2024-08-23 16:44:56,447 [ERROR] ConditionMgr:805 - Attr not supported : Dmpu
2024-08-23 16:44:56,448 [ERROR] ConditionMgr:805 - Attr not supported : Dmpu
2024-08-23 16:44:56,448 [ERROR] ConditionMgr:805 - Attr not supported : Dmpu
2024-08-23 16:44:56,448 [ERROR] ConditionMgr:805 - Attr not supported : Dmpu
2024-08-23 16:44:56,448 [ERROR] ConditionMgr:805 - Attr not supported : Dmpu
2024-08-23 16:44:56,448 [ERROR] ConditionMgr:805 - Attr not supported : Dmpu
2024-08-23 16:44:56,448 [ERROR] ConditionMgr:805 - Attr not supported : Dmpu
2024-08-23 16:44:56,448 [ERROR] ConditionMgr:805 - Attr not supported : Dmpu
2024-08-23 16:44:56,448 [ERROR] ConditionMgr:805 - Attr not supported : Dmpu
2024-08-23 16:44:56,448 [ERROR] ConditionMgr:805 - Attr not supported : Dmpu
2024-08-23 16:44:56,448 [ERROR] ConditionMgr:805 - Attr not supported : Dmpu
2024-08-23 16:44:56,448 [ERROR] ConditionMgr:805 - Attr not supported : Dmpu
2024-08-23 16:44:56,449 [ERROR] ConditionMgr:805 - Attr not supported : Dmpu
2024-08-23 16:44:56,449 [ERROR] ConditionMgr:805 - Attr not supported : Dmpu
2024-08-23 16:44:56,449 [ERROR] ConditionMgr:805 - Attr not supported : Dmpu
2024-08-23 16:44:56,449 [ERROR] ConditionMgr:805 - Attr not supported : Dmpu
2024-08-23 16:44:56,449 [ERROR] ConditionMgr:805 - Attr not supported : Dmpu
2024-08-23 16:44:56,449 [ERROR] ConditionMgr:805 - Attr not supported : Dmpu
2024-08-23 16:44:56,449 [ERROR] ConditionMgr:805 - Attr not supported : Dmpu
2024-08-23 16:44:56,449 [ERROR] ConditionMgr:805 - Attr not supported : Dmpu
2024-08-23 16:44:56,449 [ERROR] ConditionMgr:805 - Attr not supported : Dmpu
2024-08-23 16:44:56,449 [ERROR] ConditionMgr:805 - Attr not supported : Dmpu
2024-08-23 16:44:56,450 [ERROR] ConditionMgr:805 - Attr not supported : Dmpu
2024-08-23 16:44:56,450 [ERROR] ConditionMgr:805 - Attr not supported : Dmpu
2024-08-23 16:44:56,450 [ERROR] ConditionMgr:805 - Attr not supported : Dmpu
2024-08-23 16:44:56,450 [ERROR] ConditionMgr:805 - Attr not supported : Dmpu
2024-08-23 16:44:56,450 [ERROR] ConditionMgr:805 - Attr not supported : Dmpu
2024-08-23 16:44:56,450 [ERROR] ConditionMgr:805 - Attr not supported : Dmpu
2024-08-23 16:44:56,450 [ERROR] ConditionMgr:805 - Attr not supported : Dmpu
2024-08-23 16:44:56,450 [ERROR] ConditionMgr:805 - Attr not supported : Dmpu
2024-08-23 16:44:56,450 [ERROR] ConditionMgr:805 - Attr not supported : Dmpu
2024-08-23 16:44:56,451 [ERROR] ConditionMgr:805 - Attr not supported : Dmpu
2024-08-23 16:44:56,451 [ERROR] ConditionMgr:805 - Attr not supported : Dmpu
2024-08-23 16:44:56,451 [ERROR] ConditionMgr:805 - Attr not supported : Dmpu
2024-08-23 16:44:56,451 [ERROR] ConditionMgr:805 - Attr not supported : Dmpu
2024-08-23 16:44:56,451 [ERROR] ConditionMgr:805 - Attr not supported : Dmpu
2024-08-23 16:44:56,451 [ERROR] ConditionMgr:805 - Attr not supported : Dmpu
2024-08-23 16:44:56,451 [ERROR] ConditionMgr:805 - Attr not supported : Dmpu
2024-08-23 16:44:56,451 [ERROR] ConditionMgr:805 - Attr not supported : Dmpu
2024-08-23 16:44:56,451 [ERROR] ConditionMgr:805 - Attr not supported : Dmpu
2024-08-23 16:44:56,451 [ERROR] ConditionMgr:805 - Attr not supported : Dmpu
2024-08-23 16:44:56,452 [ERROR] ConditionMgr:805 - Attr not supported : Dmpu
2024-08-23 16:44:56,452 [ERROR] ConditionMgr:805 - Attr not supported : Dmpu
2024-08-23 16:44:56,452 [ERROR] ConditionMgr:805 - Attr not supported : Dmpu
2024-08-23 16:44:56,452 [ERROR] ConditionMgr:805 - Attr not supported : Dmpu
2024-08-23 16:44:56,452 [ERROR] ConditionMgr:805 - Attr not supported : Dmpu
2024-08-23 16:44:56,452 [ERROR] ConditionMgr:805 - Attr not supported : Dmpu
2024-08-23 16:44:56,452 [ERROR] ConditionMgr:805 - Attr not supported : Dmpu
2024-08-23 16:44:56,452 [ERROR] ConditionMgr:805 - Attr not supported : Dmpu
2024-08-23 16:44:56,452 [ERROR] ConditionMgr:805 - Attr not supported : Dmpu
2024-08-23 16:44:56,453 [ERROR] ConditionMgr:805 - Attr not supported : Dmpu
2024-08-23 16:44:56,453 [ERROR] ConditionMgr:805 - Attr not supported : Dmpu
2024-08-23 16:44:56,453 [ERROR] ConditionMgr:805 - Attr not supported : Dmpu
2024-08-23 16:44:56,478 [WARN] PackLoader:240 - Cannot read IP mode file for STMicroelectronics.X-CUBE-BLEMGR.3.0.0
2024-08-23 16:44:56,498 [WARN] PackLoader:240 - Cannot read IP mode file for RealThread.X-CUBE-RT-Thread_Nano.4.1.1
2024-08-23 16:44:56,506 [WARN] PackLoader:240 - Cannot read IP mode file for STMicroelectronics.FP-ATR-SIGFOX1.3.2.0
2024-08-23 16:44:56,527 [WARN] PackLoader:240 - Cannot read IP mode file for STMicroelectronics.X-CUBE-EEPRMA1.5.1.0
2024-08-23 16:44:56,613 [WARN] PackLoader:240 - Cannot read IP mode file for SEGGER.I-CUBE-embOS.1.3.1
2024-08-23 16:44:56,709 [WARN] PackLoader:240 - Cannot read IP mode file for STMicroelectronics.X-CUBE-ALGOBUILD.1.4.0
2024-08-23 16:44:56,739 [WARN] PackLoader:240 - Cannot read IP mode file for STMicroelectronics.X-CUBE-GNSS1.6.0.0
2024-08-23 16:44:56,795 [WARN] PackLoader:240 - Cannot read IP mode file for STMicroelectronics.X-CUBE-AZRTOS-F4.1.1.0
2024-08-23 16:44:56,821 [WARN] PackLoader:240 - Cannot read IP mode file for wolfSSL.I-CUBE-wolfSSL.5.6.4
2024-08-23 16:44:56,845 [WARN] PackLoader:240 - Cannot read IP mode file for STMicroelectronics.X-CUBE-FREERTOS.1.2.0
2024-08-23 16:44:56,906 [WARN] PackLoader:240 - Cannot read IP mode file for STMicroelectronics.X-CUBE-AZRTOS-L5.2.0.0
2024-08-23 16:44:56,935 [WARN] PackLoader:240 - Cannot read IP mode file for STMicroelectronics.X-CUBE-EEPRMA1.4.2.0
2024-08-23 16:44:56,976 [WARN] PackLoader:240 - Cannot read IP mode file for STMicroelectronics.X-CUBE-NFC6.3.1.0
2024-08-23 16:44:57,016 [WARN] PackLoader:240 - Cannot read IP mode file for ITTIA_DB.I-CUBE-ITTIADB.8.8.0
2024-08-23 16:44:57,050 [WARN] PackLoader:240 - Cannot read IP mode file for STMicroelectronics.X-CUBE-DPower.1.2.0
2024-08-23 16:44:57,082 [WARN] PackLoader:240 - Cannot read IP mode file for STMicroelectronics.X-CUBE-AI.9.0.0
2024-08-23 16:44:57,155 [WARN] ConditionMgr:438 - getConditionDescription Invalid condition id : UX DEVICE CLASS RTOS Condition cause : null
2024-08-23 16:44:57,155 [WARN] ConditionMgr:438 - getConditionDescription Invalid condition id : UX DEVICE CLASS RTOS Condition cause : null
2024-08-23 16:44:57,164 [WARN] PackLoader:240 - Cannot read IP mode file for STMicroelectronics.X-CUBE-AZRTOS-H7.3.1.0
2024-08-23 16:44:57,167 [WARN] ConditionMgr:1039 - genDependencies : Invalid condition id : UX DEVICE CLASS RTOS Condition cause : null
2024-08-23 16:44:57,167 [WARN] ConditionMgr:1039 - genDependencies : Invalid condition id : UX DEVICE CLASS RTOS Condition cause : null
2024-08-23 16:44:57,168 [WARN] ConditionMgr:1039 - genDependencies : Invalid condition id : UX DEVICE CLASS RTOS Condition cause : null
2024-08-23 16:44:57,169 [WARN] ConditionMgr:1039 - genDependencies : Invalid condition id : UX DEVICE CLASS RTOS Condition cause : null
2024-08-23 16:44:57,169 [WARN] ConditionMgr:1039 - genDependencies : Invalid condition id : UX DEVICE CLASS RTOS Condition cause : null
2024-08-23 16:44:57,209 [WARN] PackLoader:240 - Cannot read IP mode file for STMicroelectronics.X-CUBE-NFC7.1.0.1
2024-08-23 16:44:57,222 [WARN] PackLoader:240 - Cannot read IP mode file for wolfSSL.I-CUBE-wolfTPM.3.2.0
2024-08-23 16:44:57,254 [WARN] PackLoader:240 - Cannot read IP mode file for STMicroelectronics.X-CUBE-NFC6.3.0.0
2024-08-23 16:44:57,283 [WARN] PackLoader:240 - Cannot read IP mode file for STMicroelectronics.X-CUBE-AI.8.1.0
2024-08-23 16:44:57,351 [WARN] ConditionMgr:438 - getConditionDescription Invalid condition id : LAN8742 Phy interface Condition cause : null
2024-08-23 16:44:57,352 [WARN] PackLoader:240 - Cannot read IP mode file for STMicroelectronics.X-CUBE-AZRTOS-L4.2.0.0
2024-08-23 16:44:57,354 [WARN] ConditionMgr:1039 - genDependencies : Invalid condition id : LAN8742 Phy interface Condition cause : null
2024-08-23 16:44:57,355 [WARN] ConditionMgr:1039 - genDependencies : Invalid condition id : LAN8742 Phy interface Condition cause : null
2024-08-23 16:44:57,356 [WARN] ConditionMgr:1039 - genDependencies : Invalid condition id : LAN8742 Phy interface Condition cause : null
2024-08-23 16:44:57,392 [WARN] PackLoader:240 - Cannot read IP mode file for STMicroelectronics.X-CUBE-SFXS2LP1.4.0.0
2024-08-23 16:44:57,419 [WARN] PackLoader:240 - Cannot read IP mode file for STMicroelectronics.X-CUBE-ISPU.1.1.0
2024-08-23 16:44:57,466 [WARN] PackLoader:240 - Cannot read IP mode file for STMicroelectronics.X-CUBE-AZRTOS-H7.3.3.0
2024-08-23 16:44:57,537 [WARN] ConditionMgr:438 - getConditionDescription Invalid condition id : UX DEVICE CLASS RTOS Condition cause : null
2024-08-23 16:44:57,537 [WARN] ConditionMgr:438 - getConditionDescription Invalid condition id : UX DEVICE CLASS RTOS Condition cause : null
2024-08-23 16:44:57,545 [WARN] PackLoader:240 - Cannot read IP mode file for STMicroelectronics.X-CUBE-AZRTOS-WB.2.0.0
2024-08-23 16:44:57,546 [WARN] ConditionMgr:1039 - genDependencies : Invalid condition id : UX DEVICE CLASS RTOS Condition cause : null
2024-08-23 16:44:57,546 [WARN] ConditionMgr:1039 - genDependencies : Invalid condition id : UX DEVICE CLASS RTOS Condition cause : null
2024-08-23 16:44:57,547 [WARN] ConditionMgr:1039 - genDependencies : Invalid condition id : UX DEVICE CLASS RTOS Condition cause : null
2024-08-23 16:44:57,548 [WARN] ConditionMgr:1039 - genDependencies : Invalid condition id : UX DEVICE CLASS RTOS Condition cause : null
2024-08-23 16:44:57,548 [WARN] ConditionMgr:1039 - genDependencies : Invalid condition id : UX DEVICE CLASS RTOS Condition cause : null
2024-08-23 16:44:57,581 [WARN] PackLoader:240 - Cannot read IP mode file for STMicroelectronics.FP-SNS-STBOX1.2.0.0
2024-08-23 16:44:57,635 [WARN] PackLoader:240 - Cannot read IP mode file for STMicroelectronics.X-CUBE-SUBG2.5.0.0
2024-08-23 16:44:57,659 [WARN] PackLoader:240 - Cannot read IP mode file for Cesanta.I-CUBE-Mongoose.7.13.0
2024-08-23 16:44:57,709 [WARN] PackLoader:240 - Cannot read IP mode file for STMicroelectronics.X-CUBE-TOF1.3.3.1
2024-08-23 16:44:57,802 [WARN] PackLoader:240 - Cannot read IP mode file for STMicroelectronics.X-CUBE-AZRTOS-G4.2.0.0
2024-08-23 16:44:57,860 [WARN] PackLoader:240 - Cannot read IP mode file for Infineon.AIROC-Wi-Fi-Bluetooth-STM32.1.5.1
2024-08-23 16:44:57,894 [WARN] PackLoader:240 - Cannot read IP mode file for STMicroelectronics.FP-SNS-MOTENVWB1.1.3.0
2024-08-23 16:44:57,925 [WARN] PackLoader:240 - Cannot read IP mode file for STMicroelectronics.FP-SNS-MOTENVWB1.1.3.1
2024-08-23 16:44:57,954 [WARN] PackLoader:240 - Cannot read IP mode file for STMicroelectronics.X-CUBE-ISPU.2.0.0
2024-08-23 16:44:57,987 [WARN] PackLoader:240 - Cannot read IP mode file for STMicroelectronics.X-CUBE-ALS.1.0.2
2024-08-23 16:44:58,065 [WARN] PackLoader:240 - Cannot read IP mode file for STMicroelectronics.X-CUBE-MEMS1.10.0.0
2024-08-23 16:44:58,233 [WARN] PackLoader:240 - Cannot read IP mode file for STMicroelectronics.X-CUBE-FREERTOS.1.1.0
2024-08-23 16:44:58,250 [WARN] PackLoader:240 - Cannot read IP mode file for STMicroelectronics.X-CUBE-TOUCHGFX.4.24.0
2024-08-23 16:44:58,266 [WARN] PackLoader:240 - Cannot read IP mode file for portGmbH.I-Cube-SoM-uGOAL.1.1.0
2024-08-23 16:44:58,282 [WARN] PackLoader:240 - Cannot read IP mode file for STMicroelectronics.X-CUBE-ALS.1.0.1
2024-08-23 16:44:58,322 [WARN] PackLoader:240 - Cannot read IP mode file for STMicroelectronics.X-CUBE-AZRTOS-H7RS.1.0.0
2024-08-23 16:44:58,331 [WARN] PackLoader:240 - Cannot read IP mode file for STMicroelectronics.FP-ATR-ASTRA1.2.0.0
2024-08-23 16:44:58,355 [WARN] PackLoader:240 - Cannot read IP mode file for STMicroelectronics.X-CUBE-TOF1.3.4.2
2024-08-23 16:44:58,392 [WARN] PackLoader:240 - Cannot read IP mode file for STMicroelectronics.X-CUBE-TOF1.3.4.0
2024-08-23 16:44:58,438 [WARN] PackLoader:240 - Cannot read IP mode file for STMicroelectronics.X-CUBE-TOF1.3.4.1
2024-08-23 16:44:58,487 [WARN] PackLoader:240 - Cannot read IP mode file for STMicroelectronics.X-CUBE-AZRTOS-H7.3.2.0
2024-08-23 16:44:58,495 [WARN] PackLoader:240 - Cannot read IP mode file for wolfSSL.I-CUBE-wolfSSH.1.4.17
2024-08-23 16:44:58,496 [INFO] ThirdParty:978 - Integrity check success = true
2024-08-23 16:44:58,496 [INFO] IntegrityCheckThread:100 - exiting critical section [integrity check]
2024-08-23 16:44:58,496 [INFO] IntegrityCheckThread:103 - End integrity checks thread
2024-08-23 16:45:11,755 [ERROR] LogOutputStream:75 - [STDERR_REDIRECT] SLF4J: Failed to load class "org.slf4j.impl.StaticLoggerBinder".
2024-08-23 16:45:11,757 [ERROR] LogOutputStream:75 - [STDERR_REDIRECT] SLF4J: Defaulting to no-operation (NOP) logger implementation
2024-08-23 16:45:11,761 [ERROR] LogOutputStream:75 - [STDERR_REDIRECT] SLF4J: See http://www.slf4j.org/codes.html#StaticLoggerBinder for further details.
2024-08-23 18:33:23,624 [INFO] WebApp:354 - JxBrowser engine has been closed 
