2024-07-14 19:53:02,280 [INFO] Activator:176 - 


2024-07-14 19:53:02,287 [INFO] Activator:177 - !SESSION log4j initialized
2024-07-14 19:53:14,008 [INFO] LogOutputStream:77 - [STDOUT_REDIRECT] 
2024-07-14 19:53:16,122 [INFO] ApplicationProperties:184 - Using Application install path: C:\Users\nathf\STM32CubeIDE_1.13.2\STM32CubeIDE\plugins\com.st.stm32cube.common.mx_6.10.0.202311202037
2024-07-14 19:53:16,144 [INFO] DbMcusXml:78 - Set database path to: C:\Users\nathf\STM32CubeIDE_1.13.2\STM32CubeIDE\plugins\com.st.stm32cube.common.mx_6.10.0.202311202037\\db\/mcu/
2024-07-14 19:53:16,144 [INFO] ApiDb:274 - Set plugin database path to: C:\Users\nathf\STM32CubeIDE_1.13.2\STM32CubeIDE\plugins\com.st.stm32cube.common.mx_6.10.0.202311202037\\db\/plugins/boardmanager/
2024-07-14 19:53:16,145 [WARN] ApiDb:259 - Overriding images path with different value:  => C:\Users\nathf\STM32CubeIDE_1.13.2\STM32CubeIDE\plugins\com.st.stm32cube.common.mx_6.10.0.202311202037\\db\/plugins/mcufinder/images/
2024-07-14 19:53:16,161 [INFO] ApiDb:250 - Set database path to: C:\Users\nathf\.stmcufinder\plugins\mcufinder//mcu/
2024-07-14 19:53:16,162 [INFO] DbMcusAds:125 - Set database path to: C:\Users\nathf\.stmcufinder\plugins\mcufinder//mcu/
2024-07-14 19:53:16,164 [INFO] CrossReferenceDbSqlite:203 - Set database path to: C:\Users\nathf\.stmcufinder\plugins\mcufinder//mcu/cs/
2024-07-14 19:53:16,321 [INFO] RulesReader:64 - Compatibility file has been processed (297 Rules)
2024-07-14 19:53:16,455 [INFO] DbMcusXml:78 - Set database path to: C:\Users\nathf\STM32CubeIDE_1.13.2\STM32CubeIDE\plugins\com.st.stm32cube.common.mx_6.10.0.202311202037\\db\/mcu/
2024-07-14 19:53:16,455 [INFO] ApiDb:274 - Set plugin database path to: C:\Users\nathf\STM32CubeIDE_1.13.2\STM32CubeIDE\plugins\com.st.stm32cube.common.mx_6.10.0.202311202037\\db\/plugins/boardmanager/
2024-07-14 19:53:16,456 [INFO] ApiDb:261 - Set plugin images path to: C:\Users\nathf\STM32CubeIDE_1.13.2\STM32CubeIDE\plugins\com.st.stm32cube.common.mx_6.10.0.202311202037\\db\/plugins/mcufinder/images/
2024-07-14 19:53:16,456 [WARN] DbFile:41 - Overriding database path with different value: C:\Users\nathf\.stmcufinder\plugins\mcufinder/ => C:\Users\nathf\.stmcufinder\plugins\mcufinder
2024-07-14 19:53:16,456 [INFO] ApiDb:250 - Set database path to: C:\Users\nathf\.stmcufinder\plugins\mcufinder//mcu/
2024-07-14 19:53:16,456 [WARN] DbFile:41 - Overriding database path with different value: C:\Users\nathf\.stmcufinder\plugins\mcufinder/ => C:\Users\nathf\.stmcufinder\plugins\mcufinder
2024-07-14 19:53:16,456 [INFO] DbMcusAds:125 - Set database path to: C:\Users\nathf\.stmcufinder\plugins\mcufinder//mcu/
2024-07-14 19:53:16,456 [WARN] DbFile:41 - Overriding database path with different value: C:\Users\nathf\.stmcufinder\plugins\mcufinder/ => C:\Users\nathf\.stmcufinder\plugins\mcufinder
2024-07-14 19:53:16,456 [WARN] DbFile:41 - Overriding database path with different value: C:\Users\nathf\.stmcufinder\plugins\mcufinder/ => C:\Users\nathf\.stmcufinder\plugins\mcufinder
2024-07-14 19:53:16,456 [INFO] CrossReferenceDbSqlite:203 - Set database path to: C:\Users\nathf\.stmcufinder\plugins\mcufinder//mcu/cs/
2024-07-14 19:53:16,635 [INFO] MainPanel:264 - HeapMemory: 268435456
2024-07-14 19:53:16,832 [INFO] DbMcusXml:78 - Set database path to: C:\Users\nathf\STM32CubeIDE_1.13.2\STM32CubeIDE\plugins\com.st.stm32cube.common.mx_6.10.0.202311202037\\db\/mcu/
2024-07-14 19:53:16,832 [INFO] ApiDb:274 - Set plugin database path to: C:\Users\nathf\STM32CubeIDE_1.13.2\STM32CubeIDE\plugins\com.st.stm32cube.common.mx_6.10.0.202311202037\\db\/plugins/boardmanager/
2024-07-14 19:53:16,832 [INFO] ApiDb:261 - Set plugin images path to: C:\Users\nathf\STM32CubeIDE_1.13.2\STM32CubeIDE\plugins\com.st.stm32cube.common.mx_6.10.0.202311202037\\db\/plugins/mcufinder/images/
2024-07-14 19:53:16,834 [WARN] DbFile:41 - Overriding database path with different value: C:\Users\nathf\.stmcufinder\plugins\mcufinder/ => C:\Users\nathf\.stmcufinder\plugins\mcufinder
2024-07-14 19:53:16,834 [INFO] ApiDb:250 - Set database path to: C:\Users\nathf\.stmcufinder\plugins\mcufinder//mcu/
2024-07-14 19:53:16,834 [WARN] DbFile:41 - Overriding database path with different value: C:\Users\nathf\.stmcufinder\plugins\mcufinder/ => C:\Users\nathf\.stmcufinder\plugins\mcufinder
2024-07-14 19:53:16,834 [INFO] DbMcusAds:125 - Set database path to: C:\Users\nathf\.stmcufinder\plugins\mcufinder//mcu/
2024-07-14 19:53:16,835 [WARN] DbFile:41 - Overriding database path with different value: C:\Users\nathf\.stmcufinder\plugins\mcufinder/ => C:\Users\nathf\.stmcufinder\plugins\mcufinder
2024-07-14 19:53:16,835 [WARN] DbFile:41 - Overriding database path with different value: C:\Users\nathf\.stmcufinder\plugins\mcufinder/ => C:\Users\nathf\.stmcufinder\plugins\mcufinder
2024-07-14 19:53:16,835 [INFO] CrossReferenceDbSqlite:203 - Set database path to: C:\Users\nathf\.stmcufinder\plugins\mcufinder//mcu/cs/
2024-07-14 19:53:16,875 [INFO] ApplicationProperties:184 - Using Application install path: C:\Users\nathf\STM32CubeIDE_1.13.2\STM32CubeIDE\plugins\com.st.stm32cube.common.mx_6.10.0.202311202037
2024-07-14 19:53:16,878 [INFO] PluginManage:196 - Search for loadable plugins [exclusion list=, ]
2024-07-14 19:53:16,881 [INFO] PluginManage:310 - Check plugin analytics
2024-07-14 19:53:17,321 [INFO] AnalyticsPlugin:253 - Accepted Software Licenses: STM32CubeMX.6.10.0
2024-07-14 19:53:17,322 [INFO] AnalyticsPlugin:255 - Accepted CMSIS Pack Licenses: 
2024-07-14 19:53:17,322 [INFO] AnalyticsPlugin:257 - Accepted Firmware Licenses: FW.F4.1.27.0
2024-07-14 19:53:17,332 [INFO] PluginManage:359 - Loaded plugin analytics (category:tool,tabindex:-1)
2024-07-14 19:53:17,333 [INFO] PluginManage:310 - Check plugin cadmodel
2024-07-14 19:53:17,374 [INFO] CADModel:105 - Init CAD model plugin
2024-07-14 19:53:17,375 [INFO] PluginManage:359 - Loaded plugin cadmodel (category:power,tabindex:5)
2024-07-14 19:53:17,376 [INFO] PluginManage:310 - Check plugin clock
2024-07-14 19:53:17,421 [INFO] PluginManage:359 - Loaded plugin clock (category:base,tabindex:2)
2024-07-14 19:53:17,421 [INFO] PluginManage:310 - Check plugin ddr
2024-07-14 19:53:17,426 [INFO] PluginManage:359 - Loaded plugin ddr (category:tool,tabindex:6)
2024-07-14 19:53:17,427 [INFO] PluginManage:310 - Check plugin filemanager
2024-07-14 19:53:17,757 [INFO] PluginManage:359 - Loaded plugin filemanager (category:base,tabindex:10)
2024-07-14 19:53:17,757 [INFO] PluginManage:310 - Check plugin ipmanager
2024-07-14 19:53:17,773 [INFO] PluginManage:359 - Loaded plugin ipmanager (category:base,tabindex:5)
2024-07-14 19:53:17,773 [INFO] PluginManage:310 - Check plugin lpbam
2024-07-14 19:53:17,811 [INFO] PluginManage:359 - Loaded plugin lpbam (category:base,tabindex:0)
2024-07-14 19:53:17,811 [INFO] PluginManage:310 - Check plugin memorymap
2024-07-14 19:53:17,860 [INFO] PluginManage:359 - Loaded plugin memorymap (category:base,tabindex:4)
2024-07-14 19:53:17,861 [INFO] PluginManage:310 - Check plugin pinoutandconfiguration
2024-07-14 19:53:17,895 [INFO] PluginManage:359 - Loaded plugin pinoutandconfiguration (category:base,tabindex:1)
2024-07-14 19:53:17,896 [INFO] PluginManage:310 - Check plugin pinoutconfig
2024-07-14 19:53:18,049 [WARN] SupportedApi:132 - Cannot load RTOS API schema: s4s-elt-must-match.1: The content of 'definitions' must match (annotation?, (simpleType | complexType)?, (unique | key | keyref)*)). A problem was found starting at: attribute.
2024-07-14 19:53:18,234 [INFO] PluginManage:359 - Loaded plugin pinoutconfig (category:base,tabindex:0)
2024-07-14 19:53:18,234 [INFO] PluginManage:310 - Check plugin power
2024-07-14 19:53:18,259 [INFO] PluginManage:359 - Loaded plugin power (category:power,tabindex:4)
2024-07-14 19:53:18,259 [INFO] PluginManage:310 - Check plugin projectmanager
2024-07-14 19:53:18,279 [INFO] PluginManage:359 - Loaded plugin projectmanager (category:projectmanager,tabindex:3)
2024-07-14 19:53:18,280 [INFO] PluginManage:310 - Check plugin thirdparty
2024-07-14 19:53:18,598 [INFO] PluginManage:359 - Loaded plugin thirdparty (category:base,tabindex:-1)
2024-07-14 19:53:18,598 [WARN] IntegrityCheckThread:84 - waiting for thirdparty lock release [integrity check]
2024-07-14 19:53:18,598 [INFO] PluginManage:310 - Check plugin tools
2024-07-14 19:53:18,599 [INFO] IntegrityCheckThread:86 - entering critical section [integrity check]
2024-07-14 19:53:18,599 [INFO] ThirdPartyUpdaterWithRetryManager:70 - Updater plugin not ready yet. [1/15]
2024-07-14 19:53:18,642 [INFO] PluginManage:359 - Loaded plugin tools (category:base,tabindex:7)
2024-07-14 19:53:18,642 [INFO] PluginManage:310 - Check plugin tutovideos
2024-07-14 19:53:18,857 [INFO] PluginManage:359 - Loaded plugin tutovideos (category:base,tabindex:-1)
2024-07-14 19:53:18,858 [INFO] PluginManage:310 - Check plugin updater
2024-07-14 19:53:18,871 [INFO] PluginManage:359 - Loaded plugin updater (category:base,tabindex:12)
2024-07-14 19:53:18,872 [INFO] PluginManage:310 - Check plugin userauth
2024-07-14 19:53:18,878 [INFO] UserAuth:114 - Init User Auth plugin
2024-07-14 19:53:18,878 [INFO] PluginManage:359 - Loaded plugin userauth (category:base,tabindex:14)
2024-07-14 19:53:18,879 [INFO] PluginManage:283 - PluginManage : Loaded plugins [17]
2024-07-14 19:53:19,193 [INFO] PinOutPanel:1499 - setPackage(No Configuration,No Configuration)
2024-07-14 19:53:19,300 [INFO] CADModel:165 - CPN selected for project level
2024-07-14 19:53:19,300 [INFO] CADModel:114 - Register for checkConnection events
2024-07-14 19:53:19,334 [INFO] IPUIPlugin:80 - create IPUIPlugin
2024-07-14 19:53:19,334 [INFO] PluginManager:220 - loadIPPluginJar : add adc
2024-07-14 19:53:19,380 [INFO] IPUIPlugin:80 - create IPUIPlugin
2024-07-14 19:53:19,381 [INFO] PluginManager:220 - loadIPPluginJar : add aes
2024-07-14 19:53:19,441 [INFO] IPUIPlugin:80 - create IPUIPlugin
2024-07-14 19:53:19,441 [INFO] PluginManager:220 - loadIPPluginJar : add can
2024-07-14 19:53:19,493 [INFO] IPUIPlugin:80 - create IPUIPlugin
2024-07-14 19:53:19,493 [INFO] PluginManager:220 - loadIPPluginJar : add comp
2024-07-14 19:53:19,574 [INFO] IPUIPlugin:80 - create IPUIPlugin
2024-07-14 19:53:19,575 [INFO] PluginManager:220 - loadIPPluginJar : add cryp
2024-07-14 19:53:19,644 [INFO] IPUIPlugin:80 - create IPUIPlugin
2024-07-14 19:53:19,645 [INFO] PluginManager:220 - loadIPPluginJar : add dfsdm
2024-07-14 19:53:19,675 [INFO] IPUIPlugin:80 - create IPUIPlugin
2024-07-14 19:53:19,676 [INFO] PluginManager:220 - loadIPPluginJar : add dma
2024-07-14 19:53:19,778 [INFO] IPUIPlugin:80 - create IPUIPlugin
2024-07-14 19:53:19,778 [INFO] PluginManager:220 - loadIPPluginJar : add dma3
2024-07-14 19:53:19,828 [INFO] IPUIPlugin:80 - create IPUIPlugin
2024-07-14 19:53:19,828 [INFO] PluginManager:220 - loadIPPluginJar : add fatfs
2024-07-14 19:53:19,936 [INFO] IPUIPlugin:80 - create IPUIPlugin
2024-07-14 19:53:19,937 [INFO] PluginManager:220 - loadIPPluginJar : add fmc
2024-07-14 19:53:19,968 [INFO] IPUIPlugin:80 - create IPUIPlugin
2024-07-14 19:53:19,968 [INFO] PluginManager:220 - loadIPPluginJar : add freertos
2024-07-14 19:53:20,016 [INFO] IPUIPlugin:80 - create IPUIPlugin
2024-07-14 19:53:20,016 [INFO] PluginManager:220 - loadIPPluginJar : add genericplugin
2024-07-14 19:53:20,237 [INFO] IPUIPlugin:80 - create IPUIPlugin
2024-07-14 19:53:20,237 [INFO] PluginManager:220 - loadIPPluginJar : add gfxmmu
2024-07-14 19:53:20,554 [INFO] IPUIPlugin:80 - create IPUIPlugin
2024-07-14 19:53:20,554 [INFO] PluginManager:220 - loadIPPluginJar : add gic
2024-07-14 19:53:20,588 [INFO] IPUIPlugin:80 - create IPUIPlugin
2024-07-14 19:53:20,588 [INFO] PluginManager:220 - loadIPPluginJar : add gpio
2024-07-14 19:53:20,798 [INFO] IPUIPlugin:80 - create IPUIPlugin
2024-07-14 19:53:20,799 [INFO] PluginManager:220 - loadIPPluginJar : add gtzc
2024-07-14 19:53:20,874 [INFO] IPUIPlugin:80 - create IPUIPlugin
2024-07-14 19:53:20,875 [INFO] PluginManager:220 - loadIPPluginJar : add hash
2024-07-14 19:53:21,011 [INFO] IPUIPlugin:80 - create IPUIPlugin
2024-07-14 19:53:21,011 [INFO] PluginManager:220 - loadIPPluginJar : add i2c
2024-07-14 19:53:21,095 [INFO] IPUIPlugin:80 - create IPUIPlugin
2024-07-14 19:53:21,095 [INFO] PluginManager:220 - loadIPPluginJar : add i2s
2024-07-14 19:53:21,158 [INFO] IPUIPlugin:80 - create IPUIPlugin
2024-07-14 19:53:21,158 [INFO] PluginManager:220 - loadIPPluginJar : add i3c
2024-07-14 19:53:21,309 [INFO] IPUIPlugin:80 - create IPUIPlugin
2024-07-14 19:53:21,309 [INFO] PluginManager:220 - loadIPPluginJar : add ipddr
2024-07-14 19:53:21,421 [INFO] IPUIPlugin:80 - create IPUIPlugin
2024-07-14 19:53:21,421 [INFO] PluginManager:220 - loadIPPluginJar : add linkedlist
2024-07-14 19:53:21,462 [INFO] IPUIPlugin:80 - create IPUIPlugin
2024-07-14 19:53:21,463 [INFO] PluginManager:220 - loadIPPluginJar : add lorawan
2024-07-14 19:53:21,506 [INFO] IPUIPlugin:80 - create IPUIPlugin
2024-07-14 19:53:21,507 [INFO] PluginManager:220 - loadIPPluginJar : add ltdc
2024-07-14 19:53:21,523 [INFO] IPUIPlugin:80 - create IPUIPlugin
2024-07-14 19:53:21,523 [INFO] PluginManager:220 - loadIPPluginJar : add mdma
2024-07-14 19:53:21,536 [INFO] IPUIPlugin:80 - create IPUIPlugin
2024-07-14 19:53:21,536 [INFO] PluginManager:220 - loadIPPluginJar : add nvic
2024-07-14 19:53:21,581 [INFO] IPUIPlugin:80 - create IPUIPlugin
2024-07-14 19:53:21,581 [INFO] PluginManager:220 - loadIPPluginJar : add opamp
2024-07-14 19:53:21,601 [INFO] ThirdPartyUpdaterWithRetryManager:70 - Updater plugin not ready yet. [2/15]
2024-07-14 19:53:21,655 [INFO] IPUIPlugin:80 - create IPUIPlugin
2024-07-14 19:53:21,655 [INFO] PluginManager:220 - loadIPPluginJar : add openamp
2024-07-14 19:53:21,709 [INFO] IPUIPlugin:80 - create IPUIPlugin
2024-07-14 19:53:21,709 [INFO] PluginManager:220 - loadIPPluginJar : add pdm2pcm
2024-07-14 19:53:21,726 [INFO] IPUIPlugin:80 - create IPUIPlugin
2024-07-14 19:53:21,728 [INFO] PluginManager:220 - loadIPPluginJar : add plateformsettings
2024-07-14 19:53:21,752 [INFO] IPUIPlugin:80 - create IPUIPlugin
2024-07-14 19:53:21,753 [INFO] PluginManager:220 - loadIPPluginJar : add quadspi
2024-07-14 19:53:21,766 [INFO] IPUIPlugin:80 - create IPUIPlugin
2024-07-14 19:53:21,767 [INFO] PluginManager:220 - loadIPPluginJar : add resmgrutility
2024-07-14 19:53:21,825 [INFO] IPUIPlugin:80 - create IPUIPlugin
2024-07-14 19:53:21,825 [INFO] PluginManager:220 - loadIPPluginJar : add sai
2024-07-14 19:53:21,871 [INFO] IPUIPlugin:80 - create IPUIPlugin
2024-07-14 19:53:21,871 [INFO] PluginManager:220 - loadIPPluginJar : add spi
2024-07-14 19:53:21,953 [INFO] IPUIPlugin:80 - create IPUIPlugin
2024-07-14 19:53:21,953 [INFO] PluginManager:220 - loadIPPluginJar : add stm32_wpan
2024-07-14 19:53:21,980 [INFO] IPUIPlugin:80 - create IPUIPlugin
2024-07-14 19:53:21,980 [INFO] PluginManager:220 - loadIPPluginJar : add tim
2024-07-14 19:53:22,048 [INFO] IPUIPlugin:80 - create IPUIPlugin
2024-07-14 19:53:22,048 [INFO] PluginManager:220 - loadIPPluginJar : add touchsensing
2024-07-14 19:53:22,075 [INFO] IPUIPlugin:80 - create IPUIPlugin
2024-07-14 19:53:22,075 [INFO] PluginManager:220 - loadIPPluginJar : add tracer_emb
2024-07-14 19:53:22,105 [INFO] IPUIPlugin:80 - create IPUIPlugin
2024-07-14 19:53:22,105 [INFO] PluginManager:220 - loadIPPluginJar : add ts
2024-07-14 19:53:22,132 [INFO] IPUIPlugin:80 - create IPUIPlugin
2024-07-14 19:53:22,132 [INFO] PluginManager:220 - loadIPPluginJar : add tsc
2024-07-14 19:53:22,165 [INFO] IPUIPlugin:80 - create IPUIPlugin
2024-07-14 19:53:22,166 [INFO] PluginManager:220 - loadIPPluginJar : add ucpd
2024-07-14 19:53:22,221 [INFO] IPUIPlugin:80 - create IPUIPlugin
2024-07-14 19:53:22,221 [INFO] PluginManager:220 - loadIPPluginJar : add usart
2024-07-14 19:53:22,277 [INFO] IPUIPlugin:80 - create IPUIPlugin
2024-07-14 19:53:22,277 [INFO] PluginManager:220 - loadIPPluginJar : add usbx
2024-07-14 19:53:22,423 [INFO] CADModel:165 - CPN selected for project level
2024-07-14 19:53:22,423 [INFO] CADModel:114 - Register for checkConnection events
2024-07-14 19:53:22,423 [FATAL] Updater:308 - Updater called before beeing initialized
2024-07-14 19:53:22,423 [ERROR] CADModel:125 - Updater not yet initialized, retry later 
2024-07-14 19:53:22,659 [INFO] CADModel:165 - CPN selected for project level
2024-07-14 19:53:22,659 [INFO] CADModel:114 - Register for checkConnection events
2024-07-14 19:53:22,660 [FATAL] Updater:308 - Updater called before beeing initialized
2024-07-14 19:53:22,660 [ERROR] CADModel:125 - Updater not yet initialized, retry later 
2024-07-14 19:53:22,666 [FATAL] Updater:308 - Updater called before beeing initialized
2024-07-14 19:53:22,939 [FATAL] Updater:308 - Updater called before beeing initialized
2024-07-14 19:53:22,960 [INFO] DbMcusAds:53 - JSON generation date=Wed Nov 29 05:52:27 EST 2023 (1701255147349)
2024-07-14 19:53:22,960 [FATAL] Updater:308 - Updater called before beeing initialized
2024-07-14 19:53:23,051 [WARN] DetailPanel:346 - Failed to get advertising image, set to default
2024-07-14 19:53:23,263 [FATAL] Updater:308 - Updater called before beeing initialized
2024-07-14 19:53:23,268 [FATAL] Updater:308 - Updater called before beeing initialized
2024-07-14 19:53:23,268 [FATAL] Updater:308 - Updater called before beeing initialized
2024-07-14 19:53:23,268 [WARN] DetailPanel:346 - Failed to get advertising image, set to default
2024-07-14 19:53:23,270 [FATAL] Updater:308 - Updater called before beeing initialized
2024-07-14 19:53:23,405 [ERROR] Updater:1120 - MainUpdater not yet initialized. External WinMGr cannot be set.
2024-07-14 19:53:23,426 [INFO] Updater:1056 - Updater Version found : 6.10.0
2024-07-14 19:53:23,465 [INFO] ApplicationProperties:184 - Using Application install path: C:\Users\nathf\STM32CubeIDE_1.13.2\STM32CubeIDE\plugins\com.st.stm32cube.common.mx_6.10.0.202311202037
2024-07-14 19:53:24,601 [INFO] ThirdPartyUpdaterWithRetryManager:70 - Updater plugin not ready yet. [3/15]
2024-07-14 19:53:25,062 [ERROR] LogOutputStream:75 - [STDERR_REDIRECT] Jul 14, 2024 7:53:25 PM java.util.prefs.WindowsPreferences <init>
2024-07-14 19:53:25,063 [ERROR] LogOutputStream:75 - [STDERR_REDIRECT] WARNING: Could not open/create prefs root node Software\JavaSoft\Prefs at root 0xffffffff80000002. Windows RegCreateKeyEx(...) returned error code 5.
2024-07-14 19:53:25,063 [ERROR] LogOutputStream:75 - [STDERR_REDIRECT] 
2024-07-14 19:53:25,611 [INFO] MainUpdater:2873 - connection check result : 10
2024-07-14 19:53:25,612 [INFO] MainUpdater:290 - Updater Check For Update Now.
2024-07-14 19:53:25,613 [INFO] MicroXplorer:498 - Change Database Version : DB.6.0.100
2024-07-14 19:53:25,653 [INFO] McuFinderGlobals:63 - Set McuFinder mode to 2 (CubeIDE integrated)
2024-07-14 19:53:25,654 [INFO] UserAuth:180 - activating auth plugin
2024-07-14 19:53:25,662 [INFO] UserAuth:404 - Internet connection configuration mode: 1
2024-07-14 19:53:25,751 [INFO] JxBrowserEngine:152 - Initiate JxBrowser Engine with user profile folder
2024-07-14 19:53:25,994 [INFO] CheckServerUpdateThread:120 - End of CheckServer Thread
2024-07-14 19:53:27,858 [WARN] PackLoader:240 - Cannot read IP mode file for STMicroelectronics.FP-SNS-MOTENVWB1.1.4.0
2024-07-14 19:53:27,886 [WARN] PackLoader:240 - Cannot read IP mode file for STMicroelectronics.X-CUBE-SMBUS.2.1.0
2024-07-14 19:53:27,904 [WARN] PackLoader:240 - Cannot read IP mode file for STMicroelectronics.X-CUBE-TOUCHGFX.4.23.0
2024-07-14 19:53:27,917 [WARN] PackLoader:240 - Cannot read IP mode file for STMicroelectronics.X-CUBE-TOUCHGFX.4.23.2
2024-07-14 19:53:27,977 [WARN] PackLoader:240 - Cannot read IP mode file for STMicroelectronics.X-CUBE-AZRTOS-F7.1.1.0
2024-07-14 19:53:28,006 [WARN] PackLoader:240 - Cannot read IP mode file for STMicroelectronics.FP-SNS-MOTENV1.4.3.2
2024-07-14 19:53:28,031 [WARN] PackLoader:240 - Cannot read IP mode file for STMicroelectronics.FP-SNS-FLIGHT1.5.0.2
2024-07-14 19:53:28,057 [WARN] PackLoader:240 - Cannot read IP mode file for STMicroelectronics.X-CUBE-DISPLAY.3.0.0
2024-07-14 19:53:28,092 [WARN] PackLoader:240 - Cannot read IP mode file for STMicroelectronics.X-CUBE-BLE1.7.0.0
2024-07-14 19:53:28,112 [WARN] PackLoader:240 - Cannot read IP mode file for emotas.I-CUBE-CANOPEN.1.3.0
2024-07-14 19:53:28,133 [WARN] PackLoader:240 - Cannot read IP mode file for STMicroelectronics.X-CUBE-TOUCHGFX.4.22.1
2024-07-14 19:53:28,160 [WARN] PackLoader:240 - Cannot read IP mode file for STMicroelectronics.X-CUBE-BLEMGR.3.1.0
2024-07-14 19:53:28,181 [WARN] PackLoader:240 - Cannot read IP mode file for STMicroelectronics.FP-SNS-SMARTAG2.1.2.0
2024-07-14 19:53:28,213 [INFO] LogOutputStream:77 - [STDOUT_REDIRECT] 1 : Invalid condition id : UX_CORESTACK_Condition cause : null
2024-07-14 19:53:28,214 [INFO] LogOutputStream:77 - [STDOUT_REDIRECT] 1 : Invalid condition id : UX_CORESTACK_Condition cause : null
2024-07-14 19:53:28,215 [INFO] LogOutputStream:77 - [STDOUT_REDIRECT] 1 : Invalid condition id : UX_CORESTACK_Condition cause : null
2024-07-14 19:53:28,217 [INFO] LogOutputStream:77 - [STDOUT_REDIRECT] 1 : Invalid condition id : UX_CORESTACK_Condition cause : null
2024-07-14 19:53:28,218 [INFO] LogOutputStream:77 - [STDOUT_REDIRECT] 1 : Invalid condition id : UX_CORESTACK_Condition cause : null
2024-07-14 19:53:28,222 [WARN] PackLoader:240 - Cannot read IP mode file for STMicroelectronics.X-CUBE-AZRTOS-WL.2.0.0
2024-07-14 19:53:28,243 [WARN] PackLoader:240 - Cannot read IP mode file for STMicroelectronics.FP-SNS-MOTENV1.5.0.0
2024-07-14 19:53:28,262 [WARN] PackLoader:240 - Cannot read IP mode file for wolfSSL.I-CUBE-wolfMQTT.1.19.0
2024-07-14 19:53:28,296 [WARN] PackLoader:240 - Cannot read IP mode file for WES.I-CUBE-Cesium.1.3.0
2024-07-14 19:53:28,319 [WARN] PackLoader:240 - Cannot read IP mode file for STMicroelectronics.X-CUBE-BLE2.3.3.0
2024-07-14 19:53:28,343 [WARN] PackLoader:240 - Cannot read IP mode file for STMicroelectronics.X-CUBE-TCPP.4.1.0
2024-07-14 19:53:28,369 [WARN] PackLoader:240 - Cannot read IP mode file for STMicroelectronics.X-CUBE-ALGOBUILD.1.3.0
2024-07-14 19:53:28,455 [WARN] PackLoader:240 - Cannot read IP mode file for STMicroelectronics.X-CUBE-AZRTOS-G0.1.1.0
2024-07-14 19:53:28,486 [WARN] PackLoader:240 - Cannot read IP mode file for STMicroelectronics.X-CUBE-SAFEA1.1.2.2
2024-07-14 19:53:28,522 [WARN] PackLoader:240 - Cannot read IP mode file for STMicroelectronics.X-CUBE-NFC4.3.0.0
2024-07-14 19:53:28,594 [WARN] PackLoader:240 - Cannot read IP mode file for EmbeddedOffice.I-CUBE-FS-RTOS.1.0.1
2024-07-14 19:53:28,595 [ERROR] ConditionMgr:805 - Attr not supported : Dmpu
2024-07-14 19:53:28,595 [ERROR] ConditionMgr:805 - Attr not supported : Dmpu
2024-07-14 19:53:28,595 [ERROR] ConditionMgr:805 - Attr not supported : Dmpu
2024-07-14 19:53:28,595 [ERROR] ConditionMgr:805 - Attr not supported : Dmpu
2024-07-14 19:53:28,595 [ERROR] ConditionMgr:805 - Attr not supported : Dmpu
2024-07-14 19:53:28,596 [ERROR] ConditionMgr:805 - Attr not supported : Dmpu
2024-07-14 19:53:28,596 [ERROR] ConditionMgr:805 - Attr not supported : Dmpu
2024-07-14 19:53:28,596 [ERROR] ConditionMgr:805 - Attr not supported : Dmpu
2024-07-14 19:53:28,596 [ERROR] ConditionMgr:805 - Attr not supported : Dmpu
2024-07-14 19:53:28,596 [ERROR] ConditionMgr:805 - Attr not supported : Dmpu
2024-07-14 19:53:28,597 [ERROR] ConditionMgr:805 - Attr not supported : Dmpu
2024-07-14 19:53:28,597 [ERROR] ConditionMgr:805 - Attr not supported : Dmpu
2024-07-14 19:53:28,597 [ERROR] ConditionMgr:805 - Attr not supported : Dmpu
2024-07-14 19:53:28,597 [ERROR] ConditionMgr:805 - Attr not supported : Dmpu
2024-07-14 19:53:28,597 [ERROR] ConditionMgr:805 - Attr not supported : Dmpu
2024-07-14 19:53:28,598 [ERROR] ConditionMgr:805 - Attr not supported : Dmpu
2024-07-14 19:53:28,598 [ERROR] ConditionMgr:805 - Attr not supported : Dmpu
2024-07-14 19:53:28,598 [ERROR] ConditionMgr:805 - Attr not supported : Dmpu
2024-07-14 19:53:28,598 [ERROR] ConditionMgr:805 - Attr not supported : Dmpu
2024-07-14 19:53:28,598 [ERROR] ConditionMgr:805 - Attr not supported : Dmpu
2024-07-14 19:53:28,598 [ERROR] ConditionMgr:805 - Attr not supported : Dmpu
2024-07-14 19:53:28,599 [ERROR] ConditionMgr:805 - Attr not supported : Dmpu
2024-07-14 19:53:28,599 [ERROR] ConditionMgr:805 - Attr not supported : Dmpu
2024-07-14 19:53:28,599 [ERROR] ConditionMgr:805 - Attr not supported : Dmpu
2024-07-14 19:53:28,599 [ERROR] ConditionMgr:805 - Attr not supported : Dmpu
2024-07-14 19:53:28,599 [ERROR] ConditionMgr:805 - Attr not supported : Dmpu
2024-07-14 19:53:28,600 [ERROR] ConditionMgr:805 - Attr not supported : Dmpu
2024-07-14 19:53:28,600 [ERROR] ConditionMgr:805 - Attr not supported : Dmpu
2024-07-14 19:53:28,600 [ERROR] ConditionMgr:805 - Attr not supported : Dmpu
2024-07-14 19:53:28,600 [ERROR] ConditionMgr:805 - Attr not supported : Dmpu
2024-07-14 19:53:28,600 [ERROR] ConditionMgr:805 - Attr not supported : Dmpu
2024-07-14 19:53:28,600 [ERROR] ConditionMgr:805 - Attr not supported : Dmpu
2024-07-14 19:53:28,601 [ERROR] ConditionMgr:805 - Attr not supported : Dmpu
2024-07-14 19:53:28,601 [ERROR] ConditionMgr:805 - Attr not supported : Dmpu
2024-07-14 19:53:28,601 [ERROR] ConditionMgr:805 - Attr not supported : Dmpu
2024-07-14 19:53:28,601 [ERROR] ConditionMgr:805 - Attr not supported : Dmpu
2024-07-14 19:53:28,601 [ERROR] ConditionMgr:805 - Attr not supported : Dmpu
2024-07-14 19:53:28,602 [ERROR] ConditionMgr:805 - Attr not supported : Dmpu
2024-07-14 19:53:28,602 [ERROR] ConditionMgr:805 - Attr not supported : Dmpu
2024-07-14 19:53:28,602 [ERROR] ConditionMgr:805 - Attr not supported : Dmpu
2024-07-14 19:53:28,602 [ERROR] ConditionMgr:805 - Attr not supported : Dmpu
2024-07-14 19:53:28,603 [ERROR] ConditionMgr:805 - Attr not supported : Dmpu
2024-07-14 19:53:28,603 [ERROR] ConditionMgr:805 - Attr not supported : Dmpu
2024-07-14 19:53:28,603 [ERROR] ConditionMgr:805 - Attr not supported : Dmpu
2024-07-14 19:53:28,603 [ERROR] ConditionMgr:805 - Attr not supported : Dmpu
2024-07-14 19:53:28,604 [ERROR] ConditionMgr:805 - Attr not supported : Dmpu
2024-07-14 19:53:28,604 [ERROR] ConditionMgr:805 - Attr not supported : Dmpu
2024-07-14 19:53:28,604 [ERROR] ConditionMgr:805 - Attr not supported : Dmpu
2024-07-14 19:53:28,604 [ERROR] ConditionMgr:805 - Attr not supported : Dmpu
2024-07-14 19:53:28,604 [ERROR] ConditionMgr:805 - Attr not supported : Dmpu
2024-07-14 19:53:28,605 [ERROR] ConditionMgr:805 - Attr not supported : Dmpu
2024-07-14 19:53:28,605 [ERROR] ConditionMgr:805 - Attr not supported : Dmpu
2024-07-14 19:53:28,605 [ERROR] ConditionMgr:805 - Attr not supported : Dmpu
2024-07-14 19:53:28,605 [ERROR] ConditionMgr:805 - Attr not supported : Dmpu
2024-07-14 19:53:28,605 [ERROR] ConditionMgr:805 - Attr not supported : Dmpu
2024-07-14 19:53:28,606 [ERROR] ConditionMgr:805 - Attr not supported : Dmpu
2024-07-14 19:53:28,606 [ERROR] ConditionMgr:805 - Attr not supported : Dmpu
2024-07-14 19:53:28,606 [ERROR] ConditionMgr:805 - Attr not supported : Dmpu
2024-07-14 19:53:28,606 [ERROR] ConditionMgr:805 - Attr not supported : Dmpu
2024-07-14 19:53:28,606 [ERROR] ConditionMgr:805 - Attr not supported : Dmpu
2024-07-14 19:53:28,607 [ERROR] ConditionMgr:805 - Attr not supported : Dmpu
2024-07-14 19:53:28,607 [ERROR] ConditionMgr:805 - Attr not supported : Dmpu
2024-07-14 19:53:28,607 [ERROR] ConditionMgr:805 - Attr not supported : Dmpu
2024-07-14 19:53:28,607 [ERROR] ConditionMgr:805 - Attr not supported : Dmpu
2024-07-14 19:53:28,653 [WARN] PackLoader:240 - Cannot read IP mode file for STMicroelectronics.X-CUBE-BLEMGR.3.0.0
2024-07-14 19:53:28,686 [WARN] PackLoader:240 - Cannot read IP mode file for RealThread.X-CUBE-RT-Thread_Nano.4.1.1
2024-07-14 19:53:28,712 [WARN] PackLoader:240 - Cannot read IP mode file for STMicroelectronics.FP-ATR-SIGFOX1.3.2.0
2024-07-14 19:53:28,738 [WARN] PackLoader:240 - Cannot read IP mode file for STMicroelectronics.X-CUBE-EEPRMA1.5.1.0
2024-07-14 19:53:28,835 [WARN] PackLoader:240 - Cannot read IP mode file for SEGGER.I-CUBE-embOS.1.3.1
2024-07-14 19:53:28,968 [WARN] PackLoader:240 - Cannot read IP mode file for STMicroelectronics.X-CUBE-ALGOBUILD.1.4.0
2024-07-14 19:53:29,003 [WARN] PackLoader:240 - Cannot read IP mode file for STMicroelectronics.X-CUBE-GNSS1.6.0.0
2024-07-14 19:53:29,086 [WARN] PackLoader:240 - Cannot read IP mode file for STMicroelectronics.X-CUBE-AZRTOS-F4.1.1.0
2024-07-14 19:53:29,125 [WARN] PackLoader:240 - Cannot read IP mode file for wolfSSL.I-CUBE-wolfSSL.5.6.4
2024-07-14 19:53:29,153 [WARN] PackLoader:240 - Cannot read IP mode file for STMicroelectronics.X-CUBE-FREERTOS.1.2.0
2024-07-14 19:53:29,222 [WARN] PackLoader:240 - Cannot read IP mode file for STMicroelectronics.X-CUBE-AZRTOS-L5.2.0.0
2024-07-14 19:53:29,253 [WARN] PackLoader:240 - Cannot read IP mode file for STMicroelectronics.X-CUBE-EEPRMA1.4.2.0
2024-07-14 19:53:29,305 [WARN] PackLoader:240 - Cannot read IP mode file for STMicroelectronics.X-CUBE-NFC6.3.1.0
2024-07-14 19:53:29,342 [WARN] PackLoader:240 - Cannot read IP mode file for ITTIA_DB.I-CUBE-ITTIADB.8.8.0
2024-07-14 19:53:29,370 [WARN] PackLoader:240 - Cannot read IP mode file for STMicroelectronics.X-CUBE-DPower.1.2.0
2024-07-14 19:53:29,395 [WARN] PackLoader:240 - Cannot read IP mode file for STMicroelectronics.X-CUBE-AI.9.0.0
2024-07-14 19:53:29,471 [WARN] ConditionMgr:438 - getConditionDescription Invalid condition id : UX DEVICE CLASS RTOS Condition cause : null
2024-07-14 19:53:29,471 [WARN] ConditionMgr:438 - getConditionDescription Invalid condition id : UX DEVICE CLASS RTOS Condition cause : null
2024-07-14 19:53:29,481 [WARN] PackLoader:240 - Cannot read IP mode file for STMicroelectronics.X-CUBE-AZRTOS-H7.3.1.0
2024-07-14 19:53:29,483 [WARN] ConditionMgr:1039 - genDependencies : Invalid condition id : UX DEVICE CLASS RTOS Condition cause : null
2024-07-14 19:53:29,484 [WARN] ConditionMgr:1039 - genDependencies : Invalid condition id : UX DEVICE CLASS RTOS Condition cause : null
2024-07-14 19:53:29,486 [WARN] ConditionMgr:1039 - genDependencies : Invalid condition id : UX DEVICE CLASS RTOS Condition cause : null
2024-07-14 19:53:29,488 [WARN] ConditionMgr:1039 - genDependencies : Invalid condition id : UX DEVICE CLASS RTOS Condition cause : null
2024-07-14 19:53:29,488 [WARN] ConditionMgr:1039 - genDependencies : Invalid condition id : UX DEVICE CLASS RTOS Condition cause : null
2024-07-14 19:53:29,523 [WARN] PackLoader:240 - Cannot read IP mode file for STMicroelectronics.X-CUBE-NFC7.1.0.1
2024-07-14 19:53:29,550 [WARN] PackLoader:240 - Cannot read IP mode file for wolfSSL.I-CUBE-wolfTPM.3.2.0
2024-07-14 19:53:29,579 [WARN] PackLoader:240 - Cannot read IP mode file for STMicroelectronics.X-CUBE-NFC6.3.0.0
2024-07-14 19:53:29,606 [WARN] PackLoader:240 - Cannot read IP mode file for STMicroelectronics.X-CUBE-AI.8.1.0
2024-07-14 19:53:29,681 [WARN] ConditionMgr:438 - getConditionDescription Invalid condition id : LAN8742 Phy interface Condition cause : null
2024-07-14 19:53:29,683 [WARN] PackLoader:240 - Cannot read IP mode file for STMicroelectronics.X-CUBE-AZRTOS-L4.2.0.0
2024-07-14 19:53:29,687 [WARN] ConditionMgr:1039 - genDependencies : Invalid condition id : LAN8742 Phy interface Condition cause : null
2024-07-14 19:53:29,687 [WARN] ConditionMgr:1039 - genDependencies : Invalid condition id : LAN8742 Phy interface Condition cause : null
2024-07-14 19:53:29,689 [WARN] ConditionMgr:1039 - genDependencies : Invalid condition id : LAN8742 Phy interface Condition cause : null
2024-07-14 19:53:29,727 [WARN] PackLoader:240 - Cannot read IP mode file for STMicroelectronics.X-CUBE-SFXS2LP1.4.0.0
2024-07-14 19:53:29,753 [WARN] PackLoader:240 - Cannot read IP mode file for STMicroelectronics.X-CUBE-ISPU.1.1.0
2024-07-14 19:53:29,814 [WARN] ConditionMgr:438 - getConditionDescription Invalid condition id : UX DEVICE CLASS RTOS Condition cause : null
2024-07-14 19:53:29,815 [WARN] ConditionMgr:438 - getConditionDescription Invalid condition id : UX DEVICE CLASS RTOS Condition cause : null
2024-07-14 19:53:29,821 [WARN] PackLoader:240 - Cannot read IP mode file for STMicroelectronics.X-CUBE-AZRTOS-WB.2.0.0
2024-07-14 19:53:29,823 [WARN] ConditionMgr:1039 - genDependencies : Invalid condition id : UX DEVICE CLASS RTOS Condition cause : null
2024-07-14 19:53:29,823 [WARN] ConditionMgr:1039 - genDependencies : Invalid condition id : UX DEVICE CLASS RTOS Condition cause : null
2024-07-14 19:53:29,825 [WARN] ConditionMgr:1039 - genDependencies : Invalid condition id : UX DEVICE CLASS RTOS Condition cause : null
2024-07-14 19:53:29,826 [WARN] ConditionMgr:1039 - genDependencies : Invalid condition id : UX DEVICE CLASS RTOS Condition cause : null
2024-07-14 19:53:29,826 [WARN] ConditionMgr:1039 - genDependencies : Invalid condition id : UX DEVICE CLASS RTOS Condition cause : null
2024-07-14 19:53:29,873 [WARN] PackLoader:240 - Cannot read IP mode file for STMicroelectronics.X-CUBE-SUBG2.5.0.0
2024-07-14 19:53:29,914 [WARN] PackLoader:240 - Cannot read IP mode file for Cesanta.I-CUBE-Mongoose.7.13.0
2024-07-14 19:53:29,963 [WARN] PackLoader:240 - Cannot read IP mode file for STMicroelectronics.X-CUBE-TOF1.3.3.1
2024-07-14 19:53:30,058 [WARN] PackLoader:240 - Cannot read IP mode file for STMicroelectronics.X-CUBE-AZRTOS-G4.2.0.0
2024-07-14 19:53:30,119 [WARN] PackLoader:240 - Cannot read IP mode file for Infineon.AIROC-Wi-Fi-Bluetooth-STM32.1.5.1
2024-07-14 19:53:30,141 [WARN] PackLoader:240 - Cannot read IP mode file for STMicroelectronics.FP-SNS-MOTENVWB1.1.3.0
2024-07-14 19:53:30,158 [WARN] PackLoader:240 - Cannot read IP mode file for STMicroelectronics.FP-SNS-MOTENVWB1.1.3.1
2024-07-14 19:53:30,175 [WARN] PackLoader:240 - Cannot read IP mode file for STMicroelectronics.X-CUBE-ISPU.2.0.0
2024-07-14 19:53:30,192 [WARN] PackLoader:240 - Cannot read IP mode file for STMicroelectronics.X-CUBE-ALS.1.0.2
2024-07-14 19:53:30,271 [WARN] PackLoader:240 - Cannot read IP mode file for STMicroelectronics.X-CUBE-MEMS1.10.0.0
2024-07-14 19:53:30,597 [WARN] PackLoader:240 - Cannot read IP mode file for STMicroelectronics.X-CUBE-FREERTOS.1.1.0
2024-07-14 19:53:30,612 [WARN] PackLoader:240 - Cannot read IP mode file for STMicroelectronics.X-CUBE-TOUCHGFX.4.24.0
2024-07-14 19:53:30,633 [WARN] PackLoader:240 - Cannot read IP mode file for portGmbH.I-Cube-SoM-uGOAL.1.1.0
2024-07-14 19:53:30,648 [WARN] PackLoader:240 - Cannot read IP mode file for STMicroelectronics.X-CUBE-ALS.1.0.1
2024-07-14 19:53:31,109 [WARN] PackLoader:240 - Cannot read IP mode file for STMicroelectronics.X-CUBE-AZRTOS-H7RS.1.0.0
2024-07-14 19:53:31,129 [WARN] PackLoader:240 - Cannot read IP mode file for STMicroelectronics.FP-ATR-ASTRA1.2.0.0
2024-07-14 19:53:31,160 [WARN] PackLoader:240 - Cannot read IP mode file for STMicroelectronics.X-CUBE-TOF1.3.4.0
2024-07-14 19:53:31,198 [WARN] PackLoader:240 - Cannot read IP mode file for STMicroelectronics.X-CUBE-TOF1.3.4.1
2024-07-14 19:53:31,261 [WARN] PackLoader:240 - Cannot read IP mode file for STMicroelectronics.X-CUBE-AZRTOS-H7.3.2.0
2024-07-14 19:53:31,299 [WARN] PackLoader:240 - Cannot read IP mode file for wolfSSL.I-CUBE-wolfSSH.1.4.17
2024-07-14 19:53:31,300 [INFO] ThirdParty:978 - Integrity check success = true
2024-07-14 19:53:31,301 [INFO] IntegrityCheckThread:100 - exiting critical section [integrity check]
2024-07-14 19:53:31,301 [INFO] IntegrityCheckThread:103 - End integrity checks thread
2024-07-14 19:53:32,041 [INFO] WebApp:161 - Instantiating new browser for Auth
2024-07-14 19:53:33,368 [INFO] WebApp:780 - Register for checkConnection events
2024-07-14 19:53:33,368 [INFO] WebApp:414 - Apply proxy settings
2024-07-14 19:53:33,368 [INFO] WebApp:499 - Chromium requires no authentication
2024-07-14 19:53:33,379 [INFO] WebApp:442 - Direct internet connection detected
2024-07-14 19:53:33,586 [INFO] WebApp:192 - Starting web application
2024-07-14 19:53:33,586 [INFO] WebApp:544 - Web application path used C:\Users\nathf\STM32CubeIDE_1.13.2\STM32CubeIDE\plugins\com.st.stm32cube.common.mx_6.10.0.202311202037\db\plugins\mcufinder\reactClient1\index.html
2024-07-14 19:53:55,527 [ERROR] LogOutputStream:75 - [STDERR_REDIRECT] SLF4J: Failed to load class "org.slf4j.impl.StaticLoggerBinder".
2024-07-14 19:53:55,530 [ERROR] LogOutputStream:75 - [STDERR_REDIRECT] SLF4J: Defaulting to no-operation (NOP) logger implementation
2024-07-14 19:53:55,533 [ERROR] LogOutputStream:75 - [STDERR_REDIRECT] SLF4J: See http://www.slf4j.org/codes.html#StaticLoggerBinder for further details.
2024-07-14 20:00:29,991 [ERROR] LogOutputStream:75 - [STDERR_REDIRECT] 
2024-07-14 20:00:29,992 [ERROR] LogOutputStream:75 - [STDERR_REDIRECT] 
