2024-06-08 09:58:16,155 [INFO] Activator:176 - 


2024-06-08 09:58:16,178 [INFO] Activator:177 - !SESSION log4j initialized
2024-06-08 09:58:36,512 [INFO] LogOutputStream:77 - [STDOUT_REDIRECT] 
2024-06-08 09:58:40,475 [INFO] ApplicationProperties:184 - Using Application install path: C:\Users\nathf\STM32CubeIDE_1.13.2\STM32CubeIDE\plugins\com.st.stm32cube.common.mx_6.10.0.202311202037
2024-06-08 09:58:40,527 [INFO] DbMcusXml:78 - Set database path to: C:\Users\nathf\STM32CubeIDE_1.13.2\STM32CubeIDE\plugins\com.st.stm32cube.common.mx_6.10.0.202311202037\\db\/mcu/
2024-06-08 09:58:40,528 [INFO] ApiDb:274 - Set plugin database path to: C:\Users\nathf\STM32CubeIDE_1.13.2\STM32CubeIDE\plugins\com.st.stm32cube.common.mx_6.10.0.202311202037\\db\/plugins/boardmanager/
2024-06-08 09:58:40,529 [WARN] ApiDb:259 - Overriding images path with different value:  => C:\Users\nathf\STM32CubeIDE_1.13.2\STM32CubeIDE\plugins\com.st.stm32cube.common.mx_6.10.0.202311202037\\db\/plugins/mcufinder/images/
2024-06-08 09:58:40,570 [INFO] ApiDb:250 - Set database path to: C:\Users\nathf\.stmcufinder\plugins\mcufinder//mcu/
2024-06-08 09:58:40,573 [INFO] DbMcusAds:125 - Set database path to: C:\Users\nathf\.stmcufinder\plugins\mcufinder//mcu/
2024-06-08 09:58:40,579 [INFO] CrossReferenceDbSqlite:203 - Set database path to: C:\Users\nathf\.stmcufinder\plugins\mcufinder//mcu/cs/
2024-06-08 09:58:41,144 [INFO] RulesReader:64 - Compatibility file has been processed (297 Rules)
2024-06-08 09:58:41,408 [INFO] DbMcusXml:78 - Set database path to: C:\Users\nathf\STM32CubeIDE_1.13.2\STM32CubeIDE\plugins\com.st.stm32cube.common.mx_6.10.0.202311202037\\db\/mcu/
2024-06-08 09:58:41,408 [INFO] ApiDb:274 - Set plugin database path to: C:\Users\nathf\STM32CubeIDE_1.13.2\STM32CubeIDE\plugins\com.st.stm32cube.common.mx_6.10.0.202311202037\\db\/plugins/boardmanager/
2024-06-08 09:58:41,409 [INFO] ApiDb:261 - Set plugin images path to: C:\Users\nathf\STM32CubeIDE_1.13.2\STM32CubeIDE\plugins\com.st.stm32cube.common.mx_6.10.0.202311202037\\db\/plugins/mcufinder/images/
2024-06-08 09:58:41,409 [WARN] DbFile:41 - Overriding database path with different value: C:\Users\nathf\.stmcufinder\plugins\mcufinder/ => C:\Users\nathf\.stmcufinder\plugins\mcufinder
2024-06-08 09:58:41,410 [INFO] ApiDb:250 - Set database path to: C:\Users\nathf\.stmcufinder\plugins\mcufinder//mcu/
2024-06-08 09:58:41,411 [WARN] DbFile:41 - Overriding database path with different value: C:\Users\nathf\.stmcufinder\plugins\mcufinder/ => C:\Users\nathf\.stmcufinder\plugins\mcufinder
2024-06-08 09:58:41,411 [INFO] DbMcusAds:125 - Set database path to: C:\Users\nathf\.stmcufinder\plugins\mcufinder//mcu/
2024-06-08 09:58:41,411 [WARN] DbFile:41 - Overriding database path with different value: C:\Users\nathf\.stmcufinder\plugins\mcufinder/ => C:\Users\nathf\.stmcufinder\plugins\mcufinder
2024-06-08 09:58:41,411 [WARN] DbFile:41 - Overriding database path with different value: C:\Users\nathf\.stmcufinder\plugins\mcufinder/ => C:\Users\nathf\.stmcufinder\plugins\mcufinder
2024-06-08 09:58:41,413 [INFO] CrossReferenceDbSqlite:203 - Set database path to: C:\Users\nathf\.stmcufinder\plugins\mcufinder//mcu/cs/
2024-06-08 09:58:41,843 [INFO] MainPanel:264 - HeapMemory: 268435456
2024-06-08 09:58:42,299 [INFO] DbMcusXml:78 - Set database path to: C:\Users\nathf\STM32CubeIDE_1.13.2\STM32CubeIDE\plugins\com.st.stm32cube.common.mx_6.10.0.202311202037\\db\/mcu/
2024-06-08 09:58:42,300 [INFO] ApiDb:274 - Set plugin database path to: C:\Users\nathf\STM32CubeIDE_1.13.2\STM32CubeIDE\plugins\com.st.stm32cube.common.mx_6.10.0.202311202037\\db\/plugins/boardmanager/
2024-06-08 09:58:42,300 [INFO] ApiDb:261 - Set plugin images path to: C:\Users\nathf\STM32CubeIDE_1.13.2\STM32CubeIDE\plugins\com.st.stm32cube.common.mx_6.10.0.202311202037\\db\/plugins/mcufinder/images/
2024-06-08 09:58:42,301 [WARN] DbFile:41 - Overriding database path with different value: C:\Users\nathf\.stmcufinder\plugins\mcufinder/ => C:\Users\nathf\.stmcufinder\plugins\mcufinder
2024-06-08 09:58:42,301 [INFO] ApiDb:250 - Set database path to: C:\Users\nathf\.stmcufinder\plugins\mcufinder//mcu/
2024-06-08 09:58:42,301 [WARN] DbFile:41 - Overriding database path with different value: C:\Users\nathf\.stmcufinder\plugins\mcufinder/ => C:\Users\nathf\.stmcufinder\plugins\mcufinder
2024-06-08 09:58:42,303 [INFO] DbMcusAds:125 - Set database path to: C:\Users\nathf\.stmcufinder\plugins\mcufinder//mcu/
2024-06-08 09:58:42,303 [WARN] DbFile:41 - Overriding database path with different value: C:\Users\nathf\.stmcufinder\plugins\mcufinder/ => C:\Users\nathf\.stmcufinder\plugins\mcufinder
2024-06-08 09:58:42,303 [WARN] DbFile:41 - Overriding database path with different value: C:\Users\nathf\.stmcufinder\plugins\mcufinder/ => C:\Users\nathf\.stmcufinder\plugins\mcufinder
2024-06-08 09:58:42,303 [INFO] CrossReferenceDbSqlite:203 - Set database path to: C:\Users\nathf\.stmcufinder\plugins\mcufinder//mcu/cs/
2024-06-08 09:58:42,346 [INFO] ApplicationProperties:184 - Using Application install path: C:\Users\nathf\STM32CubeIDE_1.13.2\STM32CubeIDE\plugins\com.st.stm32cube.common.mx_6.10.0.202311202037
2024-06-08 09:58:42,350 [INFO] PluginManage:196 - Search for loadable plugins [exclusion list=, ]
2024-06-08 09:58:42,353 [INFO] PluginManage:310 - Check plugin analytics
2024-06-08 09:58:43,316 [INFO] AnalyticsPlugin:253 - Accepted Software Licenses: STM32CubeMX.6.10.0
2024-06-08 09:58:43,317 [INFO] AnalyticsPlugin:255 - Accepted CMSIS Pack Licenses: 
2024-06-08 09:58:43,317 [INFO] AnalyticsPlugin:257 - Accepted Firmware Licenses: FW.F4.1.27.0
2024-06-08 09:58:43,336 [INFO] PluginManage:359 - Loaded plugin analytics (category:tool,tabindex:-1)
2024-06-08 09:58:43,337 [INFO] PluginManage:310 - Check plugin cadmodel
2024-06-08 09:58:43,380 [INFO] CADModel:105 - Init CAD model plugin
2024-06-08 09:58:43,381 [INFO] PluginManage:359 - Loaded plugin cadmodel (category:power,tabindex:5)
2024-06-08 09:58:43,381 [INFO] PluginManage:310 - Check plugin clock
2024-06-08 09:58:43,447 [INFO] PluginManage:359 - Loaded plugin clock (category:base,tabindex:2)
2024-06-08 09:58:43,447 [INFO] PluginManage:310 - Check plugin ddr
2024-06-08 09:58:43,455 [INFO] PluginManage:359 - Loaded plugin ddr (category:tool,tabindex:6)
2024-06-08 09:58:43,457 [INFO] PluginManage:310 - Check plugin filemanager
2024-06-08 09:58:44,008 [INFO] PluginManage:359 - Loaded plugin filemanager (category:base,tabindex:10)
2024-06-08 09:58:44,009 [INFO] PluginManage:310 - Check plugin ipmanager
2024-06-08 09:58:44,034 [INFO] PluginManage:359 - Loaded plugin ipmanager (category:base,tabindex:5)
2024-06-08 09:58:44,034 [INFO] PluginManage:310 - Check plugin lpbam
2024-06-08 09:58:44,129 [INFO] PluginManage:359 - Loaded plugin lpbam (category:base,tabindex:0)
2024-06-08 09:58:44,130 [INFO] PluginManage:310 - Check plugin memorymap
2024-06-08 09:58:44,251 [INFO] PluginManage:359 - Loaded plugin memorymap (category:base,tabindex:4)
2024-06-08 09:58:44,253 [INFO] PluginManage:310 - Check plugin pinoutandconfiguration
2024-06-08 09:58:44,341 [INFO] PluginManage:359 - Loaded plugin pinoutandconfiguration (category:base,tabindex:1)
2024-06-08 09:58:44,341 [INFO] PluginManage:310 - Check plugin pinoutconfig
2024-06-08 09:58:44,701 [WARN] SupportedApi:132 - Cannot load RTOS API schema: s4s-elt-must-match.1: The content of 'definitions' must match (annotation?, (simpleType | complexType)?, (unique | key | keyref)*)). A problem was found starting at: attribute.
2024-06-08 09:58:45,212 [INFO] PluginManage:359 - Loaded plugin pinoutconfig (category:base,tabindex:0)
2024-06-08 09:58:45,212 [INFO] PluginManage:310 - Check plugin power
2024-06-08 09:58:45,283 [INFO] PluginManage:359 - Loaded plugin power (category:power,tabindex:4)
2024-06-08 09:58:45,283 [INFO] PluginManage:310 - Check plugin projectmanager
2024-06-08 09:58:45,346 [INFO] PluginManage:359 - Loaded plugin projectmanager (category:projectmanager,tabindex:3)
2024-06-08 09:58:45,346 [INFO] PluginManage:310 - Check plugin thirdparty
2024-06-08 09:58:46,771 [INFO] PluginManage:359 - Loaded plugin thirdparty (category:base,tabindex:-1)
2024-06-08 09:58:46,771 [INFO] PluginManage:310 - Check plugin tools
2024-06-08 09:58:46,771 [WARN] IntegrityCheckThread:84 - waiting for thirdparty lock release [integrity check]
2024-06-08 09:58:46,773 [INFO] IntegrityCheckThread:86 - entering critical section [integrity check]
2024-06-08 09:58:46,774 [INFO] ThirdPartyUpdaterWithRetryManager:70 - Updater plugin not ready yet. [1/15]
2024-06-08 09:58:46,856 [INFO] PluginManage:359 - Loaded plugin tools (category:base,tabindex:7)
2024-06-08 09:58:46,856 [INFO] PluginManage:310 - Check plugin tutovideos
2024-06-08 09:58:47,235 [INFO] PluginManage:359 - Loaded plugin tutovideos (category:base,tabindex:-1)
2024-06-08 09:58:47,235 [INFO] PluginManage:310 - Check plugin updater
2024-06-08 09:58:47,267 [INFO] PluginManage:359 - Loaded plugin updater (category:base,tabindex:12)
2024-06-08 09:58:47,267 [INFO] PluginManage:310 - Check plugin userauth
2024-06-08 09:58:47,277 [INFO] UserAuth:114 - Init User Auth plugin
2024-06-08 09:58:47,277 [INFO] PluginManage:359 - Loaded plugin userauth (category:base,tabindex:14)
2024-06-08 09:58:47,278 [INFO] PluginManage:283 - PluginManage : Loaded plugins [17]
2024-06-08 09:58:47,726 [INFO] PinOutPanel:1499 - setPackage(No Configuration,No Configuration)
2024-06-08 09:58:47,866 [INFO] CADModel:165 - CPN selected for project level
2024-06-08 09:58:47,866 [INFO] CADModel:114 - Register for checkConnection events
2024-06-08 09:58:47,914 [INFO] IPUIPlugin:80 - create IPUIPlugin
2024-06-08 09:58:47,914 [INFO] PluginManager:220 - loadIPPluginJar : add adc
2024-06-08 09:58:47,974 [INFO] IPUIPlugin:80 - create IPUIPlugin
2024-06-08 09:58:47,974 [INFO] PluginManager:220 - loadIPPluginJar : add aes
2024-06-08 09:58:48,050 [INFO] IPUIPlugin:80 - create IPUIPlugin
2024-06-08 09:58:48,050 [INFO] PluginManager:220 - loadIPPluginJar : add can
2024-06-08 09:58:48,096 [INFO] IPUIPlugin:80 - create IPUIPlugin
2024-06-08 09:58:48,098 [INFO] PluginManager:220 - loadIPPluginJar : add comp
2024-06-08 09:58:48,160 [INFO] IPUIPlugin:80 - create IPUIPlugin
2024-06-08 09:58:48,162 [INFO] PluginManager:220 - loadIPPluginJar : add cryp
2024-06-08 09:58:48,214 [INFO] IPUIPlugin:80 - create IPUIPlugin
2024-06-08 09:58:48,214 [INFO] PluginManager:220 - loadIPPluginJar : add dfsdm
2024-06-08 09:58:48,246 [INFO] IPUIPlugin:80 - create IPUIPlugin
2024-06-08 09:58:48,247 [INFO] PluginManager:220 - loadIPPluginJar : add dma
2024-06-08 09:58:48,421 [INFO] IPUIPlugin:80 - create IPUIPlugin
2024-06-08 09:58:48,421 [INFO] PluginManager:220 - loadIPPluginJar : add dma3
2024-06-08 09:58:48,510 [INFO] IPUIPlugin:80 - create IPUIPlugin
2024-06-08 09:58:48,512 [INFO] PluginManager:220 - loadIPPluginJar : add fatfs
2024-06-08 09:58:48,680 [INFO] IPUIPlugin:80 - create IPUIPlugin
2024-06-08 09:58:48,680 [INFO] PluginManager:220 - loadIPPluginJar : add fmc
2024-06-08 09:58:48,724 [INFO] IPUIPlugin:80 - create IPUIPlugin
2024-06-08 09:58:48,725 [INFO] PluginManager:220 - loadIPPluginJar : add freertos
2024-06-08 09:58:48,794 [INFO] IPUIPlugin:80 - create IPUIPlugin
2024-06-08 09:58:48,795 [INFO] PluginManager:220 - loadIPPluginJar : add genericplugin
2024-06-08 09:58:49,148 [INFO] IPUIPlugin:80 - create IPUIPlugin
2024-06-08 09:58:49,149 [INFO] PluginManager:220 - loadIPPluginJar : add gfxmmu
2024-06-08 09:58:49,386 [INFO] IPUIPlugin:80 - create IPUIPlugin
2024-06-08 09:58:49,386 [INFO] PluginManager:220 - loadIPPluginJar : add gic
2024-06-08 09:58:49,410 [INFO] IPUIPlugin:80 - create IPUIPlugin
2024-06-08 09:58:49,410 [INFO] PluginManager:220 - loadIPPluginJar : add gpio
2024-06-08 09:58:49,566 [INFO] IPUIPlugin:80 - create IPUIPlugin
2024-06-08 09:58:49,566 [INFO] PluginManager:220 - loadIPPluginJar : add gtzc
2024-06-08 09:58:49,623 [INFO] IPUIPlugin:80 - create IPUIPlugin
2024-06-08 09:58:49,623 [INFO] PluginManager:220 - loadIPPluginJar : add hash
2024-06-08 09:58:49,724 [INFO] IPUIPlugin:80 - create IPUIPlugin
2024-06-08 09:58:49,725 [INFO] PluginManager:220 - loadIPPluginJar : add i2c
2024-06-08 09:58:49,776 [INFO] ThirdPartyUpdaterWithRetryManager:70 - Updater plugin not ready yet. [2/15]
2024-06-08 09:58:49,783 [INFO] IPUIPlugin:80 - create IPUIPlugin
2024-06-08 09:58:49,783 [INFO] PluginManager:220 - loadIPPluginJar : add i2s
2024-06-08 09:58:49,855 [INFO] IPUIPlugin:80 - create IPUIPlugin
2024-06-08 09:58:49,855 [INFO] PluginManager:220 - loadIPPluginJar : add i3c
2024-06-08 09:58:50,008 [INFO] IPUIPlugin:80 - create IPUIPlugin
2024-06-08 09:58:50,008 [INFO] PluginManager:220 - loadIPPluginJar : add ipddr
2024-06-08 09:58:50,278 [INFO] IPUIPlugin:80 - create IPUIPlugin
2024-06-08 09:58:50,278 [INFO] PluginManager:220 - loadIPPluginJar : add linkedlist
2024-06-08 09:58:50,381 [INFO] IPUIPlugin:80 - create IPUIPlugin
2024-06-08 09:58:50,381 [INFO] PluginManager:220 - loadIPPluginJar : add lorawan
2024-06-08 09:58:50,525 [INFO] IPUIPlugin:80 - create IPUIPlugin
2024-06-08 09:58:50,526 [INFO] PluginManager:220 - loadIPPluginJar : add ltdc
2024-06-08 09:58:50,581 [INFO] IPUIPlugin:80 - create IPUIPlugin
2024-06-08 09:58:50,581 [INFO] PluginManager:220 - loadIPPluginJar : add mdma
2024-06-08 09:58:50,618 [INFO] IPUIPlugin:80 - create IPUIPlugin
2024-06-08 09:58:50,619 [INFO] PluginManager:220 - loadIPPluginJar : add nvic
2024-06-08 09:58:50,715 [INFO] IPUIPlugin:80 - create IPUIPlugin
2024-06-08 09:58:50,715 [INFO] PluginManager:220 - loadIPPluginJar : add opamp
2024-06-08 09:58:50,888 [INFO] IPUIPlugin:80 - create IPUIPlugin
2024-06-08 09:58:50,888 [INFO] PluginManager:220 - loadIPPluginJar : add openamp
2024-06-08 09:58:51,003 [INFO] IPUIPlugin:80 - create IPUIPlugin
2024-06-08 09:58:51,003 [INFO] PluginManager:220 - loadIPPluginJar : add pdm2pcm
2024-06-08 09:58:51,045 [INFO] IPUIPlugin:80 - create IPUIPlugin
2024-06-08 09:58:51,054 [INFO] PluginManager:220 - loadIPPluginJar : add plateformsettings
2024-06-08 09:58:51,115 [INFO] IPUIPlugin:80 - create IPUIPlugin
2024-06-08 09:58:51,115 [INFO] PluginManager:220 - loadIPPluginJar : add quadspi
2024-06-08 09:58:51,148 [INFO] IPUIPlugin:80 - create IPUIPlugin
2024-06-08 09:58:51,149 [INFO] PluginManager:220 - loadIPPluginJar : add resmgrutility
2024-06-08 09:58:51,281 [INFO] IPUIPlugin:80 - create IPUIPlugin
2024-06-08 09:58:51,281 [INFO] PluginManager:220 - loadIPPluginJar : add sai
2024-06-08 09:58:51,338 [INFO] IPUIPlugin:80 - create IPUIPlugin
2024-06-08 09:58:51,338 [INFO] PluginManager:220 - loadIPPluginJar : add spi
2024-06-08 09:58:51,435 [INFO] IPUIPlugin:80 - create IPUIPlugin
2024-06-08 09:58:51,435 [INFO] PluginManager:220 - loadIPPluginJar : add stm32_wpan
2024-06-08 09:58:51,470 [INFO] IPUIPlugin:80 - create IPUIPlugin
2024-06-08 09:58:51,470 [INFO] PluginManager:220 - loadIPPluginJar : add tim
2024-06-08 09:58:51,551 [INFO] IPUIPlugin:80 - create IPUIPlugin
2024-06-08 09:58:51,552 [INFO] PluginManager:220 - loadIPPluginJar : add touchsensing
2024-06-08 09:58:51,591 [INFO] IPUIPlugin:80 - create IPUIPlugin
2024-06-08 09:58:51,591 [INFO] PluginManager:220 - loadIPPluginJar : add tracer_emb
2024-06-08 09:58:51,634 [INFO] IPUIPlugin:80 - create IPUIPlugin
2024-06-08 09:58:51,634 [INFO] PluginManager:220 - loadIPPluginJar : add ts
2024-06-08 09:58:51,669 [INFO] IPUIPlugin:80 - create IPUIPlugin
2024-06-08 09:58:51,669 [INFO] PluginManager:220 - loadIPPluginJar : add tsc
2024-06-08 09:58:51,701 [INFO] IPUIPlugin:80 - create IPUIPlugin
2024-06-08 09:58:51,701 [INFO] PluginManager:220 - loadIPPluginJar : add ucpd
2024-06-08 09:58:51,778 [INFO] IPUIPlugin:80 - create IPUIPlugin
2024-06-08 09:58:51,778 [INFO] PluginManager:220 - loadIPPluginJar : add usart
2024-06-08 09:58:51,880 [INFO] IPUIPlugin:80 - create IPUIPlugin
2024-06-08 09:58:51,880 [INFO] PluginManager:220 - loadIPPluginJar : add usbx
2024-06-08 09:58:52,100 [INFO] CADModel:165 - CPN selected for project level
2024-06-08 09:58:52,100 [INFO] CADModel:114 - Register for checkConnection events
2024-06-08 09:58:52,101 [FATAL] Updater:308 - Updater called before beeing initialized
2024-06-08 09:58:52,101 [ERROR] CADModel:125 - Updater not yet initialized, retry later 
2024-06-08 09:58:52,403 [INFO] CADModel:165 - CPN selected for project level
2024-06-08 09:58:52,403 [INFO] CADModel:114 - Register for checkConnection events
2024-06-08 09:58:52,403 [FATAL] Updater:308 - Updater called before beeing initialized
2024-06-08 09:58:52,403 [ERROR] CADModel:125 - Updater not yet initialized, retry later 
2024-06-08 09:58:52,408 [FATAL] Updater:308 - Updater called before beeing initialized
2024-06-08 09:58:52,634 [FATAL] Updater:308 - Updater called before beeing initialized
2024-06-08 09:58:52,701 [INFO] DbMcusAds:53 - JSON generation date=Wed Nov 29 05:52:27 EST 2023 (1701255147349)
2024-06-08 09:58:52,703 [FATAL] Updater:308 - Updater called before beeing initialized
2024-06-08 09:58:52,776 [INFO] ThirdPartyUpdaterWithRetryManager:70 - Updater plugin not ready yet. [3/15]
2024-06-08 09:58:52,936 [WARN] DetailPanel:346 - Failed to get advertising image, set to default
2024-06-08 09:58:53,409 [FATAL] Updater:308 - Updater called before beeing initialized
2024-06-08 09:58:53,418 [FATAL] Updater:308 - Updater called before beeing initialized
2024-06-08 09:58:53,418 [FATAL] Updater:308 - Updater called before beeing initialized
2024-06-08 09:58:53,419 [WARN] DetailPanel:346 - Failed to get advertising image, set to default
2024-06-08 09:58:53,422 [FATAL] Updater:308 - Updater called before beeing initialized
2024-06-08 09:58:53,747 [ERROR] Updater:1120 - MainUpdater not yet initialized. External WinMGr cannot be set.
2024-06-08 09:58:53,789 [INFO] Updater:1056 - Updater Version found : 6.10.0
2024-06-08 09:58:53,865 [INFO] ApplicationProperties:184 - Using Application install path: C:\Users\nathf\STM32CubeIDE_1.13.2\STM32CubeIDE\plugins\com.st.stm32cube.common.mx_6.10.0.202311202037
2024-06-08 09:58:55,511 [ERROR] LogOutputStream:75 - [STDERR_REDIRECT] Jun 08, 2024 9:58:55 AM java.util.prefs.WindowsPreferences <init>
2024-06-08 09:58:55,520 [ERROR] LogOutputStream:75 - [STDERR_REDIRECT] WARNING: Could not open/create prefs root node Software\JavaSoft\Prefs at root 0xffffffff80000002. Windows RegCreateKeyEx(...) returned error code 5.
2024-06-08 09:58:55,521 [ERROR] LogOutputStream:75 - [STDERR_REDIRECT] 
2024-06-08 09:58:55,777 [FATAL] Updater:308 - Updater called before beeing initialized
2024-06-08 09:58:55,779 [ERROR] IntegrityCheckThread:130 - Cannot retrieve database content from updater: error 21
2024-06-08 09:58:55,781 [INFO] ThirdParty:978 - Integrity check success = false
2024-06-08 09:58:55,781 [INFO] IntegrityCheckThread:100 - exiting critical section [integrity check]
2024-06-08 09:58:55,781 [INFO] IntegrityCheckThread:103 - End integrity checks thread
2024-06-08 09:58:56,440 [INFO] MainUpdater:2873 - connection check result : 10
2024-06-08 09:58:56,441 [INFO] MainUpdater:3567 - Updater definition file requires update
2024-06-08 09:58:56,443 [INFO] MainUpdater:290 - Updater Check For Update Now.
2024-06-08 09:58:56,443 [INFO] MicroXplorer:498 - Change Database Version : DB.6.0.100
2024-06-08 09:58:56,480 [INFO] McuFinderGlobals:63 - Set McuFinder mode to 2 (CubeIDE integrated)
2024-06-08 09:58:56,480 [INFO] UserAuth:180 - activating auth plugin
2024-06-08 09:58:56,486 [INFO] UserAuth:404 - Internet connection configuration mode: 1
2024-06-08 09:58:56,549 [INFO] JxBrowserEngine:152 - Initiate JxBrowser Engine with user profile folder
2024-06-08 09:58:57,295 [INFO] ServerAccessManage:473 - Download File updaters.zip
2024-06-08 09:58:57,511 [INFO] FileExtend:240 - Unzip File : updaters.zip
2024-06-08 09:58:57,511 [INFO] FileExtend:255 - Standard Zip Deflate
2024-06-08 09:58:58,640 [INFO] ServerAccessManage:473 - Download File PacksControlFlags.xml
2024-06-08 09:58:59,258 [INFO] ServerAccessManage:473 - Download File cubemx.pidx
2024-06-08 09:59:00,939 [INFO] ServerAccessManage:473 - Download File STMicroelectronics.FP-SNS-MOTENV1.pdsc
2024-06-08 09:59:03,784 [INFO] ServerAccessManage:473 - Download File STMicroelectronics.FP-SNS-MOTENVWB1.pdsc
2024-06-08 09:59:03,985 [INFO] WebApp:161 - Instantiating new browser for Auth
2024-06-08 09:59:05,139 [INFO] WebApp:780 - Register for checkConnection events
2024-06-08 09:59:05,139 [INFO] WebApp:414 - Apply proxy settings
2024-06-08 09:59:05,139 [INFO] WebApp:499 - Chromium requires no authentication
2024-06-08 09:59:05,151 [INFO] WebApp:442 - Direct internet connection detected
2024-06-08 09:59:05,499 [INFO] WebApp:192 - Starting web application
2024-06-08 09:59:05,499 [INFO] WebApp:544 - Web application path used C:\Users\nathf\STM32CubeIDE_1.13.2\STM32CubeIDE\plugins\com.st.stm32cube.common.mx_6.10.0.202311202037\db\plugins\mcufinder\reactClient1\index.html
2024-06-08 09:59:05,511 [INFO] ServerAccessManage:473 - Download File STMicroelectronics.X-CUBE-AI.pdsc
2024-06-08 09:59:12,201 [INFO] ServerAccessManage:473 - Download File STMicroelectronics.X-CUBE-ALS.pdsc
2024-06-08 09:59:13,769 [INFO] ServerAccessManage:473 - Download File STMicroelectronics.X-CUBE-FREERTOS.pdsc
2024-06-08 09:59:19,319 [INFO] ServerAccessManage:473 - Download File STMicroelectronics.X-CUBE-NFC6.pdsc
2024-06-08 09:59:20,081 [INFO] ServerAccessManage:473 - Download File STMicroelectronics.X-CUBE-SAFEA1.pdsc
2024-06-08 09:59:20,838 [INFO] ServerAccessManage:473 - Download File STMicroelectronics.X-CUBE-TCPP.pdsc
2024-06-08 09:59:21,762 [INFO] ServerAccessManage:473 - Download File STMicroelectronics.X-CUBE-TOUCHGFX.pdsc
2024-06-08 09:59:26,989 [ERROR] LogOutputStream:75 - [STDERR_REDIRECT] SLF4J: Failed to load class "org.slf4j.impl.StaticLoggerBinder".
2024-06-08 09:59:26,992 [ERROR] LogOutputStream:75 - [STDERR_REDIRECT] SLF4J: Defaulting to no-operation (NOP) logger implementation
2024-06-08 09:59:26,995 [ERROR] LogOutputStream:75 - [STDERR_REDIRECT] SLF4J: See http://www.slf4j.org/codes.html#StaticLoggerBinder for further details.
2024-06-08 09:59:30,622 [INFO] ServerAccessManage:473 - Download File STMicroelectronics.X-CUBE-ALGOBUILD.pdsc
2024-06-08 09:59:39,886 [INFO] ServerAccessManage:473 - Download File STMicroelectronics.X-CUBE-AZRTOS-H7RS.pdsc
2024-06-08 09:59:41,334 [INFO] ServerAccessManage:473 - Download File wolfSSL.I-CUBE-wolfMQTT.pdsc
2024-06-08 09:59:42,037 [ERROR] ServerAccessManage:1089 - Problem, file not found on Server
2024-06-08 09:59:42,853 [INFO] ServerAccessManage:473 - Download File Cesanta.I-CUBE-Mongoose.pdsc
2024-06-08 09:59:44,099 [WARN] PackLoader:240 - Cannot read IP mode file for STMicroelectronics.FP-SNS-MOTENV1.5.0.0
2024-06-08 09:59:44,111 [WARN] PackLoader:240 - Cannot read IP mode file for STMicroelectronics.FP-SNS-MOTENVWB1.1.4.0
2024-06-08 09:59:44,124 [WARN] PackLoader:240 - Cannot read IP mode file for STMicroelectronics.X-CUBE-AI.9.0.0
2024-06-08 09:59:44,137 [WARN] PackLoader:240 - Cannot read IP mode file for STMicroelectronics.X-CUBE-ALS.1.0.2
2024-06-08 09:59:44,150 [WARN] PackLoader:240 - Cannot read IP mode file for STMicroelectronics.X-CUBE-FREERTOS.1.2.0
2024-06-08 09:59:44,169 [WARN] PackLoader:240 - Cannot read IP mode file for STMicroelectronics.X-CUBE-NFC6.3.1.0
2024-06-08 09:59:44,192 [WARN] PackLoader:240 - Cannot read IP mode file for STMicroelectronics.X-CUBE-SAFEA1.1.2.2
2024-06-08 09:59:44,211 [WARN] PackLoader:240 - Cannot read IP mode file for STMicroelectronics.X-CUBE-TCPP.4.1.0
2024-06-08 09:59:44,227 [WARN] PackLoader:240 - Cannot read IP mode file for STMicroelectronics.X-CUBE-TOUCHGFX.4.23.2
2024-06-08 09:59:44,241 [WARN] PackLoader:240 - Cannot read IP mode file for STMicroelectronics.X-CUBE-ALGOBUILD.1.4.0
2024-06-08 09:59:44,271 [INFO] CheckServerUpdateThread:120 - End of CheckServer Thread
2024-06-08 09:59:44,281 [WARN] PackLoader:240 - Cannot read IP mode file for STMicroelectronics.X-CUBE-AZRTOS-H7RS.1.0.0
2024-06-08 09:59:44,306 [WARN] PackLoader:240 - Cannot read IP mode file for wolfSSL.I-CUBE-wolfMQTT.1.19.0
2024-06-08 09:59:44,312 [WARN] PackLoader:240 - Cannot read IP mode file for Cesanta.I-CUBE-Mongoose.7.13.0
2024-06-08 09:59:44,312 [INFO] PopulateThirdPartyThread:66 - Ending populate Thread
2024-06-08 09:59:44,316 [INFO] ThirdParty:1030 - CMSIS Pack Vendor :STMicroelectronics FP-SNS-MOTENVWB1 1.4.0
2024-06-08 09:59:44,316 [INFO] ThirdParty:1030 - CMSIS Pack Vendor :STMicroelectronics X-CUBE-ALGOBUILD 1.4.0
2024-06-08 09:59:44,316 [INFO] ThirdParty:1030 - CMSIS Pack Vendor :STMicroelectronics FP-SNS-MOTENV1 5.0.0
2024-06-08 09:59:44,316 [INFO] ThirdParty:1030 - CMSIS Pack Vendor :STMicroelectronics X-CUBE-SAFEA1 1.2.2
2024-06-08 09:59:44,316 [INFO] ThirdParty:1030 - CMSIS Pack Vendor :STMicroelectronics X-CUBE-TCPP 4.1.0
2024-06-08 09:59:44,316 [INFO] ThirdParty:1030 - CMSIS Pack Vendor :STMicroelectronics X-CUBE-AZRTOS-H7RS 1.0.0
2024-06-08 09:59:44,316 [INFO] ThirdParty:1030 - CMSIS Pack Vendor :wolfSSL I-CUBE-wolfMQTT 1.19.0
2024-06-08 09:59:44,316 [INFO] ThirdParty:1030 - CMSIS Pack Vendor :STMicroelectronics X-CUBE-ALS 1.0.2
2024-06-08 09:59:44,317 [INFO] ThirdParty:1030 - CMSIS Pack Vendor :STMicroelectronics X-CUBE-FREERTOS 1.2.0
2024-06-08 09:59:44,317 [INFO] ThirdParty:1030 - CMSIS Pack Vendor :Cesanta I-CUBE-Mongoose 7.13.0
2024-06-08 09:59:44,317 [INFO] ThirdParty:1030 - CMSIS Pack Vendor :STMicroelectronics X-CUBE-AI 9.0.0
2024-06-08 09:59:44,317 [INFO] ThirdParty:1030 - CMSIS Pack Vendor :STMicroelectronics X-CUBE-TOUCHGFX 4.23.2
2024-06-08 09:59:44,317 [INFO] ThirdParty:1030 - CMSIS Pack Vendor :STMicroelectronics X-CUBE-NFC6 3.1.0
2024-06-08 09:59:44,317 [INFO] LoadServerUpdatesThread:375 - End of LoadServerUpdate Thread
2024-06-08 13:34:49,124 [INFO] WebApp:354 - JxBrowser engine has been closed 
