2024-08-25 15:15:55,115 [INFO] Activator:176 - 


2024-08-25 15:15:55,128 [INFO] Activator:177 - !SESSION log4j initialized
2024-08-25 15:16:08,606 [INFO] LogOutputStream:77 - [STDOUT_REDIRECT] 
2024-08-25 15:16:10,790 [INFO] ApplicationProperties:184 - Using Application install path: C:\Users\nathf\STM32CubeIDE_1.13.2\STM32CubeIDE\plugins\com.st.stm32cube.common.mx_6.10.0.202311202037
2024-08-25 15:16:10,838 [INFO] DbMcusXml:78 - Set database path to: C:\Users\nathf\STM32CubeIDE_1.13.2\STM32CubeIDE\plugins\com.st.stm32cube.common.mx_6.10.0.202311202037\\db\/mcu/
2024-08-25 15:16:10,839 [INFO] ApiDb:274 - Set plugin database path to: C:\Users\nathf\STM32CubeIDE_1.13.2\STM32CubeIDE\plugins\com.st.stm32cube.common.mx_6.10.0.202311202037\\db\/plugins/boardmanager/
2024-08-25 15:16:10,840 [WARN] ApiDb:259 - Overriding images path with different value:  => C:\Users\nathf\STM32CubeIDE_1.13.2\STM32CubeIDE\plugins\com.st.stm32cube.common.mx_6.10.0.202311202037\\db\/plugins/mcufinder/images/
2024-08-25 15:16:10,877 [INFO] ApiDb:250 - Set database path to: C:\Users\nathf\.stmcufinder\plugins\mcufinder//mcu/
2024-08-25 15:16:10,879 [INFO] DbMcusAds:125 - Set database path to: C:\Users\nathf\.stmcufinder\plugins\mcufinder//mcu/
2024-08-25 15:16:10,884 [INFO] CrossReferenceDbSqlite:203 - Set database path to: C:\Users\nathf\.stmcufinder\plugins\mcufinder//mcu/cs/
2024-08-25 15:16:11,138 [INFO] RulesReader:64 - Compatibility file has been processed (297 Rules)
2024-08-25 15:16:11,276 [INFO] DbMcusXml:78 - Set database path to: C:\Users\nathf\STM32CubeIDE_1.13.2\STM32CubeIDE\plugins\com.st.stm32cube.common.mx_6.10.0.202311202037\\db\/mcu/
2024-08-25 15:16:11,276 [INFO] ApiDb:274 - Set plugin database path to: C:\Users\nathf\STM32CubeIDE_1.13.2\STM32CubeIDE\plugins\com.st.stm32cube.common.mx_6.10.0.202311202037\\db\/plugins/boardmanager/
2024-08-25 15:16:11,277 [INFO] ApiDb:261 - Set plugin images path to: C:\Users\nathf\STM32CubeIDE_1.13.2\STM32CubeIDE\plugins\com.st.stm32cube.common.mx_6.10.0.202311202037\\db\/plugins/mcufinder/images/
2024-08-25 15:16:11,277 [WARN] DbFile:41 - Overriding database path with different value: C:\Users\nathf\.stmcufinder\plugins\mcufinder/ => C:\Users\nathf\.stmcufinder\plugins\mcufinder
2024-08-25 15:16:11,277 [INFO] ApiDb:250 - Set database path to: C:\Users\nathf\.stmcufinder\plugins\mcufinder//mcu/
2024-08-25 15:16:11,277 [WARN] DbFile:41 - Overriding database path with different value: C:\Users\nathf\.stmcufinder\plugins\mcufinder/ => C:\Users\nathf\.stmcufinder\plugins\mcufinder
2024-08-25 15:16:11,278 [INFO] DbMcusAds:125 - Set database path to: C:\Users\nathf\.stmcufinder\plugins\mcufinder//mcu/
2024-08-25 15:16:11,278 [WARN] DbFile:41 - Overriding database path with different value: C:\Users\nathf\.stmcufinder\plugins\mcufinder/ => C:\Users\nathf\.stmcufinder\plugins\mcufinder
2024-08-25 15:16:11,278 [WARN] DbFile:41 - Overriding database path with different value: C:\Users\nathf\.stmcufinder\plugins\mcufinder/ => C:\Users\nathf\.stmcufinder\plugins\mcufinder
2024-08-25 15:16:11,278 [INFO] CrossReferenceDbSqlite:203 - Set database path to: C:\Users\nathf\.stmcufinder\plugins\mcufinder//mcu/cs/
2024-08-25 15:16:11,391 [INFO] MainPanel:264 - HeapMemory: 268435456
2024-08-25 15:16:11,516 [INFO] DbMcusXml:78 - Set database path to: C:\Users\nathf\STM32CubeIDE_1.13.2\STM32CubeIDE\plugins\com.st.stm32cube.common.mx_6.10.0.202311202037\\db\/mcu/
2024-08-25 15:16:11,516 [INFO] ApiDb:274 - Set plugin database path to: C:\Users\nathf\STM32CubeIDE_1.13.2\STM32CubeIDE\plugins\com.st.stm32cube.common.mx_6.10.0.202311202037\\db\/plugins/boardmanager/
2024-08-25 15:16:11,516 [INFO] ApiDb:261 - Set plugin images path to: C:\Users\nathf\STM32CubeIDE_1.13.2\STM32CubeIDE\plugins\com.st.stm32cube.common.mx_6.10.0.202311202037\\db\/plugins/mcufinder/images/
2024-08-25 15:16:11,517 [WARN] DbFile:41 - Overriding database path with different value: C:\Users\nathf\.stmcufinder\plugins\mcufinder/ => C:\Users\nathf\.stmcufinder\plugins\mcufinder
2024-08-25 15:16:11,517 [INFO] ApiDb:250 - Set database path to: C:\Users\nathf\.stmcufinder\plugins\mcufinder//mcu/
2024-08-25 15:16:11,517 [WARN] DbFile:41 - Overriding database path with different value: C:\Users\nathf\.stmcufinder\plugins\mcufinder/ => C:\Users\nathf\.stmcufinder\plugins\mcufinder
2024-08-25 15:16:11,518 [INFO] DbMcusAds:125 - Set database path to: C:\Users\nathf\.stmcufinder\plugins\mcufinder//mcu/
2024-08-25 15:16:11,518 [WARN] DbFile:41 - Overriding database path with different value: C:\Users\nathf\.stmcufinder\plugins\mcufinder/ => C:\Users\nathf\.stmcufinder\plugins\mcufinder
2024-08-25 15:16:11,518 [WARN] DbFile:41 - Overriding database path with different value: C:\Users\nathf\.stmcufinder\plugins\mcufinder/ => C:\Users\nathf\.stmcufinder\plugins\mcufinder
2024-08-25 15:16:11,518 [INFO] CrossReferenceDbSqlite:203 - Set database path to: C:\Users\nathf\.stmcufinder\plugins\mcufinder//mcu/cs/
2024-08-25 15:16:11,543 [INFO] ApplicationProperties:184 - Using Application install path: C:\Users\nathf\STM32CubeIDE_1.13.2\STM32CubeIDE\plugins\com.st.stm32cube.common.mx_6.10.0.202311202037
2024-08-25 15:16:11,545 [INFO] PluginManage:196 - Search for loadable plugins [exclusion list=, ]
2024-08-25 15:16:11,547 [INFO] PluginManage:310 - Check plugin analytics
2024-08-25 15:16:11,820 [INFO] AnalyticsPlugin:253 - Accepted Software Licenses: STM32CubeMX.6.10.0
2024-08-25 15:16:11,820 [INFO] AnalyticsPlugin:255 - Accepted CMSIS Pack Licenses: 
2024-08-25 15:16:11,821 [INFO] AnalyticsPlugin:257 - Accepted Firmware Licenses: FW.F4.1.27.0
2024-08-25 15:16:11,825 [INFO] PluginManage:359 - Loaded plugin analytics (category:tool,tabindex:-1)
2024-08-25 15:16:11,825 [INFO] PluginManage:310 - Check plugin cadmodel
2024-08-25 15:16:11,851 [INFO] CADModel:105 - Init CAD model plugin
2024-08-25 15:16:11,851 [INFO] PluginManage:359 - Loaded plugin cadmodel (category:power,tabindex:5)
2024-08-25 15:16:11,852 [INFO] PluginManage:310 - Check plugin clock
2024-08-25 15:16:11,888 [INFO] PluginManage:359 - Loaded plugin clock (category:base,tabindex:2)
2024-08-25 15:16:11,888 [INFO] PluginManage:310 - Check plugin ddr
2024-08-25 15:16:11,892 [INFO] PluginManage:359 - Loaded plugin ddr (category:tool,tabindex:6)
2024-08-25 15:16:11,892 [INFO] PluginManage:310 - Check plugin filemanager
2024-08-25 15:16:12,108 [INFO] PluginManage:359 - Loaded plugin filemanager (category:base,tabindex:10)
2024-08-25 15:16:12,108 [INFO] PluginManage:310 - Check plugin ipmanager
2024-08-25 15:16:12,117 [INFO] PluginManage:359 - Loaded plugin ipmanager (category:base,tabindex:5)
2024-08-25 15:16:12,118 [INFO] PluginManage:310 - Check plugin lpbam
2024-08-25 15:16:12,139 [INFO] PluginManage:359 - Loaded plugin lpbam (category:base,tabindex:0)
2024-08-25 15:16:12,139 [INFO] PluginManage:310 - Check plugin memorymap
2024-08-25 15:16:12,165 [INFO] PluginManage:359 - Loaded plugin memorymap (category:base,tabindex:4)
2024-08-25 15:16:12,165 [INFO] PluginManage:310 - Check plugin pinoutandconfiguration
2024-08-25 15:16:12,185 [INFO] PluginManage:359 - Loaded plugin pinoutandconfiguration (category:base,tabindex:1)
2024-08-25 15:16:12,185 [INFO] PluginManage:310 - Check plugin pinoutconfig
2024-08-25 15:16:12,313 [WARN] SupportedApi:132 - Cannot load RTOS API schema: s4s-elt-must-match.1: The content of 'definitions' must match (annotation?, (simpleType | complexType)?, (unique | key | keyref)*)). A problem was found starting at: attribute.
2024-08-25 15:16:12,502 [INFO] PluginManage:359 - Loaded plugin pinoutconfig (category:base,tabindex:0)
2024-08-25 15:16:12,502 [INFO] PluginManage:310 - Check plugin power
2024-08-25 15:16:12,527 [INFO] PluginManage:359 - Loaded plugin power (category:power,tabindex:4)
2024-08-25 15:16:12,527 [INFO] PluginManage:310 - Check plugin projectmanager
2024-08-25 15:16:12,546 [INFO] PluginManage:359 - Loaded plugin projectmanager (category:projectmanager,tabindex:3)
2024-08-25 15:16:12,546 [INFO] PluginManage:310 - Check plugin thirdparty
2024-08-25 15:16:13,053 [INFO] PluginManage:359 - Loaded plugin thirdparty (category:base,tabindex:-1)
2024-08-25 15:16:13,053 [WARN] IntegrityCheckThread:84 - waiting for thirdparty lock release [integrity check]
2024-08-25 15:16:13,054 [INFO] IntegrityCheckThread:86 - entering critical section [integrity check]
2024-08-25 15:16:13,054 [INFO] PluginManage:310 - Check plugin tools
2024-08-25 15:16:13,054 [INFO] ThirdPartyUpdaterWithRetryManager:70 - Updater plugin not ready yet. [1/15]
2024-08-25 15:16:13,135 [INFO] PluginManage:359 - Loaded plugin tools (category:base,tabindex:7)
2024-08-25 15:16:13,136 [INFO] PluginManage:310 - Check plugin tutovideos
2024-08-25 15:16:13,563 [INFO] PluginManage:359 - Loaded plugin tutovideos (category:base,tabindex:-1)
2024-08-25 15:16:13,564 [INFO] PluginManage:310 - Check plugin updater
2024-08-25 15:16:13,588 [INFO] PluginManage:359 - Loaded plugin updater (category:base,tabindex:12)
2024-08-25 15:16:13,588 [INFO] PluginManage:310 - Check plugin userauth
2024-08-25 15:16:13,600 [INFO] UserAuth:114 - Init User Auth plugin
2024-08-25 15:16:13,600 [INFO] PluginManage:359 - Loaded plugin userauth (category:base,tabindex:14)
2024-08-25 15:16:13,601 [INFO] PluginManage:283 - PluginManage : Loaded plugins [17]
2024-08-25 15:16:14,108 [INFO] PinOutPanel:1499 - setPackage(No Configuration,No Configuration)
2024-08-25 15:16:14,200 [INFO] CADModel:165 - CPN selected for project level
2024-08-25 15:16:14,201 [INFO] CADModel:114 - Register for checkConnection events
2024-08-25 15:16:14,228 [INFO] IPUIPlugin:80 - create IPUIPlugin
2024-08-25 15:16:14,228 [INFO] PluginManager:220 - loadIPPluginJar : add adc
2024-08-25 15:16:14,269 [INFO] IPUIPlugin:80 - create IPUIPlugin
2024-08-25 15:16:14,269 [INFO] PluginManager:220 - loadIPPluginJar : add aes
2024-08-25 15:16:14,315 [INFO] IPUIPlugin:80 - create IPUIPlugin
2024-08-25 15:16:14,315 [INFO] PluginManager:220 - loadIPPluginJar : add can
2024-08-25 15:16:14,340 [INFO] IPUIPlugin:80 - create IPUIPlugin
2024-08-25 15:16:14,341 [INFO] PluginManager:220 - loadIPPluginJar : add comp
2024-08-25 15:16:14,378 [INFO] IPUIPlugin:80 - create IPUIPlugin
2024-08-25 15:16:14,378 [INFO] PluginManager:220 - loadIPPluginJar : add cryp
2024-08-25 15:16:14,413 [INFO] IPUIPlugin:80 - create IPUIPlugin
2024-08-25 15:16:14,413 [INFO] PluginManager:220 - loadIPPluginJar : add dfsdm
2024-08-25 15:16:14,429 [INFO] IPUIPlugin:80 - create IPUIPlugin
2024-08-25 15:16:14,429 [INFO] PluginManager:220 - loadIPPluginJar : add dma
2024-08-25 15:16:14,482 [INFO] IPUIPlugin:80 - create IPUIPlugin
2024-08-25 15:16:14,482 [INFO] PluginManager:220 - loadIPPluginJar : add dma3
2024-08-25 15:16:14,505 [INFO] IPUIPlugin:80 - create IPUIPlugin
2024-08-25 15:16:14,505 [INFO] PluginManager:220 - loadIPPluginJar : add fatfs
2024-08-25 15:16:14,557 [INFO] IPUIPlugin:80 - create IPUIPlugin
2024-08-25 15:16:14,558 [INFO] PluginManager:220 - loadIPPluginJar : add fmc
2024-08-25 15:16:14,573 [INFO] IPUIPlugin:80 - create IPUIPlugin
2024-08-25 15:16:14,573 [INFO] PluginManager:220 - loadIPPluginJar : add freertos
2024-08-25 15:16:14,596 [INFO] IPUIPlugin:80 - create IPUIPlugin
2024-08-25 15:16:14,596 [INFO] PluginManager:220 - loadIPPluginJar : add genericplugin
2024-08-25 15:16:14,708 [INFO] IPUIPlugin:80 - create IPUIPlugin
2024-08-25 15:16:14,708 [INFO] PluginManager:220 - loadIPPluginJar : add gfxmmu
2024-08-25 15:16:14,869 [INFO] IPUIPlugin:80 - create IPUIPlugin
2024-08-25 15:16:14,870 [INFO] PluginManager:220 - loadIPPluginJar : add gic
2024-08-25 15:16:14,884 [INFO] IPUIPlugin:80 - create IPUIPlugin
2024-08-25 15:16:14,884 [INFO] PluginManager:220 - loadIPPluginJar : add gpio
2024-08-25 15:16:14,990 [INFO] IPUIPlugin:80 - create IPUIPlugin
2024-08-25 15:16:14,991 [INFO] PluginManager:220 - loadIPPluginJar : add gtzc
2024-08-25 15:16:15,028 [INFO] IPUIPlugin:80 - create IPUIPlugin
2024-08-25 15:16:15,028 [INFO] PluginManager:220 - loadIPPluginJar : add hash
2024-08-25 15:16:15,093 [INFO] IPUIPlugin:80 - create IPUIPlugin
2024-08-25 15:16:15,093 [INFO] PluginManager:220 - loadIPPluginJar : add i2c
2024-08-25 15:16:15,142 [INFO] IPUIPlugin:80 - create IPUIPlugin
2024-08-25 15:16:15,142 [INFO] PluginManager:220 - loadIPPluginJar : add i2s
2024-08-25 15:16:15,190 [INFO] IPUIPlugin:80 - create IPUIPlugin
2024-08-25 15:16:15,190 [INFO] PluginManager:220 - loadIPPluginJar : add i3c
2024-08-25 15:16:15,323 [INFO] IPUIPlugin:80 - create IPUIPlugin
2024-08-25 15:16:15,324 [INFO] PluginManager:220 - loadIPPluginJar : add ipddr
2024-08-25 15:16:15,437 [INFO] IPUIPlugin:80 - create IPUIPlugin
2024-08-25 15:16:15,437 [INFO] PluginManager:220 - loadIPPluginJar : add linkedlist
2024-08-25 15:16:15,478 [INFO] IPUIPlugin:80 - create IPUIPlugin
2024-08-25 15:16:15,478 [INFO] PluginManager:220 - loadIPPluginJar : add lorawan
2024-08-25 15:16:15,521 [INFO] IPUIPlugin:80 - create IPUIPlugin
2024-08-25 15:16:15,521 [INFO] PluginManager:220 - loadIPPluginJar : add ltdc
2024-08-25 15:16:15,536 [INFO] IPUIPlugin:80 - create IPUIPlugin
2024-08-25 15:16:15,536 [INFO] PluginManager:220 - loadIPPluginJar : add mdma
2024-08-25 15:16:15,548 [INFO] IPUIPlugin:80 - create IPUIPlugin
2024-08-25 15:16:15,548 [INFO] PluginManager:220 - loadIPPluginJar : add nvic
2024-08-25 15:16:15,625 [INFO] IPUIPlugin:80 - create IPUIPlugin
2024-08-25 15:16:15,625 [INFO] PluginManager:220 - loadIPPluginJar : add opamp
2024-08-25 15:16:15,803 [INFO] IPUIPlugin:80 - create IPUIPlugin
2024-08-25 15:16:15,803 [INFO] PluginManager:220 - loadIPPluginJar : add openamp
2024-08-25 15:16:15,918 [INFO] IPUIPlugin:80 - create IPUIPlugin
2024-08-25 15:16:15,918 [INFO] PluginManager:220 - loadIPPluginJar : add pdm2pcm
2024-08-25 15:16:15,952 [INFO] IPUIPlugin:80 - create IPUIPlugin
2024-08-25 15:16:15,956 [INFO] PluginManager:220 - loadIPPluginJar : add plateformsettings
2024-08-25 15:16:16,008 [INFO] IPUIPlugin:80 - create IPUIPlugin
2024-08-25 15:16:16,008 [INFO] PluginManager:220 - loadIPPluginJar : add quadspi
2024-08-25 15:16:16,035 [INFO] IPUIPlugin:80 - create IPUIPlugin
2024-08-25 15:16:16,035 [INFO] PluginManager:220 - loadIPPluginJar : add resmgrutility
2024-08-25 15:16:16,056 [INFO] ThirdPartyUpdaterWithRetryManager:70 - Updater plugin not ready yet. [2/15]
2024-08-25 15:16:16,155 [INFO] IPUIPlugin:80 - create IPUIPlugin
2024-08-25 15:16:16,155 [INFO] PluginManager:220 - loadIPPluginJar : add sai
2024-08-25 15:16:16,248 [INFO] IPUIPlugin:80 - create IPUIPlugin
2024-08-25 15:16:16,248 [INFO] PluginManager:220 - loadIPPluginJar : add spi
2024-08-25 15:16:16,407 [INFO] IPUIPlugin:80 - create IPUIPlugin
2024-08-25 15:16:16,407 [INFO] PluginManager:220 - loadIPPluginJar : add stm32_wpan
2024-08-25 15:16:16,459 [INFO] IPUIPlugin:80 - create IPUIPlugin
2024-08-25 15:16:16,459 [INFO] PluginManager:220 - loadIPPluginJar : add tim
2024-08-25 15:16:16,589 [INFO] IPUIPlugin:80 - create IPUIPlugin
2024-08-25 15:16:16,590 [INFO] PluginManager:220 - loadIPPluginJar : add touchsensing
2024-08-25 15:16:16,640 [INFO] IPUIPlugin:80 - create IPUIPlugin
2024-08-25 15:16:16,640 [INFO] PluginManager:220 - loadIPPluginJar : add tracer_emb
2024-08-25 15:16:16,692 [INFO] IPUIPlugin:80 - create IPUIPlugin
2024-08-25 15:16:16,692 [INFO] PluginManager:220 - loadIPPluginJar : add ts
2024-08-25 15:16:16,741 [INFO] IPUIPlugin:80 - create IPUIPlugin
2024-08-25 15:16:16,741 [INFO] PluginManager:220 - loadIPPluginJar : add tsc
2024-08-25 15:16:16,793 [INFO] IPUIPlugin:80 - create IPUIPlugin
2024-08-25 15:16:16,793 [INFO] PluginManager:220 - loadIPPluginJar : add ucpd
2024-08-25 15:16:16,893 [INFO] IPUIPlugin:80 - create IPUIPlugin
2024-08-25 15:16:16,893 [INFO] PluginManager:220 - loadIPPluginJar : add usart
2024-08-25 15:16:16,995 [INFO] IPUIPlugin:80 - create IPUIPlugin
2024-08-25 15:16:16,995 [INFO] PluginManager:220 - loadIPPluginJar : add usbx
2024-08-25 15:16:17,197 [INFO] CADModel:165 - CPN selected for project level
2024-08-25 15:16:17,197 [INFO] CADModel:114 - Register for checkConnection events
2024-08-25 15:16:17,198 [FATAL] Updater:308 - Updater called before beeing initialized
2024-08-25 15:16:17,198 [ERROR] CADModel:125 - Updater not yet initialized, retry later 
2024-08-25 15:16:17,361 [INFO] CADModel:165 - CPN selected for project level
2024-08-25 15:16:17,361 [INFO] CADModel:114 - Register for checkConnection events
2024-08-25 15:16:17,361 [FATAL] Updater:308 - Updater called before beeing initialized
2024-08-25 15:16:17,361 [ERROR] CADModel:125 - Updater not yet initialized, retry later 
2024-08-25 15:16:17,364 [FATAL] Updater:308 - Updater called before beeing initialized
2024-08-25 15:16:17,522 [FATAL] Updater:308 - Updater called before beeing initialized
2024-08-25 15:16:17,537 [INFO] DbMcusAds:53 - JSON generation date=Thu May 16 05:22:00 EDT 2024 (1715851320667)
2024-08-25 15:16:17,537 [FATAL] Updater:308 - Updater called before beeing initialized
2024-08-25 15:16:17,584 [WARN] DetailPanel:346 - Failed to get advertising image, set to default
2024-08-25 15:16:17,682 [FATAL] Updater:308 - Updater called before beeing initialized
2024-08-25 15:16:17,685 [FATAL] Updater:308 - Updater called before beeing initialized
2024-08-25 15:16:17,685 [FATAL] Updater:308 - Updater called before beeing initialized
2024-08-25 15:16:17,685 [WARN] DetailPanel:346 - Failed to get advertising image, set to default
2024-08-25 15:16:17,686 [FATAL] Updater:308 - Updater called before beeing initialized
2024-08-25 15:16:17,783 [ERROR] Updater:1120 - MainUpdater not yet initialized. External WinMGr cannot be set.
2024-08-25 15:16:17,796 [INFO] Updater:1056 - Updater Version found : 6.10.0
2024-08-25 15:16:17,820 [INFO] ApplicationProperties:184 - Using Application install path: C:\Users\nathf\STM32CubeIDE_1.13.2\STM32CubeIDE\plugins\com.st.stm32cube.common.mx_6.10.0.202311202037
2024-08-25 15:16:19,057 [INFO] ThirdPartyUpdaterWithRetryManager:70 - Updater plugin not ready yet. [3/15]
2024-08-25 15:16:19,417 [ERROR] LogOutputStream:75 - [STDERR_REDIRECT] Aug 25, 2024 3:16:19 PM java.util.prefs.WindowsPreferences <init>
2024-08-25 15:16:19,421 [ERROR] LogOutputStream:75 - [STDERR_REDIRECT] WARNING: Could not open/create prefs root node Software\JavaSoft\Prefs at root 0xffffffff80000002. Windows RegCreateKeyEx(...) returned error code 5.
2024-08-25 15:16:19,421 [ERROR] LogOutputStream:75 - [STDERR_REDIRECT] 
2024-08-25 15:16:20,249 [INFO] MainUpdater:2873 - connection check result : 10
2024-08-25 15:16:20,249 [INFO] MainUpdater:290 - Updater Check For Update Now.
2024-08-25 15:16:20,250 [INFO] MicroXplorer:498 - Change Database Version : DB.6.0.100
2024-08-25 15:16:20,288 [INFO] McuFinderGlobals:63 - Set McuFinder mode to 2 (CubeIDE integrated)
2024-08-25 15:16:20,288 [INFO] UserAuth:180 - activating auth plugin
2024-08-25 15:16:20,294 [INFO] UserAuth:404 - Internet connection configuration mode: 1
2024-08-25 15:16:20,341 [INFO] JxBrowserEngine:152 - Initiate JxBrowser Engine with user profile folder
2024-08-25 15:16:20,521 [INFO] CheckServerUpdateThread:120 - End of CheckServer Thread
2024-08-25 15:16:22,579 [WARN] PackLoader:240 - Cannot read IP mode file for STMicroelectronics.FP-SNS-MOTENVWB1.1.4.0
2024-08-25 15:16:22,624 [WARN] PackLoader:240 - Cannot read IP mode file for STMicroelectronics.X-CUBE-SMBUS.2.1.0
2024-08-25 15:16:22,656 [WARN] PackLoader:240 - Cannot read IP mode file for STMicroelectronics.X-CUBE-TOUCHGFX.4.23.0
2024-08-25 15:16:22,682 [WARN] PackLoader:240 - Cannot read IP mode file for STMicroelectronics.X-CUBE-TOUCHGFX.4.23.2
2024-08-25 15:16:22,790 [WARN] PackLoader:240 - Cannot read IP mode file for STMicroelectronics.X-CUBE-AZRTOS-F7.1.1.0
2024-08-25 15:16:22,844 [WARN] PackLoader:240 - Cannot read IP mode file for STMicroelectronics.FP-SNS-MOTENV1.4.3.2
2024-08-25 15:16:23,133 [WARN] PackLoader:240 - Cannot read IP mode file for STMicroelectronics.X-CUBE-MEMS1.11.0.0
2024-08-25 15:16:23,756 [WARN] PackLoader:240 - Cannot read IP mode file for STMicroelectronics.FP-SNS-FLIGHT1.5.0.2
2024-08-25 15:16:23,794 [WARN] PackLoader:240 - Cannot read IP mode file for STMicroelectronics.X-CUBE-DISPLAY.3.0.0
2024-08-25 15:16:23,837 [WARN] PackLoader:240 - Cannot read IP mode file for STMicroelectronics.X-CUBE-BLE1.7.0.0
2024-08-25 15:16:23,873 [WARN] PackLoader:240 - Cannot read IP mode file for emotas.I-CUBE-CANOPEN.1.3.0
2024-08-25 15:16:23,904 [WARN] PackLoader:240 - Cannot read IP mode file for STMicroelectronics.X-CUBE-TOUCHGFX.4.22.1
2024-08-25 15:16:23,944 [WARN] PackLoader:240 - Cannot read IP mode file for STMicroelectronics.X-CUBE-BLEMGR.3.1.0
2024-08-25 15:16:23,982 [WARN] PackLoader:240 - Cannot read IP mode file for STMicroelectronics.FP-SNS-SMARTAG2.1.2.0
2024-08-25 15:16:24,030 [INFO] LogOutputStream:77 - [STDOUT_REDIRECT] 1 : Invalid condition id : UX_CORESTACK_Condition cause : null
2024-08-25 15:16:24,032 [INFO] LogOutputStream:77 - [STDOUT_REDIRECT] 1 : Invalid condition id : UX_CORESTACK_Condition cause : null
2024-08-25 15:16:24,036 [INFO] LogOutputStream:77 - [STDOUT_REDIRECT] 1 : Invalid condition id : UX_CORESTACK_Condition cause : null
2024-08-25 15:16:24,040 [INFO] LogOutputStream:77 - [STDOUT_REDIRECT] 1 : Invalid condition id : UX_CORESTACK_Condition cause : null
2024-08-25 15:16:24,045 [INFO] LogOutputStream:77 - [STDOUT_REDIRECT] 1 : Invalid condition id : UX_CORESTACK_Condition cause : null
2024-08-25 15:16:24,054 [WARN] PackLoader:240 - Cannot read IP mode file for STMicroelectronics.X-CUBE-AZRTOS-WL.2.0.0
2024-08-25 15:16:24,085 [WARN] PackLoader:240 - Cannot read IP mode file for STMicroelectronics.FP-SNS-MOTENV1.5.0.0
2024-08-25 15:16:24,109 [WARN] PackLoader:240 - Cannot read IP mode file for wolfSSL.I-CUBE-wolfMQTT.1.19.0
2024-08-25 15:16:24,162 [WARN] PackLoader:240 - Cannot read IP mode file for WES.I-CUBE-Cesium.1.3.0
2024-08-25 15:16:24,193 [WARN] PackLoader:240 - Cannot read IP mode file for STMicroelectronics.X-CUBE-BLE2.3.3.0
2024-08-25 15:16:24,228 [WARN] PackLoader:240 - Cannot read IP mode file for STMicroelectronics.X-CUBE-TCPP.4.1.0
2024-08-25 15:16:24,268 [WARN] PackLoader:240 - Cannot read IP mode file for STMicroelectronics.X-CUBE-ALGOBUILD.1.3.0
2024-08-25 15:16:24,355 [WARN] PackLoader:240 - Cannot read IP mode file for STMicroelectronics.X-CUBE-AZRTOS-G0.1.1.0
2024-08-25 15:16:24,398 [WARN] PackLoader:240 - Cannot read IP mode file for STMicroelectronics.X-CUBE-SAFEA1.1.2.2
2024-08-25 15:16:24,434 [WARN] PackLoader:240 - Cannot read IP mode file for STMicroelectronics.X-CUBE-NFC4.3.0.0
2024-08-25 15:16:24,473 [WARN] PackLoader:240 - Cannot read IP mode file for EmbeddedOffice.I-CUBE-FS-RTOS.1.0.1
2024-08-25 15:16:24,474 [ERROR] ConditionMgr:805 - Attr not supported : Dmpu
2024-08-25 15:16:24,474 [ERROR] ConditionMgr:805 - Attr not supported : Dmpu
2024-08-25 15:16:24,474 [ERROR] ConditionMgr:805 - Attr not supported : Dmpu
2024-08-25 15:16:24,475 [ERROR] ConditionMgr:805 - Attr not supported : Dmpu
2024-08-25 15:16:24,475 [ERROR] ConditionMgr:805 - Attr not supported : Dmpu
2024-08-25 15:16:24,475 [ERROR] ConditionMgr:805 - Attr not supported : Dmpu
2024-08-25 15:16:24,475 [ERROR] ConditionMgr:805 - Attr not supported : Dmpu
2024-08-25 15:16:24,476 [ERROR] ConditionMgr:805 - Attr not supported : Dmpu
2024-08-25 15:16:24,476 [ERROR] ConditionMgr:805 - Attr not supported : Dmpu
2024-08-25 15:16:24,476 [ERROR] ConditionMgr:805 - Attr not supported : Dmpu
2024-08-25 15:16:24,476 [ERROR] ConditionMgr:805 - Attr not supported : Dmpu
2024-08-25 15:16:24,476 [ERROR] ConditionMgr:805 - Attr not supported : Dmpu
2024-08-25 15:16:24,477 [ERROR] ConditionMgr:805 - Attr not supported : Dmpu
2024-08-25 15:16:24,477 [ERROR] ConditionMgr:805 - Attr not supported : Dmpu
2024-08-25 15:16:24,477 [ERROR] ConditionMgr:805 - Attr not supported : Dmpu
2024-08-25 15:16:24,477 [ERROR] ConditionMgr:805 - Attr not supported : Dmpu
2024-08-25 15:16:24,477 [ERROR] ConditionMgr:805 - Attr not supported : Dmpu
2024-08-25 15:16:24,478 [ERROR] ConditionMgr:805 - Attr not supported : Dmpu
2024-08-25 15:16:24,478 [ERROR] ConditionMgr:805 - Attr not supported : Dmpu
2024-08-25 15:16:24,478 [ERROR] ConditionMgr:805 - Attr not supported : Dmpu
2024-08-25 15:16:24,478 [ERROR] ConditionMgr:805 - Attr not supported : Dmpu
2024-08-25 15:16:24,478 [ERROR] ConditionMgr:805 - Attr not supported : Dmpu
2024-08-25 15:16:24,479 [ERROR] ConditionMgr:805 - Attr not supported : Dmpu
2024-08-25 15:16:24,479 [ERROR] ConditionMgr:805 - Attr not supported : Dmpu
2024-08-25 15:16:24,479 [ERROR] ConditionMgr:805 - Attr not supported : Dmpu
2024-08-25 15:16:24,479 [ERROR] ConditionMgr:805 - Attr not supported : Dmpu
2024-08-25 15:16:24,480 [ERROR] ConditionMgr:805 - Attr not supported : Dmpu
2024-08-25 15:16:24,480 [ERROR] ConditionMgr:805 - Attr not supported : Dmpu
2024-08-25 15:16:24,480 [ERROR] ConditionMgr:805 - Attr not supported : Dmpu
2024-08-25 15:16:24,480 [ERROR] ConditionMgr:805 - Attr not supported : Dmpu
2024-08-25 15:16:24,480 [ERROR] ConditionMgr:805 - Attr not supported : Dmpu
2024-08-25 15:16:24,481 [ERROR] ConditionMgr:805 - Attr not supported : Dmpu
2024-08-25 15:16:24,481 [ERROR] ConditionMgr:805 - Attr not supported : Dmpu
2024-08-25 15:16:24,481 [ERROR] ConditionMgr:805 - Attr not supported : Dmpu
2024-08-25 15:16:24,481 [ERROR] ConditionMgr:805 - Attr not supported : Dmpu
2024-08-25 15:16:24,481 [ERROR] ConditionMgr:805 - Attr not supported : Dmpu
2024-08-25 15:16:24,482 [ERROR] ConditionMgr:805 - Attr not supported : Dmpu
2024-08-25 15:16:24,482 [ERROR] ConditionMgr:805 - Attr not supported : Dmpu
2024-08-25 15:16:24,482 [ERROR] ConditionMgr:805 - Attr not supported : Dmpu
2024-08-25 15:16:24,482 [ERROR] ConditionMgr:805 - Attr not supported : Dmpu
2024-08-25 15:16:24,483 [ERROR] ConditionMgr:805 - Attr not supported : Dmpu
2024-08-25 15:16:24,483 [ERROR] ConditionMgr:805 - Attr not supported : Dmpu
2024-08-25 15:16:24,483 [ERROR] ConditionMgr:805 - Attr not supported : Dmpu
2024-08-25 15:16:24,483 [ERROR] ConditionMgr:805 - Attr not supported : Dmpu
2024-08-25 15:16:24,484 [ERROR] ConditionMgr:805 - Attr not supported : Dmpu
2024-08-25 15:16:24,484 [ERROR] ConditionMgr:805 - Attr not supported : Dmpu
2024-08-25 15:16:24,484 [ERROR] ConditionMgr:805 - Attr not supported : Dmpu
2024-08-25 15:16:24,484 [ERROR] ConditionMgr:805 - Attr not supported : Dmpu
2024-08-25 15:16:24,484 [ERROR] ConditionMgr:805 - Attr not supported : Dmpu
2024-08-25 15:16:24,485 [ERROR] ConditionMgr:805 - Attr not supported : Dmpu
2024-08-25 15:16:24,485 [ERROR] ConditionMgr:805 - Attr not supported : Dmpu
2024-08-25 15:16:24,485 [ERROR] ConditionMgr:805 - Attr not supported : Dmpu
2024-08-25 15:16:24,485 [ERROR] ConditionMgr:805 - Attr not supported : Dmpu
2024-08-25 15:16:24,485 [ERROR] ConditionMgr:805 - Attr not supported : Dmpu
2024-08-25 15:16:24,486 [ERROR] ConditionMgr:805 - Attr not supported : Dmpu
2024-08-25 15:16:24,486 [ERROR] ConditionMgr:805 - Attr not supported : Dmpu
2024-08-25 15:16:24,486 [ERROR] ConditionMgr:805 - Attr not supported : Dmpu
2024-08-25 15:16:24,486 [ERROR] ConditionMgr:805 - Attr not supported : Dmpu
2024-08-25 15:16:24,486 [ERROR] ConditionMgr:805 - Attr not supported : Dmpu
2024-08-25 15:16:24,487 [ERROR] ConditionMgr:805 - Attr not supported : Dmpu
2024-08-25 15:16:24,487 [ERROR] ConditionMgr:805 - Attr not supported : Dmpu
2024-08-25 15:16:24,487 [ERROR] ConditionMgr:805 - Attr not supported : Dmpu
2024-08-25 15:16:24,487 [ERROR] ConditionMgr:805 - Attr not supported : Dmpu
2024-08-25 15:16:24,487 [ERROR] ConditionMgr:805 - Attr not supported : Dmpu
2024-08-25 15:16:24,536 [WARN] PackLoader:240 - Cannot read IP mode file for STMicroelectronics.X-CUBE-BLEMGR.3.0.0
2024-08-25 15:16:24,574 [WARN] PackLoader:240 - Cannot read IP mode file for RealThread.X-CUBE-RT-Thread_Nano.4.1.1
2024-08-25 15:16:24,603 [WARN] PackLoader:240 - Cannot read IP mode file for STMicroelectronics.FP-ATR-SIGFOX1.3.2.0
2024-08-25 15:16:24,634 [WARN] PackLoader:240 - Cannot read IP mode file for STMicroelectronics.X-CUBE-EEPRMA1.5.1.0
2024-08-25 15:16:24,705 [WARN] PackLoader:240 - Cannot read IP mode file for SEGGER.I-CUBE-embOS.1.3.1
2024-08-25 15:16:24,780 [WARN] PackLoader:240 - Cannot read IP mode file for STMicroelectronics.X-CUBE-ALGOBUILD.1.4.0
2024-08-25 15:16:24,799 [WARN] PackLoader:240 - Cannot read IP mode file for STMicroelectronics.X-CUBE-GNSS1.6.0.0
2024-08-25 15:16:24,849 [WARN] PackLoader:240 - Cannot read IP mode file for STMicroelectronics.X-CUBE-AZRTOS-F4.1.1.0
2024-08-25 15:16:24,870 [WARN] PackLoader:240 - Cannot read IP mode file for wolfSSL.I-CUBE-wolfSSL.5.6.4
2024-08-25 15:16:25,045 [WARN] PackLoader:240 - Cannot read IP mode file for STMicroelectronics.X-CUBE-FREERTOS.1.2.0
2024-08-25 15:16:25,090 [WARN] PackLoader:240 - Cannot read IP mode file for STMicroelectronics.X-CUBE-AZRTOS-L5.2.0.0
2024-08-25 15:16:25,112 [WARN] PackLoader:240 - Cannot read IP mode file for STMicroelectronics.X-CUBE-EEPRMA1.4.2.0
2024-08-25 15:16:25,137 [WARN] PackLoader:240 - Cannot read IP mode file for STMicroelectronics.X-CUBE-NFC6.3.1.0
2024-08-25 15:16:25,563 [WARN] PackLoader:240 - Cannot read IP mode file for ITTIA_DB.I-CUBE-ITTIADB.8.8.0
2024-08-25 15:16:25,582 [WARN] PackLoader:240 - Cannot read IP mode file for STMicroelectronics.X-CUBE-DPower.1.2.0
2024-08-25 15:16:25,601 [WARN] PackLoader:240 - Cannot read IP mode file for STMicroelectronics.X-CUBE-AI.9.0.0
2024-08-25 15:16:25,637 [WARN] ConditionMgr:438 - getConditionDescription Invalid condition id : UX DEVICE CLASS RTOS Condition cause : null
2024-08-25 15:16:25,638 [WARN] ConditionMgr:438 - getConditionDescription Invalid condition id : UX DEVICE CLASS RTOS Condition cause : null
2024-08-25 15:16:25,647 [WARN] PackLoader:240 - Cannot read IP mode file for STMicroelectronics.X-CUBE-AZRTOS-H7.3.1.0
2024-08-25 15:16:25,649 [WARN] ConditionMgr:1039 - genDependencies : Invalid condition id : UX DEVICE CLASS RTOS Condition cause : null
2024-08-25 15:16:25,649 [WARN] ConditionMgr:1039 - genDependencies : Invalid condition id : UX DEVICE CLASS RTOS Condition cause : null
2024-08-25 15:16:25,650 [WARN] ConditionMgr:1039 - genDependencies : Invalid condition id : UX DEVICE CLASS RTOS Condition cause : null
2024-08-25 15:16:25,651 [WARN] ConditionMgr:1039 - genDependencies : Invalid condition id : UX DEVICE CLASS RTOS Condition cause : null
2024-08-25 15:16:25,651 [WARN] ConditionMgr:1039 - genDependencies : Invalid condition id : UX DEVICE CLASS RTOS Condition cause : null
2024-08-25 15:16:25,675 [WARN] PackLoader:240 - Cannot read IP mode file for STMicroelectronics.X-CUBE-NFC7.1.0.1
2024-08-25 15:16:25,696 [WARN] PackLoader:240 - Cannot read IP mode file for wolfSSL.I-CUBE-wolfTPM.3.2.0
2024-08-25 15:16:25,723 [WARN] PackLoader:240 - Cannot read IP mode file for STMicroelectronics.X-CUBE-NFC6.3.0.0
2024-08-25 15:16:25,752 [WARN] PackLoader:240 - Cannot read IP mode file for STMicroelectronics.X-CUBE-AI.8.1.0
2024-08-25 15:16:25,829 [WARN] ConditionMgr:438 - getConditionDescription Invalid condition id : LAN8742 Phy interface Condition cause : null
2024-08-25 15:16:25,830 [WARN] PackLoader:240 - Cannot read IP mode file for STMicroelectronics.X-CUBE-AZRTOS-L4.2.0.0
2024-08-25 15:16:25,832 [WARN] ConditionMgr:1039 - genDependencies : Invalid condition id : LAN8742 Phy interface Condition cause : null
2024-08-25 15:16:25,832 [WARN] ConditionMgr:1039 - genDependencies : Invalid condition id : LAN8742 Phy interface Condition cause : null
2024-08-25 15:16:25,833 [WARN] ConditionMgr:1039 - genDependencies : Invalid condition id : LAN8742 Phy interface Condition cause : null
2024-08-25 15:16:25,865 [WARN] PackLoader:240 - Cannot read IP mode file for STMicroelectronics.X-CUBE-SFXS2LP1.4.0.0
2024-08-25 15:16:25,903 [WARN] PackLoader:240 - Cannot read IP mode file for STMicroelectronics.X-CUBE-ISPU.1.1.0
2024-08-25 15:16:25,958 [WARN] PackLoader:240 - Cannot read IP mode file for STMicroelectronics.X-CUBE-AZRTOS-H7.3.3.0
2024-08-25 15:16:26,002 [WARN] ConditionMgr:438 - getConditionDescription Invalid condition id : UX DEVICE CLASS RTOS Condition cause : null
2024-08-25 15:16:26,002 [WARN] ConditionMgr:438 - getConditionDescription Invalid condition id : UX DEVICE CLASS RTOS Condition cause : null
2024-08-25 15:16:26,006 [WARN] PackLoader:240 - Cannot read IP mode file for STMicroelectronics.X-CUBE-AZRTOS-WB.2.0.0
2024-08-25 15:16:26,007 [WARN] ConditionMgr:1039 - genDependencies : Invalid condition id : UX DEVICE CLASS RTOS Condition cause : null
2024-08-25 15:16:26,007 [WARN] ConditionMgr:1039 - genDependencies : Invalid condition id : UX DEVICE CLASS RTOS Condition cause : null
2024-08-25 15:16:26,008 [WARN] ConditionMgr:1039 - genDependencies : Invalid condition id : UX DEVICE CLASS RTOS Condition cause : null
2024-08-25 15:16:26,008 [WARN] ConditionMgr:1039 - genDependencies : Invalid condition id : UX DEVICE CLASS RTOS Condition cause : null
2024-08-25 15:16:26,009 [WARN] ConditionMgr:1039 - genDependencies : Invalid condition id : UX DEVICE CLASS RTOS Condition cause : null
2024-08-25 15:16:26,047 [WARN] PackLoader:240 - Cannot read IP mode file for STMicroelectronics.FP-SNS-STBOX1.2.0.0
2024-08-25 15:16:26,081 [WARN] PackLoader:240 - Cannot read IP mode file for STMicroelectronics.X-CUBE-SUBG2.5.0.0
2024-08-25 15:16:26,111 [WARN] PackLoader:240 - Cannot read IP mode file for Cesanta.I-CUBE-Mongoose.7.13.0
2024-08-25 15:16:26,148 [WARN] PackLoader:240 - Cannot read IP mode file for STMicroelectronics.X-CUBE-TOF1.3.3.1
2024-08-25 15:16:26,260 [INFO] WebApp:161 - Instantiating new browser for Auth
2024-08-25 15:16:26,260 [WARN] PackLoader:240 - Cannot read IP mode file for STMicroelectronics.X-CUBE-AZRTOS-G4.2.0.0
2024-08-25 15:16:26,346 [WARN] PackLoader:240 - Cannot read IP mode file for Infineon.AIROC-Wi-Fi-Bluetooth-STM32.1.5.1
2024-08-25 15:16:26,440 [WARN] PackLoader:240 - Cannot read IP mode file for STMicroelectronics.FP-SNS-MOTENVWB1.1.3.0
2024-08-25 15:16:26,494 [WARN] PackLoader:240 - Cannot read IP mode file for STMicroelectronics.FP-SNS-MOTENVWB1.1.3.1
2024-08-25 15:16:26,527 [WARN] PackLoader:240 - Cannot read IP mode file for STMicroelectronics.X-CUBE-ISPU.2.0.0
2024-08-25 15:16:26,560 [WARN] PackLoader:240 - Cannot read IP mode file for STMicroelectronics.X-CUBE-ALS.1.0.2
2024-08-25 15:16:26,762 [WARN] PackLoader:240 - Cannot read IP mode file for STMicroelectronics.X-CUBE-MEMS1.10.0.0
2024-08-25 15:16:27,157 [WARN] PackLoader:240 - Cannot read IP mode file for STMicroelectronics.X-CUBE-FREERTOS.1.1.0
2024-08-25 15:16:27,197 [WARN] PackLoader:240 - Cannot read IP mode file for STMicroelectronics.X-CUBE-TOUCHGFX.4.24.0
2024-08-25 15:16:27,283 [WARN] PackLoader:240 - Cannot read IP mode file for portGmbH.I-Cube-SoM-uGOAL.1.1.0
2024-08-25 15:16:27,323 [WARN] PackLoader:240 - Cannot read IP mode file for STMicroelectronics.X-CUBE-ALS.1.0.1
2024-08-25 15:16:27,431 [WARN] PackLoader:240 - Cannot read IP mode file for STMicroelectronics.X-CUBE-AZRTOS-H7RS.1.0.0
2024-08-25 15:16:27,486 [WARN] PackLoader:240 - Cannot read IP mode file for STMicroelectronics.FP-ATR-ASTRA1.2.0.0
2024-08-25 15:16:27,547 [WARN] PackLoader:240 - Cannot read IP mode file for STMicroelectronics.X-CUBE-TOF1.3.4.2
2024-08-25 15:16:27,685 [WARN] PackLoader:240 - Cannot read IP mode file for STMicroelectronics.X-CUBE-TOF1.3.4.0
2024-08-25 15:16:27,809 [WARN] PackLoader:240 - Cannot read IP mode file for STMicroelectronics.X-CUBE-TOF1.3.4.1
2024-08-25 15:16:28,171 [WARN] PackLoader:240 - Cannot read IP mode file for STMicroelectronics.X-CUBE-AZRTOS-H7.3.2.0
2024-08-25 15:16:28,233 [WARN] PackLoader:240 - Cannot read IP mode file for wolfSSL.I-CUBE-wolfSSH.1.4.17
2024-08-25 15:16:28,234 [INFO] ThirdParty:978 - Integrity check success = true
2024-08-25 15:16:28,234 [INFO] IntegrityCheckThread:100 - exiting critical section [integrity check]
2024-08-25 15:16:28,235 [INFO] IntegrityCheckThread:103 - End integrity checks thread
2024-08-25 15:16:28,975 [INFO] WebApp:780 - Register for checkConnection events
2024-08-25 15:16:28,976 [INFO] WebApp:414 - Apply proxy settings
2024-08-25 15:16:28,976 [INFO] WebApp:499 - Chromium requires no authentication
2024-08-25 15:16:29,024 [INFO] WebApp:442 - Direct internet connection detected
2024-08-25 15:16:29,727 [INFO] WebApp:192 - Starting web application
2024-08-25 15:16:29,727 [INFO] WebApp:544 - Web application path used C:\Users\nathf\STM32CubeIDE_1.13.2\STM32CubeIDE\plugins\com.st.stm32cube.common.mx_6.10.0.202311202037\db\plugins\mcufinder\reactClient1\index.html
2024-08-25 15:16:51,412 [ERROR] LogOutputStream:75 - [STDERR_REDIRECT] SLF4J: Failed to load class "org.slf4j.impl.StaticLoggerBinder".
2024-08-25 15:16:51,413 [ERROR] LogOutputStream:75 - [STDERR_REDIRECT] SLF4J: Defaulting to no-operation (NOP) logger implementation
2024-08-25 15:16:51,416 [ERROR] LogOutputStream:75 - [STDERR_REDIRECT] SLF4J: See http://www.slf4j.org/codes.html#StaticLoggerBinder for further details.
2024-08-25 22:44:52,794 [INFO] WebApp:354 - JxBrowser engine has been closed 
