2024-03-08 10:17:09,314 [INFO] Activator:176 - 


2024-03-08 10:17:09,322 [INFO] Activator:177 - !SESSION log4j initialized
2024-03-08 10:17:20,816 [INFO] LogOutputStream:77 - [STDOUT_REDIRECT] 
2024-03-08 10:17:23,942 [INFO] ApplicationProperties:184 - Using Application install path: C:\Users\nathf\STM32CubeIDE_1.13.2\STM32CubeIDE\plugins\com.st.stm32cube.common.mx_6.10.0.202311202037
2024-03-08 10:17:24,002 [INFO] DbMcusXml:78 - Set database path to: C:\Users\nathf\STM32CubeIDE_1.13.2\STM32CubeIDE\plugins\com.st.stm32cube.common.mx_6.10.0.202311202037\\db\/mcu/
2024-03-08 10:17:24,003 [INFO] ApiDb:274 - Set plugin database path to: C:\Users\nathf\STM32CubeIDE_1.13.2\STM32CubeIDE\plugins\com.st.stm32cube.common.mx_6.10.0.202311202037\\db\/plugins/boardmanager/
2024-03-08 10:17:24,004 [WARN] ApiDb:259 - Overriding images path with different value:  => C:\Users\nathf\STM32CubeIDE_1.13.2\STM32CubeIDE\plugins\com.st.stm32cube.common.mx_6.10.0.202311202037\\db\/plugins/mcufinder/images/
2024-03-08 10:17:24,040 [INFO] ApiDb:250 - Set database path to: C:\Users\nathf\.stmcufinder\plugins\mcufinder//mcu/
2024-03-08 10:17:24,044 [INFO] DbMcusAds:125 - Set database path to: C:\Users\nathf\.stmcufinder\plugins\mcufinder//mcu/
2024-03-08 10:17:24,051 [INFO] CrossReferenceDbSqlite:203 - Set database path to: C:\Users\nathf\.stmcufinder\plugins\mcufinder//mcu/cs/
2024-03-08 10:17:24,407 [INFO] RulesReader:64 - Compatibility file has been processed (297 Rules)
2024-03-08 10:17:24,606 [INFO] DbMcusXml:78 - Set database path to: C:\Users\nathf\STM32CubeIDE_1.13.2\STM32CubeIDE\plugins\com.st.stm32cube.common.mx_6.10.0.202311202037\\db\/mcu/
2024-03-08 10:17:24,607 [INFO] ApiDb:274 - Set plugin database path to: C:\Users\nathf\STM32CubeIDE_1.13.2\STM32CubeIDE\plugins\com.st.stm32cube.common.mx_6.10.0.202311202037\\db\/plugins/boardmanager/
2024-03-08 10:17:24,607 [INFO] ApiDb:261 - Set plugin images path to: C:\Users\nathf\STM32CubeIDE_1.13.2\STM32CubeIDE\plugins\com.st.stm32cube.common.mx_6.10.0.202311202037\\db\/plugins/mcufinder/images/
2024-03-08 10:17:24,608 [WARN] DbFile:41 - Overriding database path with different value: C:\Users\nathf\.stmcufinder\plugins\mcufinder/ => C:\Users\nathf\.stmcufinder\plugins\mcufinder
2024-03-08 10:17:24,608 [INFO] ApiDb:250 - Set database path to: C:\Users\nathf\.stmcufinder\plugins\mcufinder//mcu/
2024-03-08 10:17:24,608 [WARN] DbFile:41 - Overriding database path with different value: C:\Users\nathf\.stmcufinder\plugins\mcufinder/ => C:\Users\nathf\.stmcufinder\plugins\mcufinder
2024-03-08 10:17:24,608 [INFO] DbMcusAds:125 - Set database path to: C:\Users\nathf\.stmcufinder\plugins\mcufinder//mcu/
2024-03-08 10:17:24,608 [WARN] DbFile:41 - Overriding database path with different value: C:\Users\nathf\.stmcufinder\plugins\mcufinder/ => C:\Users\nathf\.stmcufinder\plugins\mcufinder
2024-03-08 10:17:24,609 [WARN] DbFile:41 - Overriding database path with different value: C:\Users\nathf\.stmcufinder\plugins\mcufinder/ => C:\Users\nathf\.stmcufinder\plugins\mcufinder
2024-03-08 10:17:24,609 [INFO] CrossReferenceDbSqlite:203 - Set database path to: C:\Users\nathf\.stmcufinder\plugins\mcufinder//mcu/cs/
2024-03-08 10:17:24,797 [INFO] MainPanel:264 - HeapMemory: 268435456
2024-03-08 10:17:24,992 [INFO] DbMcusXml:78 - Set database path to: C:\Users\nathf\STM32CubeIDE_1.13.2\STM32CubeIDE\plugins\com.st.stm32cube.common.mx_6.10.0.202311202037\\db\/mcu/
2024-03-08 10:17:24,993 [INFO] ApiDb:274 - Set plugin database path to: C:\Users\nathf\STM32CubeIDE_1.13.2\STM32CubeIDE\plugins\com.st.stm32cube.common.mx_6.10.0.202311202037\\db\/plugins/boardmanager/
2024-03-08 10:17:24,993 [INFO] ApiDb:261 - Set plugin images path to: C:\Users\nathf\STM32CubeIDE_1.13.2\STM32CubeIDE\plugins\com.st.stm32cube.common.mx_6.10.0.202311202037\\db\/plugins/mcufinder/images/
2024-03-08 10:17:24,993 [WARN] DbFile:41 - Overriding database path with different value: C:\Users\nathf\.stmcufinder\plugins\mcufinder/ => C:\Users\nathf\.stmcufinder\plugins\mcufinder
2024-03-08 10:17:24,993 [INFO] ApiDb:250 - Set database path to: C:\Users\nathf\.stmcufinder\plugins\mcufinder//mcu/
2024-03-08 10:17:24,994 [WARN] DbFile:41 - Overriding database path with different value: C:\Users\nathf\.stmcufinder\plugins\mcufinder/ => C:\Users\nathf\.stmcufinder\plugins\mcufinder
2024-03-08 10:17:24,994 [INFO] DbMcusAds:125 - Set database path to: C:\Users\nathf\.stmcufinder\plugins\mcufinder//mcu/
2024-03-08 10:17:24,994 [WARN] DbFile:41 - Overriding database path with different value: C:\Users\nathf\.stmcufinder\plugins\mcufinder/ => C:\Users\nathf\.stmcufinder\plugins\mcufinder
2024-03-08 10:17:24,994 [WARN] DbFile:41 - Overriding database path with different value: C:\Users\nathf\.stmcufinder\plugins\mcufinder/ => C:\Users\nathf\.stmcufinder\plugins\mcufinder
2024-03-08 10:17:24,994 [INFO] CrossReferenceDbSqlite:203 - Set database path to: C:\Users\nathf\.stmcufinder\plugins\mcufinder//mcu/cs/
2024-03-08 10:17:25,026 [INFO] ApplicationProperties:184 - Using Application install path: C:\Users\nathf\STM32CubeIDE_1.13.2\STM32CubeIDE\plugins\com.st.stm32cube.common.mx_6.10.0.202311202037
2024-03-08 10:17:25,030 [INFO] PluginManage:196 - Search for loadable plugins [exclusion list=, ]
2024-03-08 10:17:25,034 [INFO] PluginManage:310 - Check plugin analytics
2024-03-08 10:17:25,447 [INFO] AnalyticsPlugin:253 - Accepted Software Licenses: STM32CubeMX.6.10.0
2024-03-08 10:17:25,447 [INFO] AnalyticsPlugin:255 - Accepted CMSIS Pack Licenses: 
2024-03-08 10:17:25,448 [INFO] AnalyticsPlugin:257 - Accepted Firmware Licenses: FW.F4.1.27.0
2024-03-08 10:17:25,452 [INFO] PluginManage:359 - Loaded plugin analytics (category:tool,tabindex:-1)
2024-03-08 10:17:25,453 [INFO] PluginManage:310 - Check plugin cadmodel
2024-03-08 10:17:25,477 [INFO] CADModel:105 - Init CAD model plugin
2024-03-08 10:17:25,477 [INFO] PluginManage:359 - Loaded plugin cadmodel (category:power,tabindex:5)
2024-03-08 10:17:25,477 [INFO] PluginManage:310 - Check plugin clock
2024-03-08 10:17:25,513 [INFO] PluginManage:359 - Loaded plugin clock (category:base,tabindex:2)
2024-03-08 10:17:25,513 [INFO] PluginManage:310 - Check plugin ddr
2024-03-08 10:17:25,520 [INFO] PluginManage:359 - Loaded plugin ddr (category:tool,tabindex:6)
2024-03-08 10:17:25,520 [INFO] PluginManage:310 - Check plugin filemanager
2024-03-08 10:17:25,933 [INFO] PluginManage:359 - Loaded plugin filemanager (category:base,tabindex:10)
2024-03-08 10:17:25,933 [INFO] PluginManage:310 - Check plugin ipmanager
2024-03-08 10:17:25,962 [INFO] PluginManage:359 - Loaded plugin ipmanager (category:base,tabindex:5)
2024-03-08 10:17:25,963 [INFO] PluginManage:310 - Check plugin lpbam
2024-03-08 10:17:26,018 [INFO] PluginManage:359 - Loaded plugin lpbam (category:base,tabindex:0)
2024-03-08 10:17:26,019 [INFO] PluginManage:310 - Check plugin memorymap
2024-03-08 10:17:26,107 [INFO] PluginManage:359 - Loaded plugin memorymap (category:base,tabindex:4)
2024-03-08 10:17:26,107 [INFO] PluginManage:310 - Check plugin pinoutandconfiguration
2024-03-08 10:17:26,188 [INFO] PluginManage:359 - Loaded plugin pinoutandconfiguration (category:base,tabindex:1)
2024-03-08 10:17:26,188 [INFO] PluginManage:310 - Check plugin pinoutconfig
2024-03-08 10:17:26,536 [WARN] SupportedApi:132 - Cannot load RTOS API schema: s4s-elt-must-match.1: The content of 'definitions' must match (annotation?, (simpleType | complexType)?, (unique | key | keyref)*)). A problem was found starting at: attribute.
2024-03-08 10:17:27,163 [INFO] McuFinderGlobals:63 - Set McuFinder mode to 2 (CubeIDE integrated)
2024-03-08 10:17:27,197 [INFO] PluginManage:359 - Loaded plugin pinoutconfig (category:base,tabindex:0)
2024-03-08 10:17:27,197 [INFO] PluginManage:310 - Check plugin power
2024-03-08 10:17:27,233 [INFO] PluginManage:359 - Loaded plugin power (category:power,tabindex:4)
2024-03-08 10:17:27,233 [INFO] PluginManage:310 - Check plugin projectmanager
2024-03-08 10:17:27,260 [INFO] PluginManage:359 - Loaded plugin projectmanager (category:projectmanager,tabindex:3)
2024-03-08 10:17:27,260 [INFO] PluginManage:310 - Check plugin thirdparty
2024-03-08 10:17:27,664 [WARN] IntegrityCheckThread:84 - waiting for thirdparty lock release [integrity check]
2024-03-08 10:17:27,665 [INFO] PluginManage:359 - Loaded plugin thirdparty (category:base,tabindex:-1)
2024-03-08 10:17:27,665 [INFO] IntegrityCheckThread:86 - entering critical section [integrity check]
2024-03-08 10:17:27,665 [INFO] ThirdPartyUpdaterWithRetryManager:70 - Updater plugin not ready yet. [1/15]
2024-03-08 10:17:27,665 [INFO] PluginManage:310 - Check plugin tools
2024-03-08 10:17:27,716 [INFO] PluginManage:359 - Loaded plugin tools (category:base,tabindex:7)
2024-03-08 10:17:27,717 [INFO] PluginManage:310 - Check plugin tutovideos
2024-03-08 10:17:28,105 [INFO] PluginManage:359 - Loaded plugin tutovideos (category:base,tabindex:-1)
2024-03-08 10:17:28,106 [INFO] PluginManage:310 - Check plugin updater
2024-03-08 10:17:28,122 [INFO] PluginManage:359 - Loaded plugin updater (category:base,tabindex:12)
2024-03-08 10:17:28,122 [INFO] PluginManage:310 - Check plugin userauth
2024-03-08 10:17:28,130 [INFO] UserAuth:114 - Init User Auth plugin
2024-03-08 10:17:28,131 [INFO] PluginManage:359 - Loaded plugin userauth (category:base,tabindex:14)
2024-03-08 10:17:28,131 [INFO] PluginManage:283 - PluginManage : Loaded plugins [17]
2024-03-08 10:17:28,504 [INFO] PinOutPanel:1499 - setPackage(No Configuration,No Configuration)
2024-03-08 10:17:28,621 [INFO] CADModel:165 - CPN selected for project level
2024-03-08 10:17:28,621 [INFO] CADModel:114 - Register for checkConnection events
2024-03-08 10:17:28,669 [INFO] IPUIPlugin:80 - create IPUIPlugin
2024-03-08 10:17:28,669 [INFO] PluginManager:220 - loadIPPluginJar : add adc
2024-03-08 10:17:28,745 [INFO] IPUIPlugin:80 - create IPUIPlugin
2024-03-08 10:17:28,745 [INFO] PluginManager:220 - loadIPPluginJar : add aes
2024-03-08 10:17:28,833 [INFO] IPUIPlugin:80 - create IPUIPlugin
2024-03-08 10:17:28,833 [INFO] PluginManager:220 - loadIPPluginJar : add can
2024-03-08 10:17:28,879 [INFO] IPUIPlugin:80 - create IPUIPlugin
2024-03-08 10:17:28,879 [INFO] PluginManager:220 - loadIPPluginJar : add comp
2024-03-08 10:17:28,949 [INFO] IPUIPlugin:80 - create IPUIPlugin
2024-03-08 10:17:28,950 [INFO] PluginManager:220 - loadIPPluginJar : add cryp
2024-03-08 10:17:29,012 [INFO] IPUIPlugin:80 - create IPUIPlugin
2024-03-08 10:17:29,012 [INFO] PluginManager:220 - loadIPPluginJar : add dfsdm
2024-03-08 10:17:29,039 [INFO] IPUIPlugin:80 - create IPUIPlugin
2024-03-08 10:17:29,040 [INFO] PluginManager:220 - loadIPPluginJar : add dma
2024-03-08 10:17:29,132 [INFO] IPUIPlugin:80 - create IPUIPlugin
2024-03-08 10:17:29,133 [INFO] PluginManager:220 - loadIPPluginJar : add dma3
2024-03-08 10:17:29,180 [INFO] IPUIPlugin:80 - create IPUIPlugin
2024-03-08 10:17:29,180 [INFO] PluginManager:220 - loadIPPluginJar : add fatfs
2024-03-08 10:17:29,281 [INFO] IPUIPlugin:80 - create IPUIPlugin
2024-03-08 10:17:29,281 [INFO] PluginManager:220 - loadIPPluginJar : add fmc
2024-03-08 10:17:29,314 [INFO] IPUIPlugin:80 - create IPUIPlugin
2024-03-08 10:17:29,315 [INFO] PluginManager:220 - loadIPPluginJar : add freertos
2024-03-08 10:17:29,362 [INFO] IPUIPlugin:80 - create IPUIPlugin
2024-03-08 10:17:29,363 [INFO] PluginManager:220 - loadIPPluginJar : add genericplugin
2024-03-08 10:17:29,587 [INFO] IPUIPlugin:80 - create IPUIPlugin
2024-03-08 10:17:29,587 [INFO] PluginManager:220 - loadIPPluginJar : add gfxmmu
2024-03-08 10:17:29,884 [INFO] IPUIPlugin:80 - create IPUIPlugin
2024-03-08 10:17:29,884 [INFO] PluginManager:220 - loadIPPluginJar : add gic
2024-03-08 10:17:29,917 [INFO] IPUIPlugin:80 - create IPUIPlugin
2024-03-08 10:17:29,917 [INFO] PluginManager:220 - loadIPPluginJar : add gpio
2024-03-08 10:17:30,114 [INFO] IPUIPlugin:80 - create IPUIPlugin
2024-03-08 10:17:30,114 [INFO] PluginManager:220 - loadIPPluginJar : add gtzc
2024-03-08 10:17:30,158 [INFO] IPUIPlugin:80 - create IPUIPlugin
2024-03-08 10:17:30,158 [INFO] PluginManager:220 - loadIPPluginJar : add hash
2024-03-08 10:17:30,217 [INFO] IPUIPlugin:80 - create IPUIPlugin
2024-03-08 10:17:30,218 [INFO] PluginManager:220 - loadIPPluginJar : add i2c
2024-03-08 10:17:30,255 [INFO] IPUIPlugin:80 - create IPUIPlugin
2024-03-08 10:17:30,255 [INFO] PluginManager:220 - loadIPPluginJar : add i2s
2024-03-08 10:17:30,297 [INFO] IPUIPlugin:80 - create IPUIPlugin
2024-03-08 10:17:30,297 [INFO] PluginManager:220 - loadIPPluginJar : add i3c
2024-03-08 10:17:30,412 [INFO] IPUIPlugin:80 - create IPUIPlugin
2024-03-08 10:17:30,412 [INFO] PluginManager:220 - loadIPPluginJar : add ipddr
2024-03-08 10:17:30,505 [INFO] IPUIPlugin:80 - create IPUIPlugin
2024-03-08 10:17:30,505 [INFO] PluginManager:220 - loadIPPluginJar : add linkedlist
2024-03-08 10:17:30,540 [INFO] IPUIPlugin:80 - create IPUIPlugin
2024-03-08 10:17:30,541 [INFO] PluginManager:220 - loadIPPluginJar : add lorawan
2024-03-08 10:17:30,580 [INFO] IPUIPlugin:80 - create IPUIPlugin
2024-03-08 10:17:30,580 [INFO] PluginManager:220 - loadIPPluginJar : add ltdc
2024-03-08 10:17:30,597 [INFO] IPUIPlugin:80 - create IPUIPlugin
2024-03-08 10:17:30,597 [INFO] PluginManager:220 - loadIPPluginJar : add mdma
2024-03-08 10:17:30,608 [INFO] IPUIPlugin:80 - create IPUIPlugin
2024-03-08 10:17:30,609 [INFO] PluginManager:220 - loadIPPluginJar : add nvic
2024-03-08 10:17:30,645 [INFO] IPUIPlugin:80 - create IPUIPlugin
2024-03-08 10:17:30,645 [INFO] PluginManager:220 - loadIPPluginJar : add opamp
2024-03-08 10:17:30,667 [INFO] ThirdPartyUpdaterWithRetryManager:70 - Updater plugin not ready yet. [2/15]
2024-03-08 10:17:30,706 [INFO] IPUIPlugin:80 - create IPUIPlugin
2024-03-08 10:17:30,706 [INFO] PluginManager:220 - loadIPPluginJar : add openamp
2024-03-08 10:17:30,750 [INFO] IPUIPlugin:80 - create IPUIPlugin
2024-03-08 10:17:30,750 [INFO] PluginManager:220 - loadIPPluginJar : add pdm2pcm
2024-03-08 10:17:30,764 [INFO] IPUIPlugin:80 - create IPUIPlugin
2024-03-08 10:17:30,767 [INFO] PluginManager:220 - loadIPPluginJar : add plateformsettings
2024-03-08 10:17:30,787 [INFO] IPUIPlugin:80 - create IPUIPlugin
2024-03-08 10:17:30,787 [INFO] PluginManager:220 - loadIPPluginJar : add quadspi
2024-03-08 10:17:30,799 [INFO] IPUIPlugin:80 - create IPUIPlugin
2024-03-08 10:17:30,799 [INFO] PluginManager:220 - loadIPPluginJar : add resmgrutility
2024-03-08 10:17:30,846 [INFO] IPUIPlugin:80 - create IPUIPlugin
2024-03-08 10:17:30,846 [INFO] PluginManager:220 - loadIPPluginJar : add sai
2024-03-08 10:17:30,881 [INFO] IPUIPlugin:80 - create IPUIPlugin
2024-03-08 10:17:30,881 [INFO] PluginManager:220 - loadIPPluginJar : add spi
2024-03-08 10:17:30,954 [INFO] IPUIPlugin:80 - create IPUIPlugin
2024-03-08 10:17:30,954 [INFO] PluginManager:220 - loadIPPluginJar : add stm32_wpan
2024-03-08 10:17:30,976 [INFO] IPUIPlugin:80 - create IPUIPlugin
2024-03-08 10:17:30,976 [INFO] PluginManager:220 - loadIPPluginJar : add tim
2024-03-08 10:17:31,032 [INFO] IPUIPlugin:80 - create IPUIPlugin
2024-03-08 10:17:31,032 [INFO] PluginManager:220 - loadIPPluginJar : add touchsensing
2024-03-08 10:17:31,055 [INFO] IPUIPlugin:80 - create IPUIPlugin
2024-03-08 10:17:31,055 [INFO] PluginManager:220 - loadIPPluginJar : add tracer_emb
2024-03-08 10:17:31,079 [INFO] IPUIPlugin:80 - create IPUIPlugin
2024-03-08 10:17:31,079 [INFO] PluginManager:220 - loadIPPluginJar : add ts
2024-03-08 10:17:31,102 [INFO] IPUIPlugin:80 - create IPUIPlugin
2024-03-08 10:17:31,102 [INFO] PluginManager:220 - loadIPPluginJar : add tsc
2024-03-08 10:17:31,127 [INFO] IPUIPlugin:80 - create IPUIPlugin
2024-03-08 10:17:31,127 [INFO] PluginManager:220 - loadIPPluginJar : add ucpd
2024-03-08 10:17:31,174 [INFO] IPUIPlugin:80 - create IPUIPlugin
2024-03-08 10:17:31,174 [INFO] PluginManager:220 - loadIPPluginJar : add usart
2024-03-08 10:17:31,221 [INFO] IPUIPlugin:80 - create IPUIPlugin
2024-03-08 10:17:31,222 [INFO] PluginManager:220 - loadIPPluginJar : add usbx
2024-03-08 10:17:31,363 [INFO] CADModel:165 - CPN selected for project level
2024-03-08 10:17:31,363 [INFO] CADModel:114 - Register for checkConnection events
2024-03-08 10:17:31,363 [FATAL] Updater:308 - Updater called before beeing initialized
2024-03-08 10:17:31,363 [ERROR] CADModel:125 - Updater not yet initialized, retry later 
2024-03-08 10:17:31,559 [INFO] CADModel:165 - CPN selected for project level
2024-03-08 10:17:31,559 [INFO] CADModel:114 - Register for checkConnection events
2024-03-08 10:17:31,559 [FATAL] Updater:308 - Updater called before beeing initialized
2024-03-08 10:17:31,559 [ERROR] CADModel:125 - Updater not yet initialized, retry later 
2024-03-08 10:17:31,563 [FATAL] Updater:308 - Updater called before beeing initialized
2024-03-08 10:17:31,721 [FATAL] Updater:308 - Updater called before beeing initialized
2024-03-08 10:17:31,731 [INFO] DbMcusAds:53 - JSON generation date=Wed Nov 29 05:52:27 EST 2023 (1701255147349)
2024-03-08 10:17:31,731 [FATAL] Updater:308 - Updater called before beeing initialized
2024-03-08 10:17:31,778 [WARN] DetailPanel:346 - Failed to get advertising image, set to default
2024-03-08 10:17:31,883 [FATAL] Updater:308 - Updater called before beeing initialized
2024-03-08 10:17:31,886 [FATAL] Updater:308 - Updater called before beeing initialized
2024-03-08 10:17:31,886 [FATAL] Updater:308 - Updater called before beeing initialized
2024-03-08 10:17:31,886 [WARN] DetailPanel:346 - Failed to get advertising image, set to default
2024-03-08 10:17:31,886 [FATAL] Updater:308 - Updater called before beeing initialized
2024-03-08 10:17:31,984 [ERROR] Updater:1120 - MainUpdater not yet initialized. External WinMGr cannot be set.
2024-03-08 10:17:31,998 [INFO] Updater:1056 - Updater Version found : 6.10.0
2024-03-08 10:17:32,022 [INFO] ApplicationProperties:184 - Using Application install path: C:\Users\nathf\STM32CubeIDE_1.13.2\STM32CubeIDE\plugins\com.st.stm32cube.common.mx_6.10.0.202311202037
2024-03-08 10:17:33,606 [ERROR] LogOutputStream:75 - [STDERR_REDIRECT] Mar 08, 2024 10:17:33 AM java.util.prefs.WindowsPreferences <init>
2024-03-08 10:17:33,608 [ERROR] LogOutputStream:75 - [STDERR_REDIRECT] WARNING: Could not open/create prefs root node Software\JavaSoft\Prefs at root 0xffffffff80000002. Windows RegCreateKeyEx(...) returned error code 5.
2024-03-08 10:17:33,608 [ERROR] LogOutputStream:75 - [STDERR_REDIRECT] 
2024-03-08 10:17:33,667 [INFO] ThirdPartyUpdaterWithRetryManager:70 - Updater plugin not ready yet. [3/15]
2024-03-08 10:17:34,346 [INFO] MainUpdater:2873 - connection check result : 10
2024-03-08 10:17:34,347 [INFO] MainUpdater:3567 - Updater definition file requires update
2024-03-08 10:17:34,348 [INFO] MainUpdater:290 - Updater Check For Update Now.
2024-03-08 10:17:34,348 [INFO] MicroXplorer:498 - Change Database Version : DB.6.0.100
2024-03-08 10:17:34,368 [INFO] McuFinderGlobals:63 - Set McuFinder mode to 2 (CubeIDE integrated)
2024-03-08 10:17:34,369 [INFO] UserAuth:180 - activating auth plugin
2024-03-08 10:17:34,374 [INFO] UserAuth:404 - Internet connection configuration mode: 1
2024-03-08 10:17:34,402 [INFO] JxBrowserEngine:152 - Initiate JxBrowser Engine with user profile folder
2024-03-08 10:17:34,517 [INFO] ServerAccessManage:473 - Download File updaters.zip
2024-03-08 10:17:34,667 [INFO] FileExtend:240 - Unzip File : updaters.zip
2024-03-08 10:17:34,667 [INFO] FileExtend:255 - Standard Zip Deflate
2024-03-08 10:17:35,188 [INFO] ServerAccessManage:473 - Download File PacksControlFlags.xml
2024-03-08 10:17:35,321 [INFO] ServerAccessManage:473 - Download File cubemx.pidx
2024-03-08 10:17:36,668 [WARN] MainUpdater:1194 - Updater busy. Cannot search thirdparties
2024-03-08 10:17:36,669 [INFO] ThirdPartyUpdaterWithRetryManager:96 - Updater plugin is busy. [1/15]
2024-03-08 10:17:37,020 [INFO] ServerAccessManage:473 - Download File STMicroelectronics.X-CUBE-BLEMGR.pdsc
2024-03-08 10:17:38,563 [INFO] ServerAccessManage:473 - Download File STMicroelectronics.X-CUBE-EEPRMA1.pdsc
2024-03-08 10:17:39,125 [ERROR] ServerAccessManage:1089 - Problem, file not found on Server
2024-03-08 10:17:39,548 [INFO] WebApp:161 - Instantiating new browser for Auth
2024-03-08 10:17:39,671 [WARN] MainUpdater:1194 - Updater busy. Cannot search thirdparties
2024-03-08 10:17:39,671 [INFO] ThirdPartyUpdaterWithRetryManager:96 - Updater plugin is busy. [2/15]
2024-03-08 10:17:40,309 [INFO] WebApp:780 - Register for checkConnection events
2024-03-08 10:17:40,309 [INFO] WebApp:414 - Apply proxy settings
2024-03-08 10:17:40,309 [INFO] WebApp:499 - Chromium requires no authentication
2024-03-08 10:17:40,321 [INFO] WebApp:442 - Direct internet connection detected
2024-03-08 10:17:40,538 [INFO] WebApp:192 - Starting web application
2024-03-08 10:17:40,538 [INFO] WebApp:544 - Web application path used C:\Users\nathf\STM32CubeIDE_1.13.2\STM32CubeIDE\plugins\com.st.stm32cube.common.mx_6.10.0.202311202037\db\plugins\mcufinder\reactClient1\index.html
2024-03-08 10:17:40,689 [ERROR] ServerAccessManage:1089 - Problem, file not found on Server
2024-03-08 10:17:42,672 [WARN] MainUpdater:1194 - Updater busy. Cannot search thirdparties
2024-03-08 10:17:42,672 [INFO] ThirdPartyUpdaterWithRetryManager:96 - Updater plugin is busy. [3/15]
2024-03-08 10:17:42,696 [INFO] ServerAccessManage:473 - Download File STMicroelectronics.X-CUBE-TOF1.pdsc
2024-03-08 10:17:43,628 [ERROR] ServerAccessManage:1089 - Problem, file not found on Server
2024-03-08 10:17:44,262 [ERROR] ServerAccessManage:1096 - Problem, Http access forbiden
2024-03-08 10:17:44,263 [ERROR] ServerAccessManage:651 - Problem, Http access forbiden : RoweBots.I-CUBE-UNISONRTOS.pdsc.
2024-03-08 10:17:44,850 [INFO] ServerAccessManage:473 - Download File SEGGER.I-CUBE-embOS.pdsc
2024-03-08 10:17:45,674 [WARN] MainUpdater:1194 - Updater busy. Cannot search thirdparties
2024-03-08 10:17:45,674 [INFO] ThirdPartyUpdaterWithRetryManager:96 - Updater plugin is busy. [4/15]
2024-03-08 10:17:45,863 [WARN] PackLoader:240 - Cannot read IP mode file for STMicroelectronics.X-CUBE-BLEMGR.3.1.0
2024-03-08 10:17:45,885 [WARN] PackLoader:240 - Cannot read IP mode file for STMicroelectronics.X-CUBE-EEPRMA1.5.1.0
2024-03-08 10:17:45,912 [WARN] PackLoader:240 - Cannot read IP mode file for STMicroelectronics.X-CUBE-TOF1.3.4.1
2024-03-08 10:17:45,951 [INFO] CheckServerUpdateThread:120 - End of CheckServer Thread
2024-03-08 10:17:45,985 [WARN] PackLoader:240 - Cannot read IP mode file for SEGGER.I-CUBE-embOS.1.3.1
2024-03-08 10:17:46,007 [INFO] MainUpdater:2873 - connection check result : 10
2024-03-08 10:17:46,015 [INFO] MainUpdater:2873 - connection check result : 10
2024-03-08 10:17:46,041 [INFO] PopulateThirdPartyThread:66 - Ending populate Thread
2024-03-08 10:17:46,043 [INFO] ThirdParty:1030 - CMSIS Pack Vendor :STMicroelectronics X-CUBE-EEPRMA1 5.1.0
2024-03-08 10:17:46,043 [INFO] ThirdParty:1030 - CMSIS Pack Vendor :STMicroelectronics X-CUBE-BLEMGR 3.1.0
2024-03-08 10:17:46,043 [INFO] ThirdParty:1030 - CMSIS Pack Vendor :SEGGER I-CUBE-embOS 1.3.1
2024-03-08 10:17:46,043 [INFO] ThirdParty:1030 - CMSIS Pack Vendor :STMicroelectronics X-CUBE-TOF1 3.4.1
2024-03-08 10:17:46,043 [INFO] LoadServerUpdatesThread:375 - End of LoadServerUpdate Thread
2024-03-08 10:17:46,212 [INFO] MicroXplorer:468 - Change Database Path : 
2024-03-08 10:17:46,213 [INFO] MicroXplorer:498 - Change Database Version : DB.6.0.100
2024-03-08 10:17:46,221 [WARN] ThirdParty:871 - waiting for thirdparty lock release [close project]
2024-03-08 10:17:48,873 [WARN] PackLoader:240 - Cannot read IP mode file for STMicroelectronics.X-CUBE-SMBUS.2.1.0
2024-03-08 10:17:48,885 [WARN] PackLoader:240 - Cannot read IP mode file for STMicroelectronics.X-CUBE-TOUCHGFX.4.23.0
2024-03-08 10:17:48,918 [WARN] PackLoader:240 - Cannot read IP mode file for STMicroelectronics.X-CUBE-AZRTOS-F7.1.1.0
2024-03-08 10:17:48,939 [WARN] PackLoader:240 - Cannot read IP mode file for STMicroelectronics.FP-SNS-MOTENV1.4.3.2
2024-03-08 10:17:48,955 [WARN] PackLoader:240 - Cannot read IP mode file for STMicroelectronics.FP-SNS-FLIGHT1.5.0.2
2024-03-08 10:17:48,974 [WARN] PackLoader:240 - Cannot read IP mode file for STMicroelectronics.X-CUBE-DISPLAY.3.0.0
2024-03-08 10:17:48,994 [WARN] PackLoader:240 - Cannot read IP mode file for STMicroelectronics.X-CUBE-BLE1.7.0.0
2024-03-08 10:17:49,014 [WARN] PackLoader:240 - Cannot read IP mode file for emotas.I-CUBE-CANOPEN.1.3.0
2024-03-08 10:17:49,030 [WARN] PackLoader:240 - Cannot read IP mode file for STMicroelectronics.X-CUBE-TOUCHGFX.4.22.1
2024-03-08 10:17:49,043 [WARN] PackLoader:240 - Cannot read IP mode file for STMicroelectronics.X-CUBE-BLEMGR.3.1.0
2024-03-08 10:17:49,062 [WARN] PackLoader:240 - Cannot read IP mode file for STMicroelectronics.FP-SNS-SMARTAG2.1.2.0
2024-03-08 10:17:49,088 [INFO] LogOutputStream:77 - [STDOUT_REDIRECT] 1 : Invalid condition id : UX_CORESTACK_Condition cause : null
2024-03-08 10:17:49,090 [INFO] LogOutputStream:77 - [STDOUT_REDIRECT] 1 : Invalid condition id : UX_CORESTACK_Condition cause : null
2024-03-08 10:17:49,093 [INFO] LogOutputStream:77 - [STDOUT_REDIRECT] 1 : Invalid condition id : UX_CORESTACK_Condition cause : null
2024-03-08 10:17:49,095 [INFO] LogOutputStream:77 - [STDOUT_REDIRECT] 1 : Invalid condition id : UX_CORESTACK_Condition cause : null
2024-03-08 10:17:49,096 [INFO] LogOutputStream:77 - [STDOUT_REDIRECT] 1 : Invalid condition id : UX_CORESTACK_Condition cause : null
2024-03-08 10:17:49,101 [WARN] PackLoader:240 - Cannot read IP mode file for STMicroelectronics.X-CUBE-AZRTOS-WL.2.0.0
2024-03-08 10:17:49,119 [WARN] PackLoader:240 - Cannot read IP mode file for WES.I-CUBE-Cesium.1.3.0
2024-03-08 10:17:49,136 [WARN] PackLoader:240 - Cannot read IP mode file for STMicroelectronics.X-CUBE-BLE2.3.3.0
2024-03-08 10:17:49,153 [WARN] PackLoader:240 - Cannot read IP mode file for STMicroelectronics.X-CUBE-ALGOBUILD.1.3.0
2024-03-08 10:17:49,190 [WARN] PackLoader:240 - Cannot read IP mode file for STMicroelectronics.X-CUBE-AZRTOS-G0.1.1.0
2024-03-08 10:17:49,207 [WARN] PackLoader:240 - Cannot read IP mode file for STMicroelectronics.X-CUBE-NFC4.3.0.0
2024-03-08 10:17:49,230 [WARN] PackLoader:240 - Cannot read IP mode file for STMicroelectronics.X-CUBE-BLEMGR.3.0.0
2024-03-08 10:17:49,246 [WARN] PackLoader:240 - Cannot read IP mode file for STMicroelectronics.FP-ATR-SIGFOX1.3.2.0
2024-03-08 10:17:49,253 [WARN] PackLoader:240 - Cannot read IP mode file for STMicroelectronics.X-CUBE-EEPRMA1.5.1.0
2024-03-08 10:17:49,289 [WARN] PackLoader:240 - Cannot read IP mode file for SEGGER.I-CUBE-embOS.1.3.1
2024-03-08 10:17:49,353 [WARN] PackLoader:240 - Cannot read IP mode file for STMicroelectronics.X-CUBE-GNSS1.6.0.0
2024-03-08 10:17:49,385 [WARN] PackLoader:240 - Cannot read IP mode file for STMicroelectronics.X-CUBE-AZRTOS-F4.1.1.0
2024-03-08 10:17:49,400 [WARN] PackLoader:240 - Cannot read IP mode file for wolfSSL.I-CUBE-wolfSSL.5.6.4
2024-03-08 10:17:49,433 [WARN] PackLoader:240 - Cannot read IP mode file for STMicroelectronics.X-CUBE-AZRTOS-L5.2.0.0
2024-03-08 10:17:49,450 [WARN] PackLoader:240 - Cannot read IP mode file for STMicroelectronics.X-CUBE-EEPRMA1.4.2.0
2024-03-08 10:17:49,465 [WARN] PackLoader:240 - Cannot read IP mode file for ITTIA_DB.I-CUBE-ITTIADB.8.8.0
2024-03-08 10:17:49,500 [WARN] ConditionMgr:438 - getConditionDescription Invalid condition id : UX DEVICE CLASS RTOS Condition cause : null
2024-03-08 10:17:49,500 [WARN] ConditionMgr:438 - getConditionDescription Invalid condition id : UX DEVICE CLASS RTOS Condition cause : null
2024-03-08 10:17:49,504 [WARN] PackLoader:240 - Cannot read IP mode file for STMicroelectronics.X-CUBE-AZRTOS-H7.3.1.0
2024-03-08 10:17:49,505 [WARN] ConditionMgr:1039 - genDependencies : Invalid condition id : UX DEVICE CLASS RTOS Condition cause : null
2024-03-08 10:17:49,505 [WARN] ConditionMgr:1039 - genDependencies : Invalid condition id : UX DEVICE CLASS RTOS Condition cause : null
2024-03-08 10:17:49,505 [WARN] ConditionMgr:1039 - genDependencies : Invalid condition id : UX DEVICE CLASS RTOS Condition cause : null
2024-03-08 10:17:49,506 [WARN] ConditionMgr:1039 - genDependencies : Invalid condition id : UX DEVICE CLASS RTOS Condition cause : null
2024-03-08 10:17:49,506 [WARN] ConditionMgr:1039 - genDependencies : Invalid condition id : UX DEVICE CLASS RTOS Condition cause : null
2024-03-08 10:17:49,524 [WARN] PackLoader:240 - Cannot read IP mode file for STMicroelectronics.X-CUBE-NFC7.1.0.1
2024-03-08 10:17:49,543 [WARN] PackLoader:240 - Cannot read IP mode file for STMicroelectronics.X-CUBE-NFC6.3.0.0
2024-03-08 10:17:49,559 [WARN] PackLoader:240 - Cannot read IP mode file for STMicroelectronics.X-CUBE-AI.8.1.0
2024-03-08 10:17:49,601 [WARN] ConditionMgr:438 - getConditionDescription Invalid condition id : LAN8742 Phy interface Condition cause : null
2024-03-08 10:17:49,601 [WARN] PackLoader:240 - Cannot read IP mode file for STMicroelectronics.X-CUBE-AZRTOS-L4.2.0.0
2024-03-08 10:17:49,603 [WARN] ConditionMgr:1039 - genDependencies : Invalid condition id : LAN8742 Phy interface Condition cause : null
2024-03-08 10:17:49,604 [WARN] ConditionMgr:1039 - genDependencies : Invalid condition id : LAN8742 Phy interface Condition cause : null
2024-03-08 10:17:49,605 [WARN] ConditionMgr:1039 - genDependencies : Invalid condition id : LAN8742 Phy interface Condition cause : null
2024-03-08 10:17:49,622 [WARN] PackLoader:240 - Cannot read IP mode file for STMicroelectronics.X-CUBE-SFXS2LP1.4.0.0
2024-03-08 10:17:49,637 [WARN] PackLoader:240 - Cannot read IP mode file for STMicroelectronics.X-CUBE-ISPU.1.1.0
2024-03-08 10:17:49,669 [WARN] ConditionMgr:438 - getConditionDescription Invalid condition id : UX DEVICE CLASS RTOS Condition cause : null
2024-03-08 10:17:49,670 [WARN] ConditionMgr:438 - getConditionDescription Invalid condition id : UX DEVICE CLASS RTOS Condition cause : null
2024-03-08 10:17:49,673 [WARN] PackLoader:240 - Cannot read IP mode file for STMicroelectronics.X-CUBE-AZRTOS-WB.2.0.0
2024-03-08 10:17:49,674 [WARN] ConditionMgr:1039 - genDependencies : Invalid condition id : UX DEVICE CLASS RTOS Condition cause : null
2024-03-08 10:17:49,674 [WARN] ConditionMgr:1039 - genDependencies : Invalid condition id : UX DEVICE CLASS RTOS Condition cause : null
2024-03-08 10:17:49,674 [WARN] ConditionMgr:1039 - genDependencies : Invalid condition id : UX DEVICE CLASS RTOS Condition cause : null
2024-03-08 10:17:49,675 [WARN] ConditionMgr:1039 - genDependencies : Invalid condition id : UX DEVICE CLASS RTOS Condition cause : null
2024-03-08 10:17:49,675 [WARN] ConditionMgr:1039 - genDependencies : Invalid condition id : UX DEVICE CLASS RTOS Condition cause : null
2024-03-08 10:17:49,697 [WARN] PackLoader:240 - Cannot read IP mode file for STMicroelectronics.X-CUBE-SUBG2.5.0.0
2024-03-08 10:17:49,723 [WARN] PackLoader:240 - Cannot read IP mode file for STMicroelectronics.X-CUBE-TOF1.3.3.1
2024-03-08 10:17:49,759 [WARN] PackLoader:240 - Cannot read IP mode file for STMicroelectronics.X-CUBE-AZRTOS-G4.2.0.0
2024-03-08 10:17:49,806 [WARN] PackLoader:240 - Cannot read IP mode file for Infineon.AIROC-Wi-Fi-Bluetooth-STM32.1.5.1
2024-03-08 10:17:49,832 [WARN] PackLoader:240 - Cannot read IP mode file for STMicroelectronics.FP-SNS-MOTENVWB1.1.3.0
2024-03-08 10:17:49,839 [WARN] PackLoader:240 - Cannot read IP mode file for STMicroelectronics.FP-SNS-MOTENVWB1.1.3.1
2024-03-08 10:17:49,859 [WARN] PackLoader:240 - Cannot read IP mode file for STMicroelectronics.X-CUBE-ISPU.2.0.0
2024-03-08 10:17:49,956 [WARN] PackLoader:240 - Cannot read IP mode file for STMicroelectronics.X-CUBE-MEMS1.10.0.0
2024-03-08 10:17:50,243 [WARN] PackLoader:240 - Cannot read IP mode file for STMicroelectronics.X-CUBE-FREERTOS.1.1.0
2024-03-08 10:17:50,269 [WARN] PackLoader:240 - Cannot read IP mode file for portGmbH.I-Cube-SoM-uGOAL.1.1.0
2024-03-08 10:17:50,290 [WARN] PackLoader:240 - Cannot read IP mode file for STMicroelectronics.X-CUBE-ALS.1.0.1
2024-03-08 10:17:50,313 [WARN] PackLoader:240 - Cannot read IP mode file for STMicroelectronics.FP-ATR-ASTRA1.2.0.0
2024-03-08 10:17:50,349 [WARN] PackLoader:240 - Cannot read IP mode file for STMicroelectronics.X-CUBE-TOF1.3.4.0
2024-03-08 10:17:50,383 [WARN] PackLoader:240 - Cannot read IP mode file for STMicroelectronics.X-CUBE-TOF1.3.4.1
2024-03-08 10:17:50,461 [WARN] PackLoader:240 - Cannot read IP mode file for STMicroelectronics.X-CUBE-AZRTOS-H7.3.2.0
2024-03-08 10:17:50,466 [INFO] ThirdParty:978 - Integrity check success = true
2024-03-08 10:17:50,466 [INFO] IntegrityCheckThread:100 - exiting critical section [integrity check]
2024-03-08 10:17:50,466 [INFO] IntegrityCheckThread:103 - End integrity checks thread
2024-03-08 10:17:50,467 [INFO] ThirdParty:873 - entering critical section [close project]
2024-03-08 10:17:50,469 [INFO] ThirdParty:883 - exiting critical section [close project]
2024-03-08 10:17:50,474 [INFO] PinOutPanel:1499 - setPackage(No Configuration,No Configuration)
2024-03-08 10:17:50,482 [INFO] UtilMem:75 - Begin LoadConfig() Used Memory: 330382016 Bytes (591396864)
2024-03-08 10:17:50,489 [INFO] OpenFileManager:312 - Change cursor
2024-03-08 10:17:50,567 [INFO] Mcu:2016 - Initializing MCU STM32F401R(D-E)Tx STM32F401RETx STM32F401RET6
2024-03-08 10:17:52,812 [INFO] Context:659 - Trying to add GPIOservice into a context  which must be forbidden
2024-03-08 10:17:53,849 [INFO] RtosManager:555 - Registered RTOS mode: class=CMSIS, group=RTOS, mode=CMSIS_V1, owner=FREERTOS
2024-03-08 10:17:53,849 [INFO] RtosManager:555 - Registered RTOS mode: class=CMSIS, group=RTOS2, mode=CMSIS_V2, owner=FREERTOS
2024-03-08 10:17:53,850 [INFO] RtosManager:555 - Registered RTOS mode: class=RTOS, group=Core, mode=CMSIS_V1, owner=FREERTOS
2024-03-08 10:17:53,850 [INFO] RtosManager:555 - Registered RTOS mode: class=RTOS, group=Core, mode=CMSIS_V2, owner=FREERTOS
2024-03-08 10:17:53,850 [WARN] ModelIntegratedComponent:184 - Missing modes for component STMicroelectronics:FreeRTOS:0.0.1:STMicroelectronics:RTOS:FreeRTOS:Core:::10.2.0:
2024-03-08 10:17:53,920 [WARN] ModelIntegratedComponent:63 - No mode defined for component null
2024-03-08 10:17:53,920 [WARN] ModelIntegratedComponent:63 - No mode defined for component null
2024-03-08 10:17:53,920 [WARN] ModelIntegratedComponent:63 - No mode defined for component null
2024-03-08 10:17:53,920 [WARN] ModelIntegratedComponent:63 - No mode defined for component null
2024-03-08 10:17:53,921 [WARN] ModelIntegratedComponent:63 - No mode defined for component null
2024-03-08 10:17:53,921 [WARN] ModelIntegratedComponent:63 - No mode defined for component null
2024-03-08 10:17:53,921 [WARN] ModelIntegratedComponent:63 - No mode defined for component null
2024-03-08 10:17:53,921 [WARN] ModelIntegratedComponent:63 - No mode defined for component null
2024-03-08 10:17:53,921 [WARN] ModelIntegratedComponent:63 - No mode defined for component null
2024-03-08 10:17:53,921 [WARN] ModelIntegratedComponent:63 - No mode defined for component null
2024-03-08 10:17:53,921 [WARN] ModelIntegratedComponent:63 - No mode defined for component null
2024-03-08 10:17:53,921 [WARN] ModelIntegratedComponent:63 - No mode defined for component null
2024-03-08 10:17:53,922 [WARN] ModelIntegratedComponent:63 - No mode defined for component null
2024-03-08 10:17:53,922 [WARN] ModelIntegratedComponent:63 - No mode defined for component null
2024-03-08 10:17:53,922 [WARN] ModelIntegratedComponent:63 - No mode defined for component null
2024-03-08 10:17:53,922 [WARN] ModelIntegratedComponent:63 - No mode defined for component null
2024-03-08 10:17:53,922 [WARN] ModelIntegratedComponent:63 - No mode defined for component null
2024-03-08 10:17:53,922 [WARN] ModelIntegratedComponent:63 - No mode defined for component null
2024-03-08 10:17:53,922 [WARN] ModelIntegratedComponent:63 - No mode defined for component null
2024-03-08 10:17:53,922 [WARN] ModelIntegratedComponent:63 - No mode defined for component null
2024-03-08 10:17:53,922 [WARN] ModelIntegratedComponent:63 - No mode defined for component null
2024-03-08 10:17:53,923 [WARN] ModelIntegratedComponent:63 - No mode defined for component null
2024-03-08 10:17:53,923 [WARN] ModelIntegratedComponent:63 - No mode defined for component null
2024-03-08 10:17:53,923 [WARN] ModelIntegratedComponent:63 - No mode defined for component null
2024-03-08 10:17:53,923 [WARN] ModelIntegratedComponent:63 - No mode defined for component null
2024-03-08 10:17:53,923 [WARN] ModelIntegratedComponent:63 - No mode defined for component null
2024-03-08 10:17:53,923 [WARN] ModelIntegratedComponent:63 - No mode defined for component null
2024-03-08 10:17:53,923 [WARN] ModelIntegratedComponent:63 - No mode defined for component null
2024-03-08 10:17:53,924 [WARN] ModelIntegratedComponent:63 - No mode defined for component null
2024-03-08 10:17:53,924 [WARN] ModelIntegratedComponent:63 - No mode defined for component null
2024-03-08 10:17:53,924 [WARN] ModelIntegratedComponent:63 - No mode defined for component null
2024-03-08 10:17:53,924 [WARN] ModelIntegratedComponent:63 - No mode defined for component null
2024-03-08 10:17:53,924 [WARN] ModelIntegratedComponent:63 - No mode defined for component null
2024-03-08 10:17:54,238 [INFO] ThirdPartyModel:298 - Start build external matchings
2024-03-08 10:17:54,639 [INFO] ThirdPartyModel:316 - End build external matchings
2024-03-08 10:17:54,654 [INFO] ImportTextPane:194 - (OptionalMessage_ERROR) IP (RCC) : Parameter (RTCHSEDivFreq_Value) has invalid value (4000000)
2024-03-08 10:17:55,049 [INFO] UtilMem:75 - End LoadConfig() Used Memory: 266238496 Bytes (591396864)
2024-03-08 10:17:55,217 [INFO] ApiDb:581 - Connected to CubeFinder SQLite database (C:\Users\nathf\.stmcufinder\plugins\mcufinder\mcu\cube-finder-db.db)
2024-03-08 10:17:55,392 [INFO] ApiDb:668 - CubeFinder database Data Model version=2.1
2024-03-08 10:17:55,392 [INFO] ApiDb:669 - CubeFinder database Configuration version=3.0.39
2024-03-08 10:17:55,393 [INFO] ApiDb:670 - CubeFinder database generation date=2023-12-08 (1702028721)
2024-03-08 10:17:55,393 [INFO] ApiDb:671 - CubeFinder database FW Pack versions=[FP-ATR-ASTRA1_V2.0.0, FP-SNS-FLIGHT1_V5.0.1, FP-SNS-FLIGHT1_V5.0.2, FP-SNS-MOTENV1_V4.3.1, FP-SNS-MOTENV1_V4.3.2, FP-SNS-MOTENVWB1_V1.3.1, FP-SNS-SMARTAG2_V1.2.0, STM32Cube_FW_C0_V1.1.0, STM32Cube_FW_F4_V1.28.0, STM32Cube_FW_F7_V1.17.0, STM32Cube_FW_G0_V1.6.1, STM32Cube_FW_G4_V1.5.1, STM32Cube_FW_H5_V0.5.1, STM32Cube_FW_H5_V1.1.1, STM32Cube_FW_H5_V1.2.0RC2, STM32Cube_FW_H7_V1.11.0, STM32Cube_FW_L0_V1.12.2, STM32Cube_FW_L5_V1.5.0, STM32Cube_FW_U5_V1.3.0RC4, STM32Cube_FW_U5_V1.4.0, STM32Cube_FW_WBA_V1.0.0RC1, STM32Cube_FW_WBA_V1.1.0RC1, STM32Cube_FW_WBA_V1.2.0, STM32Cube_FW_WBA_V1.2.0RC2, STM32Cube_FW_WB_V1.15.0RC1, STM32Cube_FW_WB_V1.16.0, STM32Cube_FW_WB_V1.16.0RC2, STM32Cube_FW_WB_V1.18.0, STM32Cube_FW_WL_V1.3.0, X-CUBE-ALGOBUILD_V1.3.0, X-CUBE-ALS_V1.0.1, X-CUBE-AZRTOS-F4_V1.1.0, X-CUBE-AZRTOS-F7_V1.1.0, X-CUBE-AZRTOS-G0_V1.1.0, X-CUBE-AZRTOS-G4_V2.0.0, X-CUBE-AZRTOS-H7_V3.1.0, X-CUBE-AZRTOS-L4_V1.0.0, X-CUBE-AZRTOS-L4_V2.0.0, X-CUBE-AZRTOS-L5_V1.1.0, X-CUBE-AZRTOS-WB_V2.0.0, X-CUBE-AZRTOS-WL_V2.0.0, X-CUBE-BLE1_V7.0.0, X-CUBE-BLE2_V3.3.0, X-CUBE-BLEMGR_V3.0.0, X-CUBE-EEPRMA1_V4.1.0, X-CUBE-EEPRMA1_V4.2.0, X-CUBE-FREERTOS_V1.1.0, X-CUBE-GNSS1_V6.0.0, X-CUBE-MEMS1_V10.0.0, X-CUBE-MEMS1_V9.1.0, X-CUBE-MEMS1_V9.4.0, X-CUBE-MEMS1_V9.6.0, X-CUBE-NFC4_V3.0.0, X-CUBE-NFC7_V1.0.1, X-CUBE-SFXS2LP1_V4.0.0, X-CUBE-SUBG2_V5.0.0, X-CUBE-TOF1_V3.4.0]
2024-03-08 10:17:59,264 [INFO] ApiDb:240 - Found 371 in-development CPN: [B-G473E-ZEST1S, B-WB1M-WPAN1, B-WL5M-SUBG1, NUCLEO-C031C6, NUCLEO-H503RB, NUCLEO-H563ZI, NUCLEO-U545RE-Q, NUCLEO-U5A5ZJ-Q, NUCLEO-WBA52CG, NUCLEO-WBA55CG, STEVAL-MKBOXPRO, STEVAL-PROTEUS1, STEVAL-STWINBX1, STM320518-EVAL, STM32C0116-DK, STM32C011D6Y3TR, STM32C011D6Y6TR, STM32C011F4P3, STM32C011F4P6, STM32C011F4U3, STM32C011F4U6TR, STM32C011F6P3, STM32C011F6P6, STM32C011F6U3, STM32C011F6U6TR, STM32C011J4M3, STM32C011J4M6, STM32C011J6M3, STM32C011J6M6, STM32C0316-DK, STM32C031C4T3, STM32C031C4T6, STM32C031C4U3, STM32C031C4U6, STM32C031C6T3, STM32C031C6T6, STM32C031C6U3, STM32C031C6U6, STM32C031F4P3, STM32C031F4P6, STM32C031F6P3, STM32C031F6P6, STM32C031G4U3, STM32C031G4U6, STM32C031G6U3, STM32C031G6U6, STM32C031K4T3, STM32C031K4T6, STM32C031K4U3, STM32C031K4U6, STM32C031K6T3, STM32C031K6T6, STM32C031K6U3, STM32C031K6U6, STM32G071K8TXN, STM32G071K8UXN, STM32G081GBU6N, STM32G081KBT6N, STM32G081KBUXN, STM32G0B1CCT6N, STM32G0B1KCT6, STM32G0B1NEY6TR, STM32G0B1RCT6N, STM32G0C1CCT6, STM32G0C1CCT6N, STM32G0C1CCU6N, STM32G0C1CET6N, STM32G0C1CEU6N, STM32G0C1KCT6, STM32G0C1NEY6TR, STM32G0C1RCI6N, STM32G0C1RCT6N, STM32G0C1REI6N, STM32G0C1RET6N, STM32G0C1VCI6, STM32G0C1VEI6, STM32G471CCT6, STM32G471CCU6, STM32G471CET3, STM32G471CET6, STM32G471CEU3, STM32G471CEU6, STM32G471MCT6, STM32G471MET3, STM32G471MET6, STM32G471MEY6TR, STM32G471QCT6, STM32G471QET3, STM32G471RCT6, STM32G471RET3, STM32G471RET6, STM32G471VCH6, STM32G471VCI6, STM32G471VCT6, STM32G471VEH3, STM32G471VEH6, STM32G471VEI3, STM32G471VEI6, STM32G471VET3, STM32G471VET6, STM32G474CCT6, STM32H503CBT6, STM32H503CBU6, STM32H503EBY6TR, STM32H503KBU6, STM32H503RBT6, STM32H562AGI6, STM32H562AII6, STM32H562IGK6, STM32H562IGT6, STM32H562IIK6, STM32H562IIT6, STM32H562RGT6, STM32H562RGV6, STM32H562RIT6, STM32H562RIV6, STM32H562VGT6, STM32H562VIT6, STM32H562ZGT6, STM32H562ZIT6, STM32H563AGI6, STM32H563AII3Q, STM32H563AII6, STM32H563IGK6, STM32H563IGT6, STM32H563IIK3Q, STM32H563IIK6, STM32H563IIT3Q, STM32H563IIT6, STM32H563MIY3QTR, STM32H563RGT6, STM32H563RGV6, STM32H563RIT6, STM32H563RIV6, STM32H563VGT6, STM32H563VIT3Q, STM32H563VIT6, STM32H563ZGT6, STM32H563ZIT3Q, STM32H563ZIT6, STM32H573AII3Q, STM32H573AII6, STM32H573I-DK, STM32H573IIK3Q, STM32H573IIK6, STM32H573IIT3Q, STM32H573IIT6, STM32H573MIY3QTR, STM32H573RIT6, STM32H573RIV6, STM32H573VIT3Q, STM32H573VIT6, STM32H573ZIT3Q, STM32H573ZIT6, STM32L4R5QGI6STR, STM32MP131AAE3, STM32MP131AAF3, STM32MP131AAG3, STM32MP131CAE3, STM32MP131CAF3, STM32MP131CAG3, STM32MP131DAE7, STM32MP131DAF7, STM32MP131DAG7, STM32MP131FAE7, STM32MP131FAF7, STM32MP131FAG7, STM32MP133AAE3, STM32MP133AAF3, STM32MP133AAG3, STM32MP133CAE3, STM32MP133CAF3, STM32MP133CAG3, STM32MP133DAE7, STM32MP133DAF7, STM32MP133DAG7, STM32MP133FAE7, STM32MP133FAF7, STM32MP133FAG7, STM32MP135AAE3, STM32MP135AAF3, STM32MP135AAG3, STM32MP135CAE3, STM32MP135CAF3, STM32MP135CAG3, STM32MP135DAE7, STM32MP135DAF7, STM32MP135DAG7, STM32MP135F-DK, STM32MP135FAE7, STM32MP135FAF7, STM32MP135FAF7T, STM32MP135FAF7U, STM32MP135FAG7, STM32U535CBT6, STM32U535CBT6Q, STM32U535CBU6, STM32U535CBU6Q, STM32U535CCT6, STM32U535CCT6Q, STM32U535CCU6, STM32U535CCU6Q, STM32U535CET6, STM32U535CET6Q, STM32U535CEU6, STM32U535CEU6Q, STM32U535JEY6QTR, STM32U535NCY6QTR, STM32U535NEY6QTR, STM32U535RBI6, STM32U535RBI6Q, STM32U535RBT6, STM32U535RBT6Q, STM32U535RCI6, STM32U535RCI6Q, STM32U535RCT6, STM32U535RCT6Q, STM32U535REI6, STM32U535REI6Q, STM32U535RET6, STM32U535RET6Q, STM32U535VCI6, STM32U535VCI6Q, STM32U535VCT6, STM32U535VCT6Q, STM32U535VEI6, STM32U535VEI6Q, STM32U535VET6, STM32U535VET6Q, STM32U545CET6, STM32U545CET6Q, STM32U545CEU6, STM32U545CEU6Q, STM32U545JEY6QTR, STM32U545NEY6QTR, STM32U545REI6, STM32U545REI6Q, STM32U545RET6, STM32U545RET6Q, STM32U545VEI6, STM32U545VEI6Q, STM32U545VET6, STM32U545VET6Q, STM32U595AIH6, STM32U595AIH6Q, STM32U595AJH6, STM32U595AJH6Q, STM32U595QII6, STM32U595QII6Q, STM32U595QJI6, STM32U595QJI6Q, STM32U595RIT6, STM32U595RIT6Q, STM32U595RJT6, STM32U595RJT6Q, STM32U595VIT6, STM32U595VIT6Q, STM32U595VJT6, STM32U595VJT6Q, STM32U595ZIT6, STM32U595ZIT6Q, STM32U595ZIY6QTR, STM32U595ZJT6, STM32U595ZJT6Q, STM32U595ZJY6QTR, STM32U599BJY6QTR, STM32U599NIH6Q, STM32U599NJH6Q, STM32U599VIT6Q, STM32U599VJT6, STM32U599VJT6Q, STM32U599ZIT6Q, STM32U599ZIY6QTR, STM32U599ZJT6Q, STM32U599ZJY6QTR, STM32U5A5AJH6, STM32U5A5AJH6Q, STM32U5A5QJI6, STM32U5A5QJI6Q, STM32U5A5RJT6, STM32U5A5RJT6Q, STM32U5A5VJT6, STM32U5A5VJT6Q, STM32U5A5ZJT6, STM32U5A5ZJT6Q, STM32U5A5ZJY6QTR, STM32U5A9BJY6QTR, STM32U5A9J-DK, STM32U5A9NJH6Q, STM32U5A9VJT6Q, STM32U5A9ZJT6Q, STM32U5A9ZJY6QTR, STM32U5F7VIT6, STM32U5F7VIT6Q, STM32U5F7VJT6, STM32U5F7VJT6Q, STM32U5F9BJY6QTR, STM32U5F9NJH6Q, STM32U5F9VIT6Q, STM32U5F9VJT6Q, STM32U5F9ZIJ6QTR, STM32U5F9ZIT6Q, STM32U5F9ZJJ6QTR, STM32U5F9ZJT6Q, STM32U5G7VJT6, STM32U5G7VJT6Q, STM32U5G9BJY6QTR, STM32U5G9J-DK1, STM32U5G9J-DK2, STM32U5G9NJH6Q, STM32U5G9VJT6Q, STM32U5G9ZJJ6QTR, STM32U5G9ZJT6Q, STM32WB1MMCH6, STM32WBA50KEU6, STM32WBA50KEU6TR, STM32WBA50KGU6, STM32WBA50KGU6TR, STM32WBA52CEU6, STM32WBA52CEU6TR, STM32WBA52CEU7, STM32WBA52CEU7TR, STM32WBA52CGU6, STM32WBA52CGU6TR, STM32WBA52CGU6U, STM32WBA52CGU7, STM32WBA52CGU7TR, STM32WBA52KEU6, STM32WBA52KEU6TR, STM32WBA52KGU6, STM32WBA52KGU6TR, STM32WBA54CEU6, STM32WBA54CEU6TR, STM32WBA54CEU7, STM32WBA54CEU7TR, STM32WBA54CGU6, STM32WBA54CGU6TR, STM32WBA54CGU7, STM32WBA54CGU7TR, STM32WBA54KEU6, STM32WBA54KEU6TR, STM32WBA54KEU7, STM32WBA54KEU7TR, STM32WBA54KGU6, STM32WBA54KGU6TR, STM32WBA54KGU7, STM32WBA54KGU7TR, STM32WBA55CEU6, STM32WBA55CEU6TR, STM32WBA55CEU7, STM32WBA55CEU7TR, STM32WBA55CGU6, STM32WBA55CGU6TR, STM32WBA55CGU6U, STM32WBA55CGU7, STM32WBA55CGU7TR, STM32WBA55G-DK1, STM32WBA55HEF6, STM32WBA55HEF7, STM32WBA55HGF6, STM32WBA55HGF7, STM32WBA55UEI6, STM32WBA55UEI6TR, STM32WBA55UEI7, STM32WBA55UEI7TR, STM32WBA55UGI6, STM32WBA55UGI6TR, STM32WBA55UGI7, STM32WBA55UGI7TR, STM32WL5MOCH6, STM32WL5MOCH6TR]
2024-03-08 10:17:59,268 [INFO] DbMcus:218 - Found 3930 MCUs, 3930 are supported
2024-03-08 10:17:59,269 [INFO] ApiDb:423 - Load user favorites file C:\Users\nathf/.stm32cubeide/favorites.mcus.txt: 0 item(s)
2024-03-08 10:17:59,269 [INFO] ApiDb:427 - User favorites MCUs=[]
2024-03-08 10:17:59,269 [INFO] DbMcus:224 - Set 0 / 0 favorites MCUs
2024-03-08 10:17:59,674 [INFO] MicroXplorer:468 - Change Database Path : 
2024-03-08 10:17:59,675 [INFO] MicroXplorer:498 - Change Database Version : DB.6.0.100
2024-03-08 10:17:59,675 [WARN] ThirdParty:833 - waiting for thirdparty lock release [change project]
2024-03-08 10:17:59,675 [INFO] ThirdParty:835 - entering critical section [change project]
2024-03-08 10:17:59,675 [INFO] ThirdParty:1030 - CMSIS Pack Vendor :STMicroelectronics X-CUBE-ISPU 1.1.0
2024-03-08 10:17:59,675 [INFO] ThirdParty:1030 - CMSIS Pack Vendor :STMicroelectronics USBPD 4.1
2024-03-08 10:17:59,675 [INFO] ThirdParty:1030 - CMSIS Pack Vendor :STMicroelectronics X-CUBE-GNSS1 6.0.0
2024-03-08 10:17:59,675 [INFO] ThirdParty:1030 - CMSIS Pack Vendor :STMicroelectronics USB_HOST 2.0.0
2024-03-08 10:17:59,675 [INFO] ThirdParty:1030 - CMSIS Pack Vendor :STMicroelectronics X-CUBE-AZRTOS-F4 1.1.0
2024-03-08 10:17:59,675 [INFO] ThirdParty:1030 - CMSIS Pack Vendor :STMicroelectronics LIBJPEG 8.0.0
2024-03-08 10:17:59,676 [INFO] ThirdParty:1030 - CMSIS Pack Vendor :wolfSSL I-CUBE-wolfSSL 5.6.4
2024-03-08 10:17:59,676 [INFO] ThirdParty:1030 - CMSIS Pack Vendor :STMicroelectronics X-CUBE-SMBUS 2.1.0
2024-03-08 10:17:59,676 [INFO] ThirdParty:1030 - CMSIS Pack Vendor :STMicroelectronics USB_DEVICE 3.0.0
2024-03-08 10:17:59,676 [INFO] ThirdParty:1030 - CMSIS Pack Vendor :STMicroelectronics X-CUBE-AZRTOS-WB 2.0.0
2024-03-08 10:17:59,676 [INFO] ThirdParty:1030 - CMSIS Pack Vendor :STMicroelectronics X-CUBE-TOUCHGFX 4.23.0
2024-03-08 10:17:59,676 [INFO] ThirdParty:1030 - CMSIS Pack Vendor :STMicroelectronics X-CUBE-AZRTOS-F7 1.1.0
2024-03-08 10:17:59,676 [INFO] ThirdParty:1030 - CMSIS Pack Vendor :STMicroelectronics X-CUBE-AZRTOS-L5 2.0.0
2024-03-08 10:17:59,676 [INFO] ThirdParty:1030 - CMSIS Pack Vendor :STMicroelectronics USB_DEVICE 2.0.0
2024-03-08 10:17:59,676 [INFO] ThirdParty:1030 - CMSIS Pack Vendor :STMicroelectronics X-CUBE-EEPRMA1 4.2.0
2024-03-08 10:17:59,676 [INFO] ThirdParty:1030 - CMSIS Pack Vendor :ITTIA_DB I-CUBE-ITTIADB 8.8.0
2024-03-08 10:17:59,676 [INFO] ThirdParty:1030 - CMSIS Pack Vendor :STMicroelectronics FP-SNS-MOTENV1 4.3.2
2024-03-08 10:17:59,676 [INFO] ThirdParty:1030 - CMSIS Pack Vendor :STMicroelectronics X-CUBE-ALGOBUILD 1.3.0
2024-03-08 10:17:59,676 [INFO] ThirdParty:1030 - CMSIS Pack Vendor :STMicroelectronics FreeRTOS 0.0.1
2024-03-08 10:17:59,676 [INFO] ThirdParty:1030 - CMSIS Pack Vendor :STMicroelectronics X-CUBE-AZRTOS-G0 1.1.0
2024-03-08 10:17:59,676 [INFO] ThirdParty:1030 - CMSIS Pack Vendor :STMicroelectronics X-CUBE-NFC4 3.0.0
2024-03-08 10:17:59,677 [INFO] ThirdParty:1030 - CMSIS Pack Vendor :STMicroelectronics X-CUBE-SUBG2 5.0.0
2024-03-08 10:17:59,677 [INFO] ThirdParty:1030 - CMSIS Pack Vendor :STMicroelectronics STM32_WPAN 1.0.0
2024-03-08 10:17:59,677 [INFO] ThirdParty:1030 - CMSIS Pack Vendor :STMicroelectronics lwIP 2.0.3
2024-03-08 10:17:59,677 [INFO] ThirdParty:1030 - CMSIS Pack Vendor :STMicroelectronics FP-SNS-FLIGHT1 5.0.2
2024-03-08 10:17:59,677 [INFO] ThirdParty:1030 - CMSIS Pack Vendor :STMicroelectronics USB_HOST 1.0.0
2024-03-08 10:17:59,677 [INFO] ThirdParty:1030 - CMSIS Pack Vendor :STMicroelectronics X-CUBE-TOF1 3.3.1
2024-03-08 10:17:59,677 [INFO] ThirdParty:1030 - CMSIS Pack Vendor :STMicroelectronics X-CUBE-AZRTOS-G4 2.0.0
2024-03-08 10:17:59,677 [INFO] ThirdParty:1030 - CMSIS Pack Vendor :STMicroelectronics PDM2PCM 3.1.0
2024-03-08 10:17:59,677 [INFO] ThirdParty:1030 - CMSIS Pack Vendor :STMicroelectronics X-CUBE-AZRTOS-H7 3.1.0
2024-03-08 10:17:59,677 [INFO] ThirdParty:1030 - CMSIS Pack Vendor :Infineon AIROC-Wi-Fi-Bluetooth-STM32 1.5.1
2024-03-08 10:17:59,677 [INFO] ThirdParty:1030 - CMSIS Pack Vendor :STMicroelectronics X-CUBE-BLEMGR 3.0.0
2024-03-08 10:17:59,677 [INFO] ThirdParty:1030 - CMSIS Pack Vendor :STMicroelectronics PDM2PCM 3.3.0
2024-03-08 10:17:59,677 [INFO] ThirdParty:1030 - CMSIS Pack Vendor :STMicroelectronics X-CUBE-DISPLAY 3.0.0
2024-03-08 10:17:59,677 [INFO] ThirdParty:1030 - CMSIS Pack Vendor :STMicroelectronics FP-SNS-MOTENVWB1 1.3.0
2024-03-08 10:17:59,677 [INFO] ThirdParty:1030 - CMSIS Pack Vendor :STMicroelectronics FP-SNS-MOTENVWB1 1.3.1
2024-03-08 10:17:59,677 [INFO] ThirdParty:1030 - CMSIS Pack Vendor :STMicroelectronics X-CUBE-BLE1 7.0.0
2024-03-08 10:17:59,678 [INFO] ThirdParty:1030 - CMSIS Pack Vendor :STMicroelectronics FP-ATR-SIGFOX1 3.2.0
2024-03-08 10:17:59,678 [INFO] ThirdParty:1030 - CMSIS Pack Vendor :STMicroelectronics X-CUBE-ISPU 2.0.0
2024-03-08 10:17:59,678 [INFO] ThirdParty:1030 - CMSIS Pack Vendor :STMicroelectronics X-CUBE-EEPRMA1 5.1.0
2024-03-08 10:17:59,678 [INFO] ThirdParty:1030 - CMSIS Pack Vendor :STMicroelectronics HAL Drivers 0.0.0
2024-03-08 10:17:59,678 [INFO] ThirdParty:1030 - CMSIS Pack Vendor :STMicroelectronics MBEDTLS 2.16.2
2024-03-08 10:17:59,678 [INFO] ThirdParty:1030 - CMSIS Pack Vendor :emotas I-CUBE-CANOPEN 1.3.0
2024-03-08 10:17:59,678 [INFO] ThirdParty:1030 - CMSIS Pack Vendor :STMicroelectronics X-CUBE-MEMS1 10.0.0
2024-03-08 10:17:59,678 [INFO] ThirdParty:1030 - CMSIS Pack Vendor :STMicroelectronics X-CUBE-FREERTOS 1.1.0
2024-03-08 10:17:59,678 [INFO] ThirdParty:1030 - CMSIS Pack Vendor :STMicroelectronics X-CUBE-NFC7 1.0.1
2024-03-08 10:17:59,678 [INFO] ThirdParty:1030 - CMSIS Pack Vendor :STMicroelectronics MBEDTLS 2.14.1
2024-03-08 10:17:59,678 [INFO] ThirdParty:1030 - CMSIS Pack Vendor :STMicroelectronics X-CUBE-TOUCHGFX 4.22.1
2024-03-08 10:17:59,678 [INFO] ThirdParty:1030 - CMSIS Pack Vendor :STMicroelectronics X-CUBE-NFC6 3.0.0
2024-03-08 10:17:59,678 [INFO] ThirdParty:1030 - CMSIS Pack Vendor :portGmbH I-Cube-SoM-uGOAL 1.1.0
2024-03-08 10:17:59,678 [INFO] ThirdParty:1030 - CMSIS Pack Vendor :STMicroelectronics X-CUBE-ALS 1.0.1
2024-03-08 10:17:59,678 [INFO] ThirdParty:1030 - CMSIS Pack Vendor :STMicroelectronics X-CUBE-BLEMGR 3.1.0
2024-03-08 10:17:59,678 [INFO] ThirdParty:1030 - CMSIS Pack Vendor :STMicroelectronics ThreadX 1.0.0
2024-03-08 10:17:59,679 [INFO] ThirdParty:1030 - CMSIS Pack Vendor :STMicroelectronics FP-SNS-SMARTAG2 1.2.0
2024-03-08 10:17:59,679 [INFO] ThirdParty:1030 - CMSIS Pack Vendor :STMicroelectronics X-CUBE-AZRTOS-WL 2.0.0
2024-03-08 10:17:59,679 [INFO] ThirdParty:1030 - CMSIS Pack Vendor :SEGGER I-CUBE-embOS 1.3.1
2024-03-08 10:17:59,680 [INFO] ThirdParty:1030 - CMSIS Pack Vendor :STMicroelectronics USB_DEVICE 1.0.0
2024-03-08 10:17:59,680 [INFO] ThirdParty:1030 - CMSIS Pack Vendor :STMicroelectronics X-CUBE-AI 8.1.0
2024-03-08 10:17:59,680 [INFO] ThirdParty:1030 - CMSIS Pack Vendor :STMicroelectronics X-CUBE-AZRTOS-L4 2.0.0
2024-03-08 10:17:59,680 [INFO] ThirdParty:1030 - CMSIS Pack Vendor :STMicroelectronics ThreadX 0.0.2
2024-03-08 10:17:59,680 [INFO] ThirdParty:1030 - CMSIS Pack Vendor :WES I-CUBE-Cesium 1.3.0
2024-03-08 10:17:59,680 [INFO] ThirdParty:1030 - CMSIS Pack Vendor :STMicroelectronics FP-ATR-ASTRA1 2.0.0
2024-03-08 10:17:59,680 [INFO] ThirdParty:1030 - CMSIS Pack Vendor :STMicroelectronics lwIP 2.1.2
2024-03-08 10:17:59,680 [INFO] ThirdParty:1030 - CMSIS Pack Vendor :STMicroelectronics X-CUBE-SFXS2LP1 4.0.0
2024-03-08 10:17:59,680 [INFO] ThirdParty:1030 - CMSIS Pack Vendor :STMicroelectronics X-CUBE-BLE2 3.3.0
2024-03-08 10:17:59,680 [INFO] ThirdParty:1030 - CMSIS Pack Vendor :STMicroelectronics X-CUBE-TOF1 3.4.0
2024-03-08 10:17:59,680 [INFO] ThirdParty:1030 - CMSIS Pack Vendor :STMicroelectronics X-CUBE-TOF1 3.4.1
2024-03-08 10:17:59,680 [INFO] ThirdParty:1030 - CMSIS Pack Vendor :STMicroelectronics X-CUBE-AZRTOS-H7 3.2.0
2024-03-08 10:17:59,680 [INFO] ThirdParty:1030 - CMSIS Pack Vendor :STMicroelectronics PDM2PCM 3.2.0
2024-03-08 10:17:59,680 [INFO] ThirdParty:841 - exiting critical section [change project]
2024-03-08 10:18:00,157 [INFO] PinOutPanel:1499 - setPackage(No Configuration,No Configuration)
2024-03-08 10:18:00,159 [INFO] PinOutPanel:1499 - setPackage(STM32F401RETx,LQFP64)
2024-03-08 10:18:01,012 [INFO] UtilMem:75 - Before build in PCC Used Memory: 248089624 Bytes (591396864)
2024-03-08 10:18:02,572 [ERROR] LogOutputStream:75 - [STDERR_REDIRECT] SLF4J: Failed to load class "org.slf4j.impl.StaticLoggerBinder".
2024-03-08 10:18:02,578 [ERROR] LogOutputStream:75 - [STDERR_REDIRECT] SLF4J: Defaulting to no-operation (NOP) logger implementation
2024-03-08 10:18:02,584 [ERROR] LogOutputStream:75 - [STDERR_REDIRECT] SLF4J: See http://www.slf4j.org/codes.html#StaticLoggerBinder for further details.
2024-03-08 10:18:03,406 [INFO] UtilMem:75 - After build in PCC Used Memory: 357127824 Bytes (591396864)
2024-03-08 10:18:03,469 [INFO] IPUIPlugin:80 - create IPUIPlugin
2024-03-08 10:18:03,470 [INFO] IPUIPlugin:80 - create IPUIPlugin
2024-03-08 10:18:03,470 [INFO] IPUIPlugin:80 - create IPUIPlugin
2024-03-08 10:18:03,470 [INFO] IPUIPlugin:80 - create IPUIPlugin
2024-03-08 10:18:03,470 [INFO] IPUIPlugin:80 - create IPUIPlugin
2024-03-08 10:18:03,471 [INFO] IPUIPlugin:80 - create IPUIPlugin
2024-03-08 10:18:03,471 [INFO] IPUIPlugin:80 - create IPUIPlugin
2024-03-08 10:18:03,471 [INFO] IPUIPlugin:80 - create IPUIPlugin
2024-03-08 10:18:03,471 [INFO] IPUIPlugin:80 - create IPUIPlugin
2024-03-08 10:18:03,471 [INFO] IPUIPlugin:80 - create IPUIPlugin
2024-03-08 10:18:03,472 [INFO] IPUIPlugin:80 - create IPUIPlugin
2024-03-08 10:18:03,472 [INFO] IPUIPlugin:80 - create IPUIPlugin
2024-03-08 10:18:03,472 [INFO] IPUIPlugin:80 - create IPUIPlugin
2024-03-08 10:18:03,473 [INFO] IPUIPlugin:80 - create IPUIPlugin
2024-03-08 10:18:03,473 [INFO] IPUIPlugin:80 - create IPUIPlugin
2024-03-08 10:18:03,473 [INFO] IPUIPlugin:80 - create IPUIPlugin
2024-03-08 10:18:03,474 [INFO] IPUIPlugin:80 - create IPUIPlugin
2024-03-08 10:18:03,474 [INFO] IPUIPlugin:80 - create IPUIPlugin
2024-03-08 10:18:03,475 [INFO] IPUIPlugin:80 - create IPUIPlugin
2024-03-08 10:18:03,475 [INFO] IPUIPlugin:80 - create IPUIPlugin
2024-03-08 10:18:03,476 [INFO] IPUIPlugin:80 - create IPUIPlugin
2024-03-08 10:18:03,476 [INFO] IPUIPlugin:80 - create IPUIPlugin
2024-03-08 10:18:03,477 [INFO] IPUIPlugin:80 - create IPUIPlugin
2024-03-08 10:18:03,477 [INFO] IPUIPlugin:80 - create IPUIPlugin
2024-03-08 10:18:03,478 [INFO] IPUIPlugin:80 - create IPUIPlugin
2024-03-08 10:18:03,478 [INFO] IPUIPlugin:80 - create IPUIPlugin
2024-03-08 10:18:03,479 [INFO] IPUIPlugin:80 - create IPUIPlugin
2024-03-08 10:18:03,479 [INFO] IPUIPlugin:80 - create IPUIPlugin
2024-03-08 10:18:03,480 [INFO] IPUIPlugin:80 - create IPUIPlugin
2024-03-08 10:18:03,480 [INFO] IPUIPlugin:80 - create IPUIPlugin
2024-03-08 10:18:03,481 [INFO] IPUIPlugin:80 - create IPUIPlugin
2024-03-08 10:18:03,481 [INFO] IPUIPlugin:80 - create IPUIPlugin
2024-03-08 10:18:03,482 [INFO] IPUIPlugin:80 - create IPUIPlugin
2024-03-08 10:18:03,482 [INFO] IPUIPlugin:80 - create IPUIPlugin
2024-03-08 10:18:03,483 [INFO] IPUIPlugin:80 - create IPUIPlugin
2024-03-08 10:18:03,483 [INFO] IPUIPlugin:80 - create IPUIPlugin
2024-03-08 10:18:03,484 [INFO] IPUIPlugin:80 - create IPUIPlugin
2024-03-08 10:18:03,485 [INFO] IPUIPlugin:80 - create IPUIPlugin
2024-03-08 10:18:03,727 [INFO] ApiDbMcu:508 - Load IP Config File for PDM2PCM
2024-03-08 10:18:03,750 [WARN] IP:2119 - I2C_Coeff_DF not found: check if there is a RefParameter without a condition.
2024-03-08 10:18:03,750 [WARN] IP:2119 - Analog_Filter not found: check if there is a RefParameter without a condition.
2024-03-08 10:18:04,189 [INFO] CADModel:165 - CPN selected for project levelSTM32F401RET6
2024-03-08 10:18:04,189 [INFO] CADModel:114 - Register for checkConnection events
2024-03-08 10:18:04,252 [INFO] OpenFileManager:343 - Restore cursor
2024-03-08 10:18:04,514 [WARN] IP:2119 - I2C_Coeff_DF not found: check if there is a RefParameter without a condition.
2024-03-08 10:18:04,514 [WARN] IP:2119 - Analog_Filter not found: check if there is a RefParameter without a condition.
2024-03-08 10:18:04,515 [WARN] IP:2119 - I2C_Coeff_DF not found: check if there is a RefParameter without a condition.
2024-03-08 10:18:04,515 [WARN] IP:2119 - Analog_Filter not found: check if there is a RefParameter without a condition.
2024-03-08 23:01:43,146 [INFO] WebApp:354 - JxBrowser engine has been closed 
2024-03-08 23:26:48,064 [ERROR] LogOutputStream:75 - [STDERR_REDIRECT] 
